TN:
SF:src/App.tsx
FN:18,(anonymous_0)
FN:18,(anonymous_1)
FN:19,(anonymous_2)
FN:19,(anonymous_3)
FN:20,(anonymous_4)
FN:20,(anonymous_5)
FN:21,(anonymous_6)
FN:21,(anonymous_7)
FN:23,getCurrentTab
FN:27,getCurrentSection
FN:33,isCompactFilters
FN:37,isCompactTable
FN:41,App
FN:66,(anonymous_13)
FN:67,(anonymous_14)
FN:68,(anonymous_15)
FN:80,(anonymous_16)
FN:84,(anonymous_17)
FN:88,(anonymous_18)
FN:89,(anonymous_19)
FN:93,(anonymous_20)
FN:95,(anonymous_21)
FN:102,(anonymous_22)
FN:107,(anonymous_23)
FN:115,(anonymous_24)
FN:123,(anonymous_25)
FN:124,(anonymous_26)
FN:136,(anonymous_27)
FN:152,(anonymous_28)
FN:185,(anonymous_29)
FN:186,(anonymous_30)
FN:189,(anonymous_31)
FN:193,(anonymous_32)
FN:197,(anonymous_33)
FN:201,(anonymous_34)
FN:206,(anonymous_35)
FN:225,(anonymous_36)
FN:229,(anonymous_37)
FN:233,(anonymous_38)
FN:281,(anonymous_39)
FN:286,(anonymous_40)
FN:286,(anonymous_41)
FN:289,(anonymous_42)
FN:312,(anonymous_43)
FN:317,(anonymous_44)
FN:321,(anonymous_45)
FN:324,(anonymous_46)
FN:328,(anonymous_47)
FN:343,(anonymous_48)
FN:347,(anonymous_49)
FN:351,(anonymous_50)
FN:473,(anonymous_51)
FN:478,(anonymous_52)
FN:483,(anonymous_53)
FN:488,(anonymous_54)
FNF:55
FNH:0
FNDA:0,(anonymous_0)
FNDA:0,(anonymous_1)
FNDA:0,(anonymous_2)
FNDA:0,(anonymous_3)
FNDA:0,(anonymous_4)
FNDA:0,(anonymous_5)
FNDA:0,(anonymous_6)
FNDA:0,(anonymous_7)
FNDA:0,getCurrentTab
FNDA:0,getCurrentSection
FNDA:0,isCompactFilters
FNDA:0,isCompactTable
FNDA:0,App
FNDA:0,(anonymous_13)
FNDA:0,(anonymous_14)
FNDA:0,(anonymous_15)
FNDA:0,(anonymous_16)
FNDA:0,(anonymous_17)
FNDA:0,(anonymous_18)
FNDA:0,(anonymous_19)
FNDA:0,(anonymous_20)
FNDA:0,(anonymous_21)
FNDA:0,(anonymous_22)
FNDA:0,(anonymous_23)
FNDA:0,(anonymous_24)
FNDA:0,(anonymous_25)
FNDA:0,(anonymous_26)
FNDA:0,(anonymous_27)
FNDA:0,(anonymous_28)
FNDA:0,(anonymous_29)
FNDA:0,(anonymous_30)
FNDA:0,(anonymous_31)
FNDA:0,(anonymous_32)
FNDA:0,(anonymous_33)
FNDA:0,(anonymous_34)
FNDA:0,(anonymous_35)
FNDA:0,(anonymous_36)
FNDA:0,(anonymous_37)
FNDA:0,(anonymous_38)
FNDA:0,(anonymous_39)
FNDA:0,(anonymous_40)
FNDA:0,(anonymous_41)
FNDA:0,(anonymous_42)
FNDA:0,(anonymous_43)
FNDA:0,(anonymous_44)
FNDA:0,(anonymous_45)
FNDA:0,(anonymous_46)
FNDA:0,(anonymous_47)
FNDA:0,(anonymous_48)
FNDA:0,(anonymous_49)
FNDA:0,(anonymous_50)
FNDA:0,(anonymous_51)
FNDA:0,(anonymous_52)
FNDA:0,(anonymous_53)
FNDA:0,(anonymous_54)
DA:18,0
DA:19,0
DA:20,0
DA:21,0
DA:24,0
DA:28,0
DA:29,0
DA:30,0
DA:34,0
DA:38,0
DA:42,0
DA:43,0
DA:44,0
DA:45,0
DA:47,0
DA:63,0
DA:65,0
DA:66,0
DA:67,0
DA:68,0
DA:74,0
DA:75,0
DA:76,0
DA:78,0
DA:80,0
DA:81,0
DA:84,0
DA:85,0
DA:88,0
DA:89,0
DA:90,0
DA:91,0
DA:93,0
DA:94,0
DA:95,0
DA:98,0
DA:99,0
DA:102,0
DA:103,0
DA:104,0
DA:107,0
DA:108,0
DA:109,0
DA:113,0
DA:114,0
DA:115,0
DA:116,0
DA:117,0
DA:118,0
DA:123,0
DA:124,0
DA:125,0
DA:133,0
DA:136,0
DA:137,0
DA:143,0
DA:144,0
DA:145,0
DA:146,0
DA:147,0
DA:148,0
DA:149,0
DA:152,0
DA:153,0
DA:154,0
DA:155,0
DA:156,0
DA:164,0
DA:165,0
DA:167,0
DA:169,0
DA:170,0
DA:171,0
DA:172,0
DA:173,0
DA:175,0
DA:176,0
DA:179,0
DA:181,0
DA:185,0
DA:186,0
DA:189,0
DA:190,0
DA:193,0
DA:194,0
DA:197,0
DA:198,0
DA:201,0
DA:202,0
DA:203,0
DA:206,0
DA:207,0
DA:208,0
DA:209,0
DA:212,0
DA:213,0
DA:214,0
DA:217,0
DA:218,0
DA:219,0
DA:222,0
DA:225,0
DA:226,0
DA:229,0
DA:230,0
DA:233,0
DA:234,0
DA:235,0
DA:236,0
DA:239,0
DA:240,0
DA:241,0
DA:244,0
DA:250,0
DA:251,0
DA:261,0
DA:262,0
DA:264,0
DA:271,0
DA:281,0
DA:283,0
DA:286,0
DA:289,0
DA:290,0
DA:291,0
DA:293,0
DA:295,0
DA:296,0
DA:299,0
DA:300,0
DA:301,0
DA:303,0
DA:304,0
DA:307,0
DA:313,0
DA:317,0
DA:318,0
DA:321,0
DA:322,0
DA:324,0
DA:328,0
DA:329,0
DA:330,0
DA:331,0
DA:332,0
DA:335,0
DA:336,0
DA:337,0
DA:339,0
DA:343,0
DA:344,0
DA:347,0
DA:348,0
DA:351,0
DA:352,0
DA:353,0
DA:354,0
DA:356,0
DA:361,0
DA:363,0
DA:474,0
DA:479,0
DA:484,0
DA:489,0
LF:164
LH:0
BRDA:24,0,0,0
BRDA:24,0,1,0
BRDA:28,1,0,0
BRDA:28,1,1,0
BRDA:29,2,0,0
BRDA:29,2,1,0
BRDA:93,3,0,0
BRDA:93,3,1,0
BRDA:94,4,0,0
BRDA:94,4,1,0
BRDA:95,5,0,0
BRDA:95,5,1,0
BRDA:103,6,0,0
BRDA:103,6,1,0
BRDA:117,7,0,0
BRDA:117,7,1,0
BRDA:126,8,0,0
BRDA:126,8,1,0
BRDA:127,9,0,0
BRDA:127,9,1,0
BRDA:128,10,0,0
BRDA:128,10,1,0
BRDA:129,11,0,0
BRDA:129,11,1,0
BRDA:130,12,0,0
BRDA:130,12,1,0
BRDA:131,13,0,0
BRDA:131,13,1,0
BRDA:132,14,0,0
BRDA:132,14,1,0
BRDA:152,15,0,0
BRDA:157,16,0,0
BRDA:157,16,1,0
BRDA:158,17,0,0
BRDA:158,17,1,0
BRDA:159,18,0,0
BRDA:159,18,1,0
BRDA:160,19,0,0
BRDA:160,19,1,0
BRDA:161,20,0,0
BRDA:161,20,1,0
BRDA:169,21,0,0
BRDA:169,21,1,0
BRDA:171,22,0,0
BRDA:171,22,1,0
BRDA:208,23,0,0
BRDA:208,23,1,0
BRDA:212,24,0,0
BRDA:212,24,1,0
BRDA:217,25,0,0
BRDA:217,25,1,0
BRDA:235,26,0,0
BRDA:235,26,1,0
BRDA:240,27,0,0
BRDA:240,27,1,0
BRDA:240,28,0,0
BRDA:240,28,1,0
BRDA:247,29,0,0
BRDA:247,29,1,0
BRDA:253,30,0,0
BRDA:253,30,1,0
BRDA:267,31,0,0
BRDA:267,31,1,0
BRDA:267,31,2,0
BRDA:274,32,0,0
BRDA:274,32,1,0
BRDA:275,33,0,0
BRDA:275,33,1,0
BRDA:276,34,0,0
BRDA:276,34,1,0
BRDA:276,34,2,0
BRDA:277,35,0,0
BRDA:277,35,1,0
BRDA:283,36,0,0
BRDA:283,36,1,0
BRDA:291,37,0,0
BRDA:291,37,1,0
BRDA:295,38,0,0
BRDA:295,38,1,0
BRDA:295,39,0,0
BRDA:295,39,1,0
BRDA:299,40,0,0
BRDA:299,40,1,0
BRDA:300,41,0,0
BRDA:300,41,1,0
BRDA:301,42,0,0
BRDA:301,42,1,0
BRDA:303,43,0,0
BRDA:303,43,1,0
BRDA:303,44,0,0
BRDA:303,44,1,0
BRDA:303,44,2,0
BRDA:329,45,0,0
BRDA:329,45,1,0
BRDA:329,45,2,0
BRDA:329,45,3,0
BRDA:330,46,0,0
BRDA:330,46,1,0
BRDA:353,47,0,0
BRDA:353,47,1,0
BRDA:361,48,0,0
BRDA:361,48,1,0
BRDA:368,49,0,0
BRDA:368,49,1,0
BRDA:370,50,0,0
BRDA:370,50,1,0
BRDA:375,51,0,0
BRDA:375,51,1,0
BRDA:379,52,0,0
BRDA:379,52,1,0
BRDA:381,53,0,0
BRDA:381,53,1,0
BRDA:386,54,0,0
BRDA:386,54,1,0
BRDA:411,55,0,0
BRDA:411,55,1,0
BRDA:420,56,0,0
BRDA:420,56,1,0
BRDA:420,56,2,0
BRDA:442,57,0,0
BRDA:442,57,1,0
BRDA:466,58,0,0
BRDA:466,58,1,0
BRF:123
BRH:0
end_of_record
TN:
SF:src/vite-env.d.ts
FNF:0
FNH:0
LF:0
LH:0
BRF:0
BRH:0
end_of_record
TN:
SF:src/core/constants/icons.ts
FNF:0
FNH:0
DA:41,0
DA:48,0
LF:2
LH:0
BRF:0
BRH:0
end_of_record
TN:
SF:src/core/constants/labels.ts
FN:69,(anonymous_0)
FN:171,(anonymous_1)
FN:172,(anonymous_2)
FN:220,(anonymous_3)
FN:248,(anonymous_4)
FNF:5
FNH:0
FNDA:0,(anonymous_0)
FNDA:0,(anonymous_1)
FNDA:0,(anonymous_2)
FNDA:0,(anonymous_3)
FNDA:0,(anonymous_4)
DA:11,0
DA:13,0
DA:20,0
DA:27,0
DA:34,0
DA:41,0
DA:54,0
DA:61,0
DA:68,0
DA:69,0
DA:72,0
DA:80,0
DA:97,0
DA:166,0
DA:171,0
DA:172,0
DA:220,0
DA:248,0
LF:18
LH:0
BRF:0
BRH:0
end_of_record
TN:
SF:src/core/constants/storageKeys.ts
FNF:0
FNH:0
DA:1,0
DA:3,0
DA:13,0
DA:14,0
LF:4
LH:0
BRF:0
BRH:0
end_of_record
TN:
SF:src/core/constants/uiConfig.ts
FN:10,(anonymous_0)
FN:11,(anonymous_1)
FN:12,(anonymous_2)
FN:13,(anonymous_3)
FN:14,(anonymous_4)
FN:15,(anonymous_5)
FN:16,(anonymous_6)
FNF:7
FNH:0
FNDA:0,(anonymous_0)
FNDA:0,(anonymous_1)
FNDA:0,(anonymous_2)
FNDA:0,(anonymous_3)
FNDA:0,(anonymous_4)
FNDA:0,(anonymous_5)
FNDA:0,(anonymous_6)
DA:1,0
DA:6,0
DA:7,0
DA:9,0
DA:10,0
DA:11,0
DA:12,0
DA:13,0
DA:14,0
DA:15,0
DA:16,0
LF:11
LH:0
BRDA:10,0,0,0
BRDA:10,0,1,0
BRDA:11,1,0,0
BRDA:11,1,1,0
BRDA:12,2,0,0
BRDA:12,2,1,0
BRDA:13,3,0,0
BRDA:13,3,1,0
BRDA:14,4,0,0
BRDA:14,4,1,0
BRDA:15,5,0,0
BRDA:15,5,1,0
BRF:12
BRH:0
end_of_record
TN:
SF:src/core/security/crypto.ts
FN:26,deriveKey
FN:52,getSessionSeed
FN:70,encrypt
FN:104,decrypt
FN:114,(anonymous_4)
FN:116,(anonymous_5)
FN:136,isCryptoAvailable
FNF:7
FNH:0
FNDA:0,deriveKey
FNDA:0,getSessionSeed
FNDA:0,encrypt
FNDA:0,decrypt
FNDA:0,(anonymous_4)
FNDA:0,(anonymous_5)
FNDA:0,isCryptoAvailable
DA:8,0
DA:9,0
DA:10,0
DA:11,0
DA:27,0
DA:28,0
DA:30,0
DA:38,0
DA:55,0
DA:56,0
DA:57,0
DA:60,0
DA:71,0
DA:72,0
DA:73,0
DA:74,0
DA:75,0
DA:77,0
DA:84,0
DA:85,0
DA:87,0
DA:93,0
DA:94,0
DA:105,0
DA:107,0
DA:108,0
DA:111,0
DA:114,0
DA:115,0
DA:116,0
DA:119,0
DA:125,0
DA:127,0
DA:128,0
DA:137,0
LF:35
LH:0
BRDA:107,0,0,0
BRDA:107,0,1,0
BRDA:137,1,0,0
BRDA:137,1,1,0
BRF:4
BRH:0
end_of_record
TN:
SF:src/core/security/sanitize.ts
FN:3,safeTrim
FN:7,normalizeTag
FN:11,isValidYear
FN:15,isValidGithubToken
FN:19,isValidGistId
FN:23,toSafeNumber
FNF:6
FNH:5
FNDA:3,safeTrim
FNDA:1,normalizeTag
FNDA:2,isValidYear
FNDA:2,isValidGithubToken
FNDA:2,isValidGistId
FNDA:0,toSafeNumber
DA:1,1
DA:4,3
DA:8,1
DA:12,2
DA:16,2
DA:20,2
DA:24,0
DA:25,0
LF:8
LH:6
BRDA:3,0,0,3
BRDA:4,1,0,3
BRDA:4,1,1,0
BRDA:25,2,0,0
BRDA:25,2,1,0
BRF:5
BRH:2
end_of_record
TN:
SF:src/core/utils/compare.ts
FN:1,sortEs
FN:5,uniqueCaseInsensitive
FNF:2
FNH:0
FNDA:0,sortEs
FNDA:0,uniqueCaseInsensitive
DA:2,0
DA:6,0
DA:7,0
DA:9,0
DA:10,0
DA:11,0
DA:12,0
DA:13,0
DA:17,0
LF:9
LH:0
BRDA:11,0,0,0
BRDA:11,0,1,0
BRF:2
BRH:0
end_of_record
TN:
SF:src/core/utils/renderStars.ts
FN:7,renderStars
FNF:1
FNH:0
FNDA:0,renderStars
DA:8,0
DA:9,0
LF:2
LH:0
BRDA:8,0,0,0
BRDA:8,0,1,0
BRF:2
BRH:0
end_of_record
TN:
SF:src/model/repository/firebaseRepository.ts
FN:54,isPermissionDeniedError
FN:112,parseEnvBoolean
FN:121,isAnalyticsEnabledInCurrentEnv
FN:130,getFirebaseWebConfig
FN:153,isFirebaseConfigReady
FN:165,getFirebaseApp
FN:183,getAnalyticsModule
FN:191,(anonymous_7)
FN:206,buildFirebaseServices
FN:215,(anonymous_9)
FN:247,initializeFirebaseServices
FN:264,reportHandledError
FN:288,trackAnalyticsEvent
FN:305,toSocialAuthUser
FN:314,isCloudflarePreviewHost
FN:324,getFirebaseErrorCode
FN:333,readProfileByEmailCache
FN:347,saveProfileByEmailCache
FN:354,saveSocialDirectoryCache
FN:361,readSocialDirectoryCache
FN:375,invalidateSocialDirectoryCache
FN:379,readReceivedRecommendationsCache
FN:393,saveReceivedRecommendationsCache
FN:400,invalidateReceivedRecommendationsCache
FN:409,getAuthRuntimeContext
FN:421,getCurrentSocialAuthUser
FN:433,signInWithGoogle
FN:471,signOutSocialUser
FN:484,upsertProfileSocialReferences
FN:536,findSocialProfileByEmail
FN:557,(anonymous_30)
FN:614,ensureProfileByEmail
FN:702,listSocialDirectory
FN:720,(anonymous_33)
FN:739,(anonymous_34)
FN:755,(anonymous_35)
FN:756,(anonymous_36)
FN:780,sendGameRecommendation
FN:828,getReceivedRecommendations
FN:849,(anonymous_39)
FN:869,(anonymous_40)
FN:897,(anonymous_41)
FN:914,updateRecommendationStatus
FNF:43
FNH:0
FNDA:0,isPermissionDeniedError
FNDA:0,parseEnvBoolean
FNDA:0,isAnalyticsEnabledInCurrentEnv
FNDA:0,getFirebaseWebConfig
FNDA:0,isFirebaseConfigReady
FNDA:0,getFirebaseApp
FNDA:0,getAnalyticsModule
FNDA:0,(anonymous_7)
FNDA:0,buildFirebaseServices
FNDA:0,(anonymous_9)
FNDA:0,initializeFirebaseServices
FNDA:0,reportHandledError
FNDA:0,trackAnalyticsEvent
FNDA:0,toSocialAuthUser
FNDA:0,isCloudflarePreviewHost
FNDA:0,getFirebaseErrorCode
FNDA:0,readProfileByEmailCache
FNDA:0,saveProfileByEmailCache
FNDA:0,saveSocialDirectoryCache
FNDA:0,readSocialDirectoryCache
FNDA:0,invalidateSocialDirectoryCache
FNDA:0,readReceivedRecommendationsCache
FNDA:0,saveReceivedRecommendationsCache
FNDA:0,invalidateReceivedRecommendationsCache
FNDA:0,getAuthRuntimeContext
FNDA:0,getCurrentSocialAuthUser
FNDA:0,signInWithGoogle
FNDA:0,signOutSocialUser
FNDA:0,upsertProfileSocialReferences
FNDA:0,findSocialProfileByEmail
FNDA:0,(anonymous_30)
FNDA:0,ensureProfileByEmail
FNDA:0,listSocialDirectory
FNDA:0,(anonymous_33)
FNDA:0,(anonymous_34)
FNDA:0,(anonymous_35)
FNDA:0,(anonymous_36)
FNDA:0,sendGameRecommendation
FNDA:0,getReceivedRecommendations
FNDA:0,(anonymous_39)
FNDA:0,(anonymous_40)
FNDA:0,(anonymous_41)
FNDA:0,updateRecommendationStatus
DA:55,0
DA:56,0
DA:59,0
DA:60,0
DA:61,0
DA:63,0
DA:70,0
DA:72,0
DA:73,0
DA:74,0
DA:81,0
DA:82,0
DA:83,0
DA:84,0
DA:85,0
DA:86,0
DA:88,0
DA:89,0
DA:102,0
DA:113,0
DA:114,0
DA:117,0
DA:118,0
DA:123,0
DA:124,0
DA:127,0
DA:131,0
DA:141,0
DA:150,0
DA:154,0
DA:155,0
DA:166,0
DA:167,0
DA:170,0
DA:172,0
DA:184,0
DA:185,0
DA:188,0
DA:189,0
DA:191,0
DA:192,0
DA:193,0
DA:197,0
DA:207,0
DA:208,0
DA:211,0
DA:212,0
DA:213,0
DA:215,0
DA:219,0
DA:220,0
DA:221,0
DA:223,0
DA:224,0
DA:225,0
DA:226,0
DA:227,0
DA:230,0
DA:231,0
DA:232,0
DA:239,0
DA:248,0
DA:249,0
DA:252,0
DA:265,0
DA:266,0
DA:267,0
DA:270,0
DA:271,0
DA:272,0
DA:275,0
DA:276,0
DA:292,0
DA:293,0
DA:294,0
DA:297,0
DA:298,0
DA:299,0
DA:302,0
DA:306,0
DA:315,0
DA:316,0
DA:319,0
DA:320,0
DA:321,0
DA:325,0
DA:326,0
DA:329,0
DA:330,0
DA:334,0
DA:335,0
DA:336,0
DA:339,0
DA:340,0
DA:341,0
DA:344,0
DA:348,0
DA:355,0
DA:362,0
DA:363,0
DA:364,0
DA:367,0
DA:368,0
DA:369,0
DA:372,0
DA:376,0
DA:380,0
DA:381,0
DA:382,0
DA:385,0
DA:386,0
DA:387,0
DA:390,0
DA:394,0
DA:401,0
DA:402,0
DA:403,0
DA:406,0
DA:410,0
DA:411,0
DA:422,0
DA:423,0
DA:424,0
DA:427,0
DA:434,0
DA:435,0
DA:438,0
DA:439,0
DA:440,0
DA:443,0
DA:444,0
DA:445,0
DA:446,0
DA:447,0
DA:449,0
DA:450,0
DA:451,0
DA:452,0
DA:457,0
DA:458,0
DA:459,0
DA:464,0
DA:472,0
DA:473,0
DA:474,0
DA:477,0
DA:492,0
DA:493,0
DA:494,0
DA:497,0
DA:499,0
DA:518,0
DA:519,0
DA:520,0
DA:537,0
DA:538,0
DA:539,0
DA:542,0
DA:543,0
DA:544,0
DA:547,0
DA:548,0
DA:549,0
DA:552,0
DA:553,0
DA:554,0
DA:557,0
DA:558,0
DA:565,0
DA:566,0
DA:569,0
DA:570,0
DA:571,0
DA:574,0
DA:577,0
DA:578,0
DA:579,0
DA:582,0
DA:583,0
DA:589,0
DA:599,0
DA:600,0
DA:603,0
DA:604,0
DA:605,0
DA:607,0
DA:622,0
DA:623,0
DA:624,0
DA:627,0
DA:628,0
DA:629,0
DA:632,0
DA:633,0
DA:634,0
DA:636,0
DA:637,0
DA:641,0
DA:642,0
DA:643,0
DA:644,0
DA:646,0
DA:655,0
DA:656,0
DA:676,0
DA:685,0
DA:687,0
DA:703,0
DA:704,0
DA:705,0
DA:708,0
DA:709,0
DA:710,0
DA:711,0
DA:712,0
DA:715,0
DA:716,0
DA:717,0
DA:720,0
DA:721,0
DA:729,0
DA:730,0
DA:732,0
DA:733,0
DA:735,0
DA:738,0
DA:740,0
DA:746,0
DA:755,0
DA:756,0
DA:764,0
DA:765,0
DA:768,0
DA:769,0
DA:770,0
DA:772,0
DA:789,0
DA:790,0
DA:791,0
DA:794,0
DA:795,0
DA:796,0
DA:799,0
DA:800,0
DA:803,0
DA:804,0
DA:806,0
DA:819,0
DA:821,0
DA:829,0
DA:830,0
DA:831,0
DA:834,0
DA:835,0
DA:836,0
DA:839,0
DA:840,0
DA:841,0
DA:844,0
DA:845,0
DA:846,0
DA:849,0
DA:850,0
DA:857,0
DA:858,0
DA:860,0
DA:861,0
DA:862,0
DA:865,0
DA:868,0
DA:870,0
DA:883,0
DA:897,0
DA:899,0
DA:900,0
DA:903,0
DA:904,0
DA:905,0
DA:907,0
DA:918,0
DA:919,0
DA:920,0
DA:923,0
DA:932,0
LF:284
LH:0
BRDA:55,0,0,0
BRDA:55,0,1,0
BRDA:55,1,0,0
BRDA:55,1,1,0
BRDA:60,2,0,0
BRDA:60,2,1,0
BRDA:61,3,0,0
BRDA:61,3,1,0
BRDA:64,4,0,0
BRDA:64,4,1,0
BRDA:64,4,2,0
BRDA:113,5,0,0
BRDA:113,5,1,0
BRDA:118,6,0,0
BRDA:118,6,1,0
BRDA:118,6,2,0
BRDA:118,6,3,0
BRDA:123,7,0,0
BRDA:123,7,1,0
BRDA:132,8,0,0
BRDA:132,8,1,0
BRDA:133,9,0,0
BRDA:133,9,1,0
BRDA:134,10,0,0
BRDA:134,10,1,0
BRDA:135,11,0,0
BRDA:135,11,1,0
BRDA:136,12,0,0
BRDA:136,12,1,0
BRDA:137,13,0,0
BRDA:137,13,1,0
BRDA:138,14,0,0
BRDA:138,14,1,0
BRDA:142,15,0,0
BRDA:142,15,1,0
BRDA:142,15,2,0
BRDA:142,15,3,0
BRDA:142,15,4,0
BRDA:142,15,5,0
BRDA:150,16,0,0
BRDA:150,16,1,0
BRDA:156,17,0,0
BRDA:156,17,1,0
BRDA:156,17,2,0
BRDA:156,17,3,0
BRDA:156,17,4,0
BRDA:156,17,5,0
BRDA:166,18,0,0
BRDA:166,18,1,0
BRDA:184,19,0,0
BRDA:184,19,1,0
BRDA:188,20,0,0
BRDA:188,20,1,0
BRDA:207,21,0,0
BRDA:207,21,1,0
BRDA:223,22,0,0
BRDA:223,22,1,0
BRDA:223,23,0,0
BRDA:223,23,1,0
BRDA:223,23,2,0
BRDA:226,24,0,0
BRDA:226,24,1,0
BRDA:231,25,0,0
BRDA:231,25,1,0
BRDA:248,26,0,0
BRDA:248,26,1,0
BRDA:264,27,0,0
BRDA:266,28,0,0
BRDA:266,28,1,0
BRDA:271,29,0,0
BRDA:271,29,1,0
BRDA:275,30,0,0
BRDA:275,30,1,0
BRDA:290,31,0,0
BRDA:293,32,0,0
BRDA:293,32,1,0
BRDA:298,33,0,0
BRDA:298,33,1,0
BRDA:308,34,0,0
BRDA:308,34,1,0
BRDA:309,35,0,0
BRDA:309,35,1,0
BRDA:310,36,0,0
BRDA:310,36,1,0
BRDA:315,37,0,0
BRDA:315,37,1,0
BRDA:321,38,0,0
BRDA:321,38,1,0
BRDA:325,39,0,0
BRDA:325,39,1,0
BRDA:325,40,0,0
BRDA:325,40,1,0
BRDA:330,41,0,0
BRDA:330,41,1,0
BRDA:335,42,0,0
BRDA:335,42,1,0
BRDA:339,43,0,0
BRDA:339,43,1,0
BRDA:363,44,0,0
BRDA:363,44,1,0
BRDA:367,45,0,0
BRDA:367,45,1,0
BRDA:381,46,0,0
BRDA:381,46,1,0
BRDA:385,47,0,0
BRDA:385,47,1,0
BRDA:401,48,0,0
BRDA:401,48,1,0
BRDA:412,49,0,0
BRDA:412,49,1,0
BRDA:423,50,0,0
BRDA:423,50,1,0
BRDA:434,51,0,0
BRDA:434,51,1,0
BRDA:439,52,0,0
BRDA:439,52,1,0
BRDA:450,53,0,0
BRDA:450,53,1,0
BRDA:457,54,0,0
BRDA:457,54,1,0
BRDA:473,55,0,0
BRDA:473,55,1,0
BRDA:493,56,0,0
BRDA:493,56,1,0
BRDA:497,57,0,0
BRDA:497,57,1,0
BRDA:497,57,2,0
BRDA:497,57,3,0
BRDA:508,58,0,0
BRDA:508,58,1,0
BRDA:509,59,0,0
BRDA:509,59,1,0
BRDA:519,60,0,0
BRDA:519,60,1,0
BRDA:525,61,0,0
BRDA:525,61,1,0
BRDA:526,62,0,0
BRDA:526,62,1,0
BRDA:538,63,0,0
BRDA:538,63,1,0
BRDA:543,64,0,0
BRDA:543,64,1,0
BRDA:548,65,0,0
BRDA:548,65,1,0
BRDA:553,66,0,0
BRDA:553,66,1,0
BRDA:569,67,0,0
BRDA:569,67,1,0
BRDA:577,68,0,0
BRDA:577,68,1,0
BRDA:591,69,0,0
BRDA:591,69,1,0
BRDA:592,70,0,0
BRDA:592,70,1,0
BRDA:593,71,0,0
BRDA:593,71,1,0
BRDA:594,72,0,0
BRDA:594,72,1,0
BRDA:595,73,0,0
BRDA:595,73,1,0
BRDA:623,74,0,0
BRDA:623,74,1,0
BRDA:628,75,0,0
BRDA:628,75,1,0
BRDA:636,76,0,0
BRDA:636,76,1,0
BRDA:641,77,0,0
BRDA:641,77,1,0
BRDA:641,77,2,0
BRDA:642,78,0,0
BRDA:642,78,1,0
BRDA:643,79,0,0
BRDA:643,79,1,0
BRDA:644,80,0,0
BRDA:644,80,1,0
BRDA:646,81,0,0
BRDA:646,81,1,0
BRDA:646,81,2,0
BRDA:646,81,3,0
BRDA:646,81,4,0
BRDA:646,81,5,0
BRDA:646,81,6,0
BRDA:646,81,7,0
BRDA:655,82,0,0
BRDA:655,82,1,0
BRDA:702,83,0,0
BRDA:704,84,0,0
BRDA:704,84,1,0
BRDA:711,85,0,0
BRDA:711,85,1,0
BRDA:711,86,0,0
BRDA:711,86,1,0
BRDA:715,87,0,0
BRDA:715,87,1,0
BRDA:716,88,0,0
BRDA:716,88,1,0
BRDA:732,89,0,0
BRDA:732,89,1,0
BRDA:748,90,0,0
BRDA:748,90,1,0
BRDA:749,91,0,0
BRDA:749,91,1,0
BRDA:750,92,0,0
BRDA:750,92,1,0
BRDA:751,93,0,0
BRDA:751,93,1,0
BRDA:755,94,0,0
BRDA:755,94,1,0
BRDA:790,95,0,0
BRDA:790,95,1,0
BRDA:795,96,0,0
BRDA:795,96,1,0
BRDA:799,97,0,0
BRDA:799,97,1,0
BRDA:809,98,0,0
BRDA:809,98,1,0
BRDA:812,99,0,0
BRDA:812,99,1,0
BRDA:813,100,0,0
BRDA:813,100,1,0
BRDA:830,101,0,0
BRDA:830,101,1,0
BRDA:835,102,0,0
BRDA:835,102,1,0
BRDA:840,103,0,0
BRDA:840,103,1,0
BRDA:845,104,0,0
BRDA:845,104,1,0
BRDA:860,105,0,0
BRDA:860,105,1,0
BRDA:885,106,0,0
BRDA:885,106,1,0
BRDA:886,107,0,0
BRDA:886,107,1,0
BRDA:887,108,0,0
BRDA:887,108,1,0
BRDA:888,109,0,0
BRDA:888,109,1,0
BRDA:889,110,0,0
BRDA:889,110,1,0
BRDA:890,111,0,0
BRDA:890,111,1,0
BRDA:891,112,0,0
BRDA:891,112,1,0
BRDA:892,113,0,0
BRDA:892,113,1,0
BRDA:892,114,0,0
BRDA:892,114,1,0
BRDA:892,114,2,0
BRDA:893,115,0,0
BRDA:893,115,1,0
BRDA:894,116,0,0
BRDA:894,116,1,0
BRDA:919,117,0,0
BRDA:919,117,1,0
BRF:255
BRH:0
end_of_record
TN:
SF:src/model/repository/gistRepository.ts
FN:114,getGithubAuthHeader
FN:119,shortTokenDiscriminant
FN:128,buildSessionCacheKey
FN:132,readSessionCachedValue
FN:160,writeSessionCachedValue
FN:172,readSocialGistCache
FN:189,saveSocialGistCache
FN:200,readPublicSocialGistCache
FN:218,savePublicSocialGistCache
FN:230,readPublicGamesGistCache
FN:248,savePublicGamesGistCache
FN:260,buildGithubError
FN:267,(anonymous_12)
FN:283,getEmptySocialGistData
FN:304,normalizeTabId
FN:313,normalizeSocialVisibility
FN:317,(anonymous_16)
FN:318,(anonymous_17)
FN:329,normalizeSocialSharedGame
FN:337,(anonymous_19)
FN:343,(anonymous_20)
FN:367,normalizeSocialSharedLists
FN:371,(anonymous_22)
FN:378,(anonymous_23)
FN:379,(anonymous_24)
FN:388,clampRating
FN:397,normalizeTimestamp
FN:402,normalizeActivityType
FN:415,buildActivityKey
FN:419,normalizeRecommendationItems
FN:425,(anonymous_30)
FN:447,(anonymous_31)
FN:448,(anonymous_32)
FN:452,normalizeActivityItems
FN:458,(anonymous_34)
FN:488,(anonymous_35)
FN:489,(anonymous_36)
FN:493,mergeLegacyActivity
FN:499,(anonymous_38)
FN:503,(anonymous_39)
FN:526,(anonymous_40)
FN:530,upsertActivityEntry
FN:536,(anonymous_42)
FN:549,(anonymous_43)
FN:551,(anonymous_44)
FN:555,upsertReviewActivity
FN:582,normalizeSocialGistData
FN:586,(anonymous_47)
FN:592,(anonymous_48)
FN:599,(anonymous_49)
FN:621,getSyncConfig
FN:630,saveSyncConfig
FN:634,clearSyncConfig
FN:638,getSocialSyncConfig
FN:647,saveSocialSyncConfig
FN:651,whoAmI
FN:670,createGist
FN:701,createSocialGist
FN:705,createSocialGistWithData
FN:737,isPublicSocialGistAccessible
FN:746,readSocialGist
FN:771,(anonymous_61)
FN:862,readPublicSocialGistById
FN:879,(anonymous_63)
FN:929,readPublicGamesGistById
FN:946,(anonymous_65)
FN:996,writeSocialGist
FN:1038,readGist
FN:1086,writeGist
FN:1132,updateGistPrivacy
FNF:70
FNH:0
FNDA:0,getGithubAuthHeader
FNDA:0,shortTokenDiscriminant
FNDA:0,buildSessionCacheKey
FNDA:0,readSessionCachedValue
FNDA:0,writeSessionCachedValue
FNDA:0,readSocialGistCache
FNDA:0,saveSocialGistCache
FNDA:0,readPublicSocialGistCache
FNDA:0,savePublicSocialGistCache
FNDA:0,readPublicGamesGistCache
FNDA:0,savePublicGamesGistCache
FNDA:0,buildGithubError
FNDA:0,(anonymous_12)
FNDA:0,getEmptySocialGistData
FNDA:0,normalizeTabId
FNDA:0,normalizeSocialVisibility
FNDA:0,(anonymous_16)
FNDA:0,(anonymous_17)
FNDA:0,normalizeSocialSharedGame
FNDA:0,(anonymous_19)
FNDA:0,(anonymous_20)
FNDA:0,normalizeSocialSharedLists
FNDA:0,(anonymous_22)
FNDA:0,(anonymous_23)
FNDA:0,(anonymous_24)
FNDA:0,clampRating
FNDA:0,normalizeTimestamp
FNDA:0,normalizeActivityType
FNDA:0,buildActivityKey
FNDA:0,normalizeRecommendationItems
FNDA:0,(anonymous_30)
FNDA:0,(anonymous_31)
FNDA:0,(anonymous_32)
FNDA:0,normalizeActivityItems
FNDA:0,(anonymous_34)
FNDA:0,(anonymous_35)
FNDA:0,(anonymous_36)
FNDA:0,mergeLegacyActivity
FNDA:0,(anonymous_38)
FNDA:0,(anonymous_39)
FNDA:0,(anonymous_40)
FNDA:0,upsertActivityEntry
FNDA:0,(anonymous_42)
FNDA:0,(anonymous_43)
FNDA:0,(anonymous_44)
FNDA:0,upsertReviewActivity
FNDA:0,normalizeSocialGistData
FNDA:0,(anonymous_47)
FNDA:0,(anonymous_48)
FNDA:0,(anonymous_49)
FNDA:0,getSyncConfig
FNDA:0,saveSyncConfig
FNDA:0,clearSyncConfig
FNDA:0,getSocialSyncConfig
FNDA:0,saveSocialSyncConfig
FNDA:0,whoAmI
FNDA:0,createGist
FNDA:0,createSocialGist
FNDA:0,createSocialGistWithData
FNDA:0,isPublicSocialGistAccessible
FNDA:0,readSocialGist
FNDA:0,(anonymous_61)
FNDA:0,readPublicSocialGistById
FNDA:0,(anonymous_63)
FNDA:0,readPublicGamesGistById
FNDA:0,(anonymous_65)
FNDA:0,writeSocialGist
FNDA:0,readGist
FNDA:0,writeGist
FNDA:0,updateGistPrivacy
DA:6,0
DA:7,0
DA:8,0
DA:9,0
DA:10,0
DA:11,0
DA:12,0
DA:13,0
DA:14,0
DA:22,0
DA:23,0
DA:24,0
DA:25,0
DA:26,0
DA:27,0
DA:116,0
DA:120,0
DA:121,0
DA:122,0
DA:124,0
DA:129,0
DA:133,0
DA:134,0
DA:137,0
DA:138,0
DA:139,0
DA:140,0
DA:143,0
DA:144,0
DA:145,0
DA:146,0
DA:149,0
DA:150,0
DA:151,0
DA:154,0
DA:156,0
DA:161,0
DA:162,0
DA:165,0
DA:166,0
DA:173,0
DA:174,0
DA:175,0
DA:178,0
DA:179,0
DA:180,0
DA:181,0
DA:182,0
DA:185,0
DA:186,0
DA:190,0
DA:196,0
DA:197,0
DA:201,0
DA:202,0
DA:203,0
DA:204,0
DA:207,0
DA:208,0
DA:209,0
DA:210,0
DA:211,0
DA:214,0
DA:215,0
DA:219,0
DA:220,0
DA:226,0
DA:227,0
DA:231,0
DA:232,0
DA:233,0
DA:234,0
DA:237,0
DA:238,0
DA:239,0
DA:240,0
DA:241,0
DA:244,0
DA:245,0
DA:249,0
DA:250,0
DA:256,0
DA:257,0
DA:261,0
DA:263,0
DA:264,0
DA:265,0
DA:266,0
DA:267,0
DA:270,0
DA:271,0
DA:273,0
DA:284,0
DA:305,0
DA:306,0
DA:307,0
DA:310,0
DA:314,0
DA:315,0
DA:317,0
DA:318,0
DA:321,0
DA:330,0
DA:331,0
DA:332,0
DA:333,0
DA:334,0
DA:337,0
DA:338,0
DA:339,0
DA:342,0
DA:343,0
DA:348,0
DA:350,0
DA:368,0
DA:369,0
DA:371,0
DA:372,0
DA:373,0
DA:374,0
DA:377,0
DA:378,0
DA:379,0
DA:382,0
DA:385,0
DA:389,0
DA:390,0
DA:391,0
DA:394,0
DA:398,0
DA:399,0
DA:403,0
DA:404,0
DA:405,0
DA:408,0
DA:409,0
DA:412,0
DA:416,0
DA:420,0
DA:421,0
DA:424,0
DA:426,0
DA:427,0
DA:428,0
DA:429,0
DA:430,0
DA:431,0
DA:433,0
DA:434,0
DA:437,0
DA:447,0
DA:448,0
DA:453,0
DA:454,0
DA:457,0
DA:459,0
DA:460,0
DA:461,0
DA:462,0
DA:463,0
DA:464,0
DA:465,0
DA:467,0
DA:468,0
DA:471,0
DA:473,0
DA:488,0
DA:489,0
DA:497,0
DA:499,0
DA:500,0
DA:503,0
DA:504,0
DA:505,0
DA:507,0
DA:522,0
DA:525,0
DA:526,0
DA:535,0
DA:536,0
DA:537,0
DA:539,0
DA:547,0
DA:549,0
DA:551,0
DA:556,0
DA:557,0
DA:558,0
DA:560,0
DA:561,0
DA:564,0
DA:575,0
DA:583,0
DA:584,0
DA:586,0
DA:587,0
DA:588,0
DA:591,0
DA:593,0
DA:594,0
DA:599,0
DA:602,0
DA:616,0
DA:618,0
DA:622,0
DA:623,0
DA:624,0
DA:626,0
DA:631,0
DA:635,0
DA:639,0
DA:640,0
DA:641,0
DA:643,0
DA:648,0
DA:652,0
DA:653,0
DA:656,0
DA:663,0
DA:664,0
DA:667,0
DA:671,0
DA:672,0
DA:675,0
DA:693,0
DA:694,0
DA:697,0
DA:698,0
DA:702,0
DA:706,0
DA:707,0
DA:710,0
DA:711,0
DA:729,0
DA:730,0
DA:733,0
DA:734,0
DA:738,0
DA:739,0
DA:740,0
DA:742,0
DA:747,0
DA:748,0
DA:751,0
DA:752,0
DA:755,0
DA:756,0
DA:757,0
DA:765,0
DA:766,0
DA:767,0
DA:768,0
DA:771,0
DA:772,0
DA:777,0
DA:778,0
DA:781,0
DA:783,0
DA:784,0
DA:785,0
DA:793,0
DA:797,0
DA:798,0
DA:799,0
DA:801,0
DA:802,0
DA:803,0
DA:804,0
DA:805,0
DA:806,0
DA:807,0
DA:810,0
DA:811,0
DA:812,0
DA:813,0
DA:815,0
DA:816,0
DA:817,0
DA:821,0
DA:822,0
DA:825,0
DA:826,0
DA:827,0
DA:828,0
DA:829,0
DA:830,0
DA:831,0
DA:837,0
DA:838,0
DA:839,0
DA:840,0
DA:845,0
DA:846,0
DA:847,0
DA:854,0
DA:855,0
DA:856,0
DA:858,0
DA:863,0
DA:864,0
DA:867,0
DA:868,0
DA:869,0
DA:872,0
DA:874,0
DA:875,0
DA:876,0
DA:879,0
DA:880,0
DA:884,0
DA:885,0
DA:888,0
DA:889,0
DA:892,0
DA:896,0
DA:897,0
DA:898,0
DA:901,0
DA:902,0
DA:905,0
DA:906,0
DA:907,0
DA:908,0
DA:909,0
DA:910,0
DA:911,0
DA:913,0
DA:917,0
DA:918,0
DA:921,0
DA:922,0
DA:923,0
DA:925,0
DA:930,0
DA:931,0
DA:934,0
DA:935,0
DA:936,0
DA:939,0
DA:941,0
DA:942,0
DA:943,0
DA:946,0
DA:947,0
DA:951,0
DA:952,0
DA:955,0
DA:956,0
DA:959,0
DA:963,0
DA:964,0
DA:965,0
DA:968,0
DA:969,0
DA:972,0
DA:973,0
DA:974,0
DA:975,0
DA:976,0
DA:977,0
DA:978,0
DA:980,0
DA:984,0
DA:985,0
DA:988,0
DA:989,0
DA:990,0
DA:992,0
DA:997,0
DA:998,0
DA:1001,0
DA:1002,0
DA:1005,0
DA:1010,0
DA:1026,0
DA:1027,0
DA:1030,0
DA:1031,0
DA:1033,0
DA:1039,0
DA:1040,0
DA:1043,0
DA:1044,0
DA:1047,0
DA:1052,0
DA:1053,0
DA:1056,0
DA:1058,0
DA:1059,0
DA:1062,0
DA:1063,0
DA:1066,0
DA:1067,0
DA:1069,0
DA:1070,0
DA:1074,0
DA:1075,0
DA:1077,0
DA:1080,0
DA:1087,0
DA:1088,0
DA:1091,0
DA:1092,0
DA:1095,0
DA:1111,0
DA:1112,0
DA:1115,0
DA:1116,0
DA:1133,0
DA:1134,0
DA:1137,0
DA:1138,0
DA:1141,0
DA:1142,0
DA:1144,0
DA:1145,0
DA:1148,0
DA:1149,0
LF:418
LH:0
BRDA:120,0,0,0
BRDA:120,0,1,0
BRDA:133,1,0,0
BRDA:133,1,1,0
BRDA:139,2,0,0
BRDA:139,2,1,0
BRDA:144,3,0,0
BRDA:144,3,1,0
BRDA:144,4,0,0
BRDA:144,4,1,0
BRDA:149,5,0,0
BRDA:149,5,1,0
BRDA:149,6,0,0
BRDA:149,6,1,0
BRDA:149,7,0,0
BRDA:149,7,1,0
BRDA:161,8,0,0
BRDA:161,8,1,0
BRDA:174,9,0,0
BRDA:174,9,1,0
BRDA:174,10,0,0
BRDA:174,10,1,0
BRDA:180,11,0,0
BRDA:180,11,1,0
BRDA:200,12,0,0
BRDA:203,13,0,0
BRDA:203,13,1,0
BRDA:203,14,0,0
BRDA:203,14,1,0
BRDA:203,14,2,0
BRDA:209,15,0,0
BRDA:209,15,1,0
BRDA:218,16,0,0
BRDA:218,17,0,0
BRDA:230,18,0,0
BRDA:233,19,0,0
BRDA:233,19,1,0
BRDA:233,20,0,0
BRDA:233,20,1,0
BRDA:233,20,2,0
BRDA:239,21,0,0
BRDA:239,21,1,0
BRDA:248,22,0,0
BRDA:248,23,0,0
BRDA:261,24,0,0
BRDA:261,24,1,0
BRDA:266,25,0,0
BRDA:266,25,1,0
BRDA:271,26,0,0
BRDA:271,26,1,0
BRDA:305,27,0,0
BRDA:305,27,1,0
BRDA:306,28,0,0
BRDA:306,28,1,0
BRDA:306,29,0,0
BRDA:306,29,1,0
BRDA:306,29,2,0
BRDA:306,29,3,0
BRDA:314,30,0,0
BRDA:314,30,1,0
BRDA:314,31,0,0
BRDA:314,31,1,0
BRDA:315,32,0,0
BRDA:315,32,1,0
BRDA:330,33,0,0
BRDA:330,33,1,0
BRDA:330,34,0,0
BRDA:330,34,1,0
BRDA:331,35,0,0
BRDA:331,35,1,0
BRDA:332,36,0,0
BRDA:332,36,1,0
BRDA:333,37,0,0
BRDA:333,37,1,0
BRDA:333,38,0,0
BRDA:333,38,1,0
BRDA:338,39,0,0
BRDA:338,39,1,0
BRDA:343,40,0,0
BRDA:343,40,1,0
BRDA:356,41,0,0
BRDA:356,41,1,0
BRDA:363,42,0,0
BRDA:363,42,1,0
BRDA:363,43,0,0
BRDA:363,43,1,0
BRDA:368,44,0,0
BRDA:368,44,1,0
BRDA:368,45,0,0
BRDA:368,45,1,0
BRDA:373,46,0,0
BRDA:373,46,1,0
BRDA:390,47,0,0
BRDA:390,47,1,0
BRDA:399,48,0,0
BRDA:399,48,1,0
BRDA:399,49,0,0
BRDA:399,49,1,0
BRDA:403,50,0,0
BRDA:403,50,1,0
BRDA:404,51,0,0
BRDA:404,51,1,0
BRDA:404,52,0,0
BRDA:404,52,1,0
BRDA:404,52,2,0
BRDA:408,53,0,0
BRDA:408,53,1,0
BRDA:408,54,0,0
BRDA:408,54,1,0
BRDA:420,55,0,0
BRDA:420,55,1,0
BRDA:426,56,0,0
BRDA:426,56,1,0
BRDA:426,57,0,0
BRDA:426,57,1,0
BRDA:427,58,0,0
BRDA:427,58,1,0
BRDA:428,59,0,0
BRDA:428,59,1,0
BRDA:429,60,0,0
BRDA:429,60,1,0
BRDA:433,61,0,0
BRDA:433,61,1,0
BRDA:433,62,0,0
BRDA:433,62,1,0
BRDA:433,62,2,0
BRDA:438,63,0,0
BRDA:438,63,1,0
BRDA:453,64,0,0
BRDA:453,64,1,0
BRDA:459,65,0,0
BRDA:459,65,1,0
BRDA:459,66,0,0
BRDA:459,66,1,0
BRDA:461,67,0,0
BRDA:461,67,1,0
BRDA:462,68,0,0
BRDA:462,68,1,0
BRDA:463,69,0,0
BRDA:463,69,1,0
BRDA:467,70,0,0
BRDA:467,70,1,0
BRDA:467,71,0,0
BRDA:467,71,1,0
BRDA:467,71,2,0
BRDA:467,71,3,0
BRDA:471,72,0,0
BRDA:471,72,1,0
BRDA:471,73,0,0
BRDA:471,73,1,0
BRDA:474,74,0,0
BRDA:474,74,1,0
BRDA:478,75,0,0
BRDA:478,75,1,0
BRDA:482,76,0,0
BRDA:482,76,1,0
BRDA:483,77,0,0
BRDA:483,77,1,0
BRDA:512,78,0,0
BRDA:512,78,1,0
BRDA:518,79,0,0
BRDA:518,79,1,0
BRDA:519,80,0,0
BRDA:519,80,1,0
BRDA:537,81,0,0
BRDA:537,81,1,0
BRDA:540,82,0,0
BRDA:540,82,1,0
BRDA:556,83,0,0
BRDA:556,83,1,0
BRDA:557,84,0,0
BRDA:557,84,1,0
BRDA:558,85,0,0
BRDA:558,85,1,0
BRDA:560,86,0,0
BRDA:560,86,1,0
BRDA:560,87,0,0
BRDA:560,87,1,0
BRDA:560,87,2,0
BRDA:560,87,3,0
BRDA:564,88,0,0
BRDA:564,88,1,0
BRDA:567,89,0,0
BRDA:567,89,1,0
BRDA:583,90,0,0
BRDA:583,90,1,0
BRDA:583,91,0,0
BRDA:583,91,1,0
BRDA:584,92,0,0
BRDA:584,92,1,0
BRDA:584,93,0,0
BRDA:584,93,1,0
BRDA:587,94,0,0
BRDA:587,94,1,0
BRDA:593,95,0,0
BRDA:593,95,1,0
BRDA:593,96,0,0
BRDA:593,96,1,0
BRDA:595,97,0,0
BRDA:595,97,1,0
BRDA:596,98,0,0
BRDA:596,98,1,0
BRDA:599,99,0,0
BRDA:599,99,1,0
BRDA:604,100,0,0
BRDA:604,100,1,0
BRDA:613,101,0,0
BRDA:613,101,1,0
BRDA:624,102,0,0
BRDA:624,102,1,0
BRDA:641,103,0,0
BRDA:641,103,1,0
BRDA:652,104,0,0
BRDA:652,104,1,0
BRDA:663,105,0,0
BRDA:663,105,1,0
BRDA:671,106,0,0
BRDA:671,106,1,0
BRDA:693,107,0,0
BRDA:693,107,1,0
BRDA:706,108,0,0
BRDA:706,108,1,0
BRDA:729,109,0,0
BRDA:729,109,1,0
BRDA:746,110,0,0
BRDA:747,111,0,0
BRDA:747,111,1,0
BRDA:751,112,0,0
BRDA:751,112,1,0
BRDA:756,113,0,0
BRDA:756,113,1,0
BRDA:756,114,0,0
BRDA:756,114,1,0
BRDA:759,115,0,0
BRDA:759,115,1,0
BRDA:767,116,0,0
BRDA:767,116,1,0
BRDA:777,117,0,0
BRDA:777,117,1,0
BRDA:783,118,0,0
BRDA:783,118,1,0
BRDA:784,119,0,0
BRDA:784,119,1,0
BRDA:787,120,0,0
BRDA:787,120,1,0
BRDA:798,121,0,0
BRDA:798,121,1,0
BRDA:804,122,0,0
BRDA:804,122,1,0
BRDA:821,123,0,0
BRDA:821,123,1,0
BRDA:828,124,0,0
BRDA:828,124,1,0
BRDA:862,125,0,0
BRDA:863,126,0,0
BRDA:863,126,1,0
BRDA:868,127,0,0
BRDA:868,127,1,0
BRDA:875,128,0,0
BRDA:875,128,1,0
BRDA:884,129,0,0
BRDA:884,129,1,0
BRDA:884,130,0,0
BRDA:884,130,1,0
BRDA:888,131,0,0
BRDA:888,131,1,0
BRDA:896,132,0,0
BRDA:896,132,1,0
BRDA:896,133,0,0
BRDA:896,133,1,0
BRDA:897,134,0,0
BRDA:897,134,1,0
BRDA:901,135,0,0
BRDA:901,135,1,0
BRDA:909,136,0,0
BRDA:909,136,1,0
BRDA:929,137,0,0
BRDA:930,138,0,0
BRDA:930,138,1,0
BRDA:935,139,0,0
BRDA:935,139,1,0
BRDA:942,140,0,0
BRDA:942,140,1,0
BRDA:951,141,0,0
BRDA:951,141,1,0
BRDA:951,142,0,0
BRDA:951,142,1,0
BRDA:955,143,0,0
BRDA:955,143,1,0
BRDA:963,144,0,0
BRDA:963,144,1,0
BRDA:963,145,0,0
BRDA:963,145,1,0
BRDA:964,146,0,0
BRDA:964,146,1,0
BRDA:968,147,0,0
BRDA:968,147,1,0
BRDA:976,148,0,0
BRDA:976,148,1,0
BRDA:997,149,0,0
BRDA:997,149,1,0
BRDA:1001,150,0,0
BRDA:1001,150,1,0
BRDA:1026,151,0,0
BRDA:1026,151,1,0
BRDA:1038,152,0,0
BRDA:1039,153,0,0
BRDA:1039,153,1,0
BRDA:1043,154,0,0
BRDA:1043,154,1,0
BRDA:1052,155,0,0
BRDA:1052,155,1,0
BRDA:1058,156,0,0
BRDA:1058,156,1,0
BRDA:1062,157,0,0
BRDA:1062,157,1,0
BRDA:1069,158,0,0
BRDA:1069,158,1,0
BRDA:1087,159,0,0
BRDA:1087,159,1,0
BRDA:1091,160,0,0
BRDA:1091,160,1,0
BRDA:1111,161,0,0
BRDA:1111,161,1,0
BRDA:1118,162,0,0
BRDA:1118,162,1,0
BRDA:1133,163,0,0
BRDA:1133,163,1,0
BRDA:1137,164,0,0
BRDA:1137,164,1,0
BRDA:1144,165,0,0
BRDA:1144,165,1,0
BRDA:1144,166,0,0
BRDA:1144,166,1,0
BRDA:1144,166,2,0
BRDA:1144,166,3,0
BRDA:1145,167,0,0
BRDA:1145,167,1,0
BRF:338
BRH:0
end_of_record
TN:
SF:src/model/repository/idbConnectionRepository.ts
FN:8,supportsIndexedDb
FN:12,openSharedDatabase
FN:17,(anonymous_2)
FN:26,(anonymous_3)
FN:36,(anonymous_4)
FN:37,(anonymous_5)
FN:41,(anonymous_6)
FN:45,(anonymous_7)
FNF:8
FNH:0
FNDA:0,supportsIndexedDb
FNDA:0,openSharedDatabase
FNDA:0,(anonymous_2)
FNDA:0,(anonymous_3)
FNDA:0,(anonymous_4)
FNDA:0,(anonymous_5)
FNDA:0,(anonymous_6)
FNDA:0,(anonymous_7)
DA:1,0
DA:2,0
DA:3,0
DA:4,0
DA:6,0
DA:9,0
DA:13,0
DA:14,0
DA:17,0
DA:18,0
DA:19,0
DA:20,0
DA:21,0
DA:24,0
DA:26,0
DA:27,0
DA:28,0
DA:29,0
DA:31,0
DA:32,0
DA:36,0
DA:37,0
DA:38,0
DA:39,0
DA:41,0
DA:42,0
DA:43,0
DA:46,0
DA:47,0
DA:50,0
DA:51,0
LF:31
LH:0
BRDA:9,0,0,0
BRDA:9,0,1,0
BRDA:13,1,0,0
BRDA:13,1,1,0
BRDA:18,2,0,0
BRDA:18,2,1,0
BRDA:28,3,0,0
BRDA:28,3,1,0
BRDA:31,4,0,0
BRDA:31,4,1,0
BRDA:39,5,0,0
BRDA:39,5,1,0
BRF:12
BRH:0
end_of_record
TN:
SF:src/model/repository/indexedDbRepository.ts
FN:7,loadIndexedDbState
FN:11,(anonymous_1)
FN:16,(anonymous_2)
FN:25,(anonymous_3)
FN:29,(anonymous_4)
FN:38,saveIndexedDbState
FN:42,(anonymous_6)
FN:47,(anonymous_7)
FN:51,(anonymous_8)
FN:61,(anonymous_9)
FNF:10
FNH:0
FNDA:0,loadIndexedDbState
FNDA:0,(anonymous_1)
FNDA:0,(anonymous_2)
FNDA:0,(anonymous_3)
FNDA:0,(anonymous_4)
FNDA:0,saveIndexedDbState
FNDA:0,(anonymous_6)
FNDA:0,(anonymous_7)
FNDA:0,(anonymous_8)
FNDA:0,(anonymous_9)
DA:4,0
DA:5,0
DA:8,0
DA:9,0
DA:11,0
DA:12,0
DA:13,0
DA:14,0
DA:16,0
DA:17,0
DA:18,0
DA:19,0
DA:21,0
DA:25,0
DA:26,0
DA:29,0
DA:30,0
DA:34,0
DA:39,0
DA:40,0
DA:42,0
DA:43,0
DA:44,0
DA:45,0
DA:47,0
DA:48,0
DA:51,0
DA:52,0
DA:53,0
DA:54,0
DA:56,0
DA:58,0
DA:61,0
DA:62,0
DA:66,0
LF:35
LH:0
BRDA:18,0,0,0
BRDA:18,0,1,0
BRDA:18,1,0,0
BRDA:18,1,1,0
BRDA:18,1,2,0
BRDA:18,1,3,0
BRDA:53,2,0,0
BRDA:53,2,1,0
BRF:8
BRH:0
end_of_record
TN:
SF:src/model/repository/localRepository.ts
FN:8,hasStoredData
FN:12,buildStoragePayload
FN:25,getEmptyPayload
FN:34,toList
FN:37,(anonymous_4)
FN:38,(anonymous_5)
FN:42,normalizeGame
FN:46,(anonymous_7)
FN:63,(anonymous_8)
FN:72,normalizeData
FN:76,(anonymous_10)
FN:77,(anonymous_11)
FN:78,(anonymous_12)
FN:79,(anonymous_13)
FN:81,(anonymous_14)
FN:82,(anonymous_15)
FN:105,loadLocalState
FN:137,loadLocalStateAsync
FN:167,saveLocalState
FN:177,createExportBlob
FN:192,parseImportedData
FNF:21
FNH:0
FNDA:0,hasStoredData
FNDA:0,buildStoragePayload
FNDA:0,getEmptyPayload
FNDA:0,toList
FNDA:0,(anonymous_4)
FNDA:0,(anonymous_5)
FNDA:0,normalizeGame
FNDA:0,(anonymous_7)
FNDA:0,(anonymous_8)
FNDA:0,normalizeData
FNDA:0,(anonymous_10)
FNDA:0,(anonymous_11)
FNDA:0,(anonymous_12)
FNDA:0,(anonymous_13)
FNDA:0,(anonymous_14)
FNDA:0,(anonymous_15)
FNDA:0,loadLocalState
FNDA:0,loadLocalStateAsync
FNDA:0,saveLocalState
FNDA:0,createExportBlob
FNDA:0,parseImportedData
DA:6,0
DA:9,0
DA:13,0
DA:14,0
DA:15,0
DA:17,0
DA:26,0
DA:35,0
DA:36,0
DA:37,0
DA:38,0
DA:43,0
DA:48,0
DA:49,0
DA:64,0
DA:65,0
DA:66,0
DA:67,0
DA:73,0
DA:74,0
DA:75,0
DA:76,0
DA:77,0
DA:78,0
DA:79,0
DA:81,0
DA:82,0
DA:86,0
DA:87,0
DA:89,0
DA:90,0
DA:91,0
DA:92,0
DA:93,0
DA:94,0
DA:96,0
DA:97,0
DA:102,0
DA:106,0
DA:107,0
DA:108,0
DA:109,0
DA:111,0
DA:112,0
DA:115,0
DA:116,0
DA:117,0
DA:121,0
DA:122,0
DA:128,0
DA:130,0
DA:134,0
DA:138,0
DA:139,0
DA:141,0
DA:142,0
DA:145,0
DA:146,0
DA:153,0
DA:154,0
DA:156,0
DA:157,0
DA:160,0
DA:161,0
DA:164,0
DA:168,0
DA:169,0
DA:174,0
DA:178,0
DA:193,0
DA:194,0
LF:71
LH:0
BRDA:9,0,0,0
BRDA:9,0,1,0
BRDA:9,0,2,0
BRDA:9,0,3,0
BRDA:9,0,4,0
BRDA:13,1,0,0
BRDA:13,1,1,0
BRDA:13,2,0,0
BRDA:13,2,1,0
BRDA:19,3,0,0
BRDA:19,3,1,0
BRDA:19,3,2,0
BRDA:20,4,0,0
BRDA:20,4,1,0
BRDA:20,5,0,0
BRDA:20,5,1,0
BRDA:20,5,2,0
BRDA:21,6,0,0
BRDA:21,6,1,0
BRDA:21,6,2,0
BRDA:35,7,0,0
BRDA:35,7,1,0
BRDA:37,8,0,0
BRDA:37,8,1,0
BRDA:44,9,0,0
BRDA:44,9,1,0
BRDA:45,10,0,0
BRDA:45,10,1,0
BRDA:49,11,0,0
BRDA:49,11,1,0
BRDA:49,12,0,0
BRDA:49,12,1,0
BRDA:51,13,0,0
BRDA:51,13,1,0
BRDA:57,14,0,0
BRDA:57,14,1,0
BRDA:61,15,0,0
BRDA:61,15,1,0
BRDA:62,16,0,0
BRDA:62,16,1,0
BRDA:65,17,0,0
BRDA:65,17,1,0
BRDA:65,18,0,0
BRDA:65,18,1,0
BRDA:65,18,2,0
BRDA:67,19,0,0
BRDA:67,19,1,0
BRDA:67,20,0,0
BRDA:67,20,1,0
BRDA:76,21,0,0
BRDA:76,21,1,0
BRDA:77,22,0,0
BRDA:77,22,1,0
BRDA:78,23,0,0
BRDA:78,23,1,0
BRDA:79,24,0,0
BRDA:79,24,1,0
BRDA:80,25,0,0
BRDA:80,25,1,0
BRDA:81,26,0,0
BRDA:81,26,1,0
BRDA:82,27,0,0
BRDA:82,27,1,0
BRDA:82,28,0,0
BRDA:82,28,1,0
BRDA:83,29,0,0
BRDA:83,29,1,0
BRDA:91,30,0,0
BRDA:91,30,1,0
BRDA:92,31,0,0
BRDA:92,31,1,0
BRDA:92,32,0,0
BRDA:92,32,1,0
BRDA:109,33,0,0
BRDA:109,33,1,0
BRDA:115,34,0,0
BRDA:115,34,1,0
BRDA:141,35,0,0
BRDA:141,35,1,0
BRDA:148,36,0,0
BRDA:148,36,1,0
BRDA:148,36,2,0
BRDA:149,37,0,0
BRDA:149,37,1,0
BRDA:150,38,0,0
BRDA:150,38,1,0
BRDA:156,39,0,0
BRDA:156,39,1,0
BRDA:156,40,0,0
BRDA:156,40,1,0
BRDA:160,41,0,0
BRDA:160,41,1,0
BRDA:160,42,0,0
BRDA:160,42,1,0
BRDA:164,43,0,0
BRDA:164,43,1,0
BRF:96
BRH:0
end_of_record
TN:
SF:src/model/repository/migrateRepository.ts
FN:5,migrateGame
FN:68,migrateData
FN:76,(anonymous_2)
FN:77,(anonymous_3)
FN:78,(anonymous_4)
FN:79,(anonymous_5)
FNF:6
FNH:0
FNDA:0,migrateGame
FNDA:0,migrateData
FNDA:0,(anonymous_2)
FNDA:0,(anonymous_3)
FNDA:0,(anonymous_4)
FNDA:0,(anonymous_5)
DA:6,0
DA:7,0
DA:9,0
DA:10,0
DA:11,0
DA:14,0
DA:15,0
DA:18,0
DA:21,0
DA:22,0
DA:23,0
DA:25,0
DA:26,0
DA:28,0
DA:29,0
DA:31,0
DA:33,0
DA:34,0
DA:35,0
DA:36,0
DA:37,0
DA:38,0
DA:39,0
DA:40,0
DA:43,0
DA:44,0
DA:45,0
DA:46,0
DA:47,0
DA:52,0
DA:55,0
DA:56,0
DA:57,0
DA:58,0
DA:61,0
DA:62,0
DA:65,0
DA:69,0
DA:71,0
DA:72,0
DA:75,0
DA:76,0
DA:77,0
DA:78,0
DA:79,0
LF:45
LH:0
BRDA:6,0,0,0
BRDA:6,0,1,0
BRDA:9,1,0,0
BRDA:9,1,1,0
BRDA:9,2,0,0
BRDA:9,2,1,0
BRDA:10,3,0,0
BRDA:10,3,1,0
BRDA:11,4,0,0
BRDA:11,4,1,0
BRDA:11,5,0,0
BRDA:11,5,1,0
BRDA:14,6,0,0
BRDA:14,6,1,0
BRDA:14,7,0,0
BRDA:14,7,1,0
BRDA:14,7,2,0
BRDA:14,7,3,0
BRDA:22,8,0,0
BRDA:22,8,1,0
BRDA:23,9,0,0
BRDA:23,9,1,0
BRDA:25,10,0,0
BRDA:25,10,1,0
BRDA:25,11,0,0
BRDA:25,11,1,0
BRDA:26,12,0,0
BRDA:26,12,1,0
BRDA:28,13,0,0
BRDA:28,13,1,0
BRDA:28,14,0,0
BRDA:28,14,1,0
BRDA:29,15,0,0
BRDA:29,15,1,0
BRDA:31,16,0,0
BRDA:31,16,1,0
BRDA:33,17,0,0
BRDA:33,17,1,0
BRDA:34,18,0,0
BRDA:34,18,1,0
BRDA:35,19,0,0
BRDA:35,19,1,0
BRDA:36,20,0,0
BRDA:36,20,1,0
BRDA:37,21,0,0
BRDA:37,21,1,0
BRDA:37,22,0,0
BRDA:37,22,1,0
BRDA:38,23,0,0
BRDA:38,23,1,0
BRDA:38,24,0,0
BRDA:38,24,1,0
BRDA:39,25,0,0
BRDA:39,25,1,0
BRDA:39,26,0,0
BRDA:39,26,1,0
BRDA:40,27,0,0
BRDA:40,27,1,0
BRDA:43,28,0,0
BRDA:43,28,1,0
BRDA:44,29,0,0
BRDA:44,29,1,0
BRDA:44,30,0,0
BRDA:44,30,1,0
BRDA:45,31,0,0
BRDA:45,31,1,0
BRDA:46,32,0,0
BRDA:46,32,1,0
BRDA:47,33,0,0
BRDA:47,33,1,0
BRDA:49,34,0,0
BRDA:49,34,1,0
BRDA:49,35,0,0
BRDA:49,35,1,0
BRDA:52,36,0,0
BRDA:52,36,1,0
BRDA:55,37,0,0
BRDA:55,37,1,0
BRDA:56,38,0,0
BRDA:56,38,1,0
BRDA:56,39,0,0
BRDA:56,39,1,0
BRDA:57,40,0,0
BRDA:57,40,1,0
BRDA:57,41,0,0
BRDA:57,41,1,0
BRDA:58,42,0,0
BRDA:58,42,1,0
BRDA:61,43,0,0
BRDA:61,43,1,0
BRDA:61,44,0,0
BRDA:61,44,1,0
BRDA:71,45,0,0
BRDA:71,45,1,0
BRDA:71,46,0,0
BRDA:71,46,1,0
BRDA:76,47,0,0
BRDA:76,47,1,0
BRDA:77,48,0,0
BRDA:77,48,1,0
BRDA:78,49,0,0
BRDA:78,49,1,0
BRDA:79,50,0,0
BRDA:79,50,1,0
BRDA:80,51,0,0
BRDA:80,51,1,0
BRDA:81,52,0,0
BRDA:81,52,1,0
BRDA:81,53,0,0
BRDA:81,53,1,0
BRDA:81,53,2,0
BRF:111
BRH:0
end_of_record
TN:
SF:src/model/repository/syncMachineRepository.ts
FN:31,getSyncState
FN:35,subscribeSyncState
FN:37,(anonymous_2)
FN:40,setState
FN:42,(anonymous_4)
FN:45,canRead
FN:55,canReadNow
FN:62,getNextReadDelayMs
FN:67,canWrite
FN:72,transitionTo
FN:76,resetSyncState
FN:88,getBackoffMs
FNF:12
FNH:7
FNDA:0,getSyncState
FNDA:0,subscribeSyncState
FNDA:0,(anonymous_2)
FNDA:5,setState
FNDA:0,(anonymous_4)
FNDA:4,canRead
FNDA:4,canReadNow
FNDA:2,getNextReadDelayMs
FNDA:2,canWrite
FNDA:5,transitionTo
FNDA:4,resetSyncState
FNDA:0,getBackoffMs
DA:18,1
DA:20,1
DA:29,1
DA:32,0
DA:36,0
DA:37,0
DA:41,5
DA:42,5
DA:46,4
DA:47,4
DA:48,2
DA:56,4
DA:57,4
DA:58,2
DA:59,0
DA:63,2
DA:64,2
DA:68,2
DA:69,2
DA:73,5
DA:77,4
DA:85,4
DA:89,0
DA:90,0
LF:24
LH:18
BRDA:47,0,0,2
BRDA:47,0,1,2
BRDA:47,1,0,4
BRDA:47,1,1,4
BRDA:47,1,2,4
BRDA:47,1,3,4
BRDA:55,2,0,4
BRDA:57,3,0,2
BRDA:57,3,1,2
BRDA:57,4,0,4
BRDA:57,4,1,4
BRDA:57,4,2,4
BRDA:57,4,3,4
BRDA:58,5,0,2
BRDA:58,5,1,0
BRDA:64,6,0,1
BRDA:64,6,1,1
BRDA:69,7,0,2
BRDA:69,7,1,1
BRDA:73,8,0,5
BRDA:73,8,1,3
BRF:21
BRH:20
end_of_record
TN:
SF:src/model/repository/syncRepository.ts
FN:3,normalizeTimestamp
FN:8,asValidData
FN:10,(anonymous_2)
FN:13,(anonymous_3)
FN:14,(anonymous_4)
FN:15,(anonymous_5)
FN:19,(anonymous_6)
FN:19,(anonymous_7)
FN:32,mergeCrdt
FN:44,(anonymous_9)
FN:63,(anonymous_10)
FN:66,(anonymous_11)
FNF:12
FNH:12
FNDA:18,normalizeTimestamp
FNDA:18,asValidData
FNDA:72,(anonymous_2)
FNDA:12,(anonymous_3)
FNDA:12,(anonymous_4)
FNDA:12,(anonymous_5)
FNDA:3,(anonymous_6)
FNDA:3,(anonymous_7)
FNDA:9,mergeCrdt
FNDA:36,(anonymous_9)
FNDA:1,(anonymous_10)
FNDA:2,(anonymous_11)
DA:4,18
DA:5,18
DA:9,18
DA:10,18
DA:11,72
DA:12,72
DA:13,12
DA:14,12
DA:15,12
DA:18,18
DA:19,3
DA:22,18
DA:38,9
DA:39,9
DA:41,9
DA:42,9
DA:44,9
DA:45,36
DA:46,7
DA:47,7
DA:48,7
DA:49,7
DA:50,7
DA:53,36
DA:54,5
DA:55,5
DA:56,5
DA:57,5
DA:58,5
DA:62,9
DA:63,1
DA:65,9
DA:66,2
DA:69,9
DA:76,9
DA:77,9
DA:78,9
DA:80,9
DA:81,9
DA:82,9
DA:83,9
DA:84,9
DA:85,9
DA:86,9
DA:87,9
DA:88,9
DA:90,9
DA:91,1
DA:93,1
DA:94,1
DA:95,1
DA:96,1
DA:97,1
DA:100,8
DA:102,9
DA:103,8
DA:104,8
DA:105,8
DA:106,8
DA:108,8
DA:109,4
DA:112,8
DA:113,3
DA:118,9
LF:64
LH:64
BRDA:5,0,0,18
BRDA:5,0,1,0
BRDA:5,1,0,18
BRDA:5,1,1,18
BRDA:9,2,0,18
BRDA:9,2,1,0
BRDA:9,3,0,18
BRDA:9,3,1,18
BRDA:11,4,0,0
BRDA:11,4,1,72
BRDA:14,5,0,12
BRDA:14,5,1,12
BRDA:18,6,0,18
BRDA:18,6,1,0
BRDA:19,7,0,3
BRDA:19,7,1,3
BRDA:19,8,0,3
BRDA:19,8,1,0
BRDA:46,9,0,0
BRDA:46,9,1,7
BRDA:48,10,0,7
BRDA:48,10,1,0
BRDA:48,11,0,7
BRDA:48,11,1,7
BRDA:50,12,0,7
BRDA:50,12,1,0
BRDA:50,13,0,7
BRDA:50,13,1,0
BRDA:54,14,0,0
BRDA:54,14,1,5
BRDA:56,15,0,5
BRDA:56,15,1,0
BRDA:56,16,0,5
BRDA:56,16,1,5
BRDA:58,17,0,5
BRDA:58,17,1,0
BRDA:58,18,0,5
BRDA:58,18,1,0
BRDA:63,19,0,9
BRDA:63,19,1,0
BRDA:63,20,0,1
BRDA:63,20,1,0
BRDA:66,21,0,9
BRDA:66,21,1,0
BRDA:66,22,0,2
BRDA:66,22,1,0
BRDA:83,23,0,9
BRDA:83,23,1,8
BRDA:84,24,0,9
BRDA:84,24,1,7
BRDA:86,25,0,9
BRDA:86,25,1,2
BRDA:87,26,0,9
BRDA:87,26,1,4
BRDA:90,27,0,1
BRDA:90,27,1,8
BRDA:90,28,0,9
BRDA:90,28,1,3
BRDA:93,29,0,1
BRDA:93,29,1,1
BRDA:94,30,0,1
BRDA:94,30,1,0
BRDA:95,31,0,1
BRDA:95,31,1,0
BRDA:96,32,0,0
BRDA:96,32,1,1
BRDA:100,33,0,3
BRDA:100,33,1,5
BRDA:100,34,0,8
BRDA:100,34,1,6
BRDA:100,35,0,1
BRDA:100,35,1,2
BRDA:100,36,0,5
BRDA:100,36,1,2
BRDA:102,37,0,8
BRDA:102,37,1,1
BRDA:105,38,0,8
BRDA:105,38,1,2
BRDA:106,39,0,8
BRDA:106,39,1,3
BRDA:108,40,0,4
BRDA:108,40,1,4
BRDA:108,41,0,8
BRDA:108,41,1,6
BRDA:108,41,2,4
BRDA:112,42,0,3
BRDA:112,42,1,5
BRDA:112,43,0,8
BRDA:112,43,1,5
BRDA:112,43,2,5
BRF:90
BRH:70
end_of_record
TN:
SF:src/model/repository/syncStateRepository.ts
FN:10,loadSyncDirtyState
FN:25,saveSyncDirtyState
FN:33,markDirty
FN:39,clearDirty
FNF:4
FNH:0
FNDA:0,loadSyncDirtyState
FNDA:0,saveSyncDirtyState
FNDA:0,markDirty
FNDA:0,clearDirty
DA:3,0
DA:11,0
DA:12,0
DA:13,0
DA:14,0
DA:15,0
DA:16,0
DA:21,0
DA:26,0
DA:27,0
DA:34,0
DA:35,0
DA:36,0
DA:40,0
LF:14
LH:0
BRDA:13,0,0,0
BRDA:13,0,1,0
BRDA:15,1,0,0
BRDA:15,1,1,0
BRDA:18,2,0,0
BRDA:18,2,1,0
BRDA:35,3,0,0
BRDA:35,3,1,0
BRF:8
BRH:0
end_of_record
TN:
SF:src/model/types/game.ts
FNF:0
FNH:0
DA:1,1
LF:1
LH:1
BRF:0
BRH:0
end_of_record
TN:
SF:src/view/components/BottomNavigation.tsx
FN:21,BottomNavigation
FN:25,(anonymous_1)
FN:31,(anonymous_2)
FNF:3
FNH:0
FNDA:0,BottomNavigation
FNDA:0,(anonymous_1)
FNDA:0,(anonymous_2)
DA:12,0
DA:21,0
DA:22,0
DA:26,0
DA:31,0
LF:5
LH:0
BRDA:29,0,0,0
BRDA:29,0,1,0
BRDA:30,1,0,0
BRDA:30,1,1,0
BRF:4
BRH:0
end_of_record
TN:
SF:src/view/components/GameTable.tsx
FN:33,renderTags
FN:37,(anonymous_1)
FN:46,renderBooleanBadge
FN:62,GameTable
FN:79,(anonymous_4)
FN:106,(anonymous_5)
FN:107,(anonymous_6)
FN:115,(anonymous_7)
FN:117,(anonymous_8)
FN:130,(anonymous_9)
FN:131,(anonymous_10)
FN:132,(anonymous_11)
FN:146,(anonymous_12)
FN:147,(anonymous_13)
FN:149,(anonymous_14)
FN:149,(anonymous_15)
FN:156,(anonymous_16)
FN:175,(anonymous_17)
FN:191,(anonymous_18)
FN:192,(anonymous_19)
FN:198,(anonymous_20)
FN:301,(anonymous_21)
FN:312,(anonymous_22)
FN:319,(anonymous_23)
FN:333,(anonymous_24)
FN:346,(anonymous_25)
FNF:26
FNH:0
FNDA:0,renderTags
FNDA:0,(anonymous_1)
FNDA:0,renderBooleanBadge
FNDA:0,GameTable
FNDA:0,(anonymous_4)
FNDA:0,(anonymous_5)
FNDA:0,(anonymous_6)
FNDA:0,(anonymous_7)
FNDA:0,(anonymous_8)
FNDA:0,(anonymous_9)
FNDA:0,(anonymous_10)
FNDA:0,(anonymous_11)
FNDA:0,(anonymous_12)
FNDA:0,(anonymous_13)
FNDA:0,(anonymous_14)
FNDA:0,(anonymous_15)
FNDA:0,(anonymous_16)
FNDA:0,(anonymous_17)
FNDA:0,(anonymous_18)
FNDA:0,(anonymous_19)
FNDA:0,(anonymous_20)
FNDA:0,(anonymous_21)
FNDA:0,(anonymous_22)
FNDA:0,(anonymous_23)
FNDA:0,(anonymous_24)
FNDA:0,(anonymous_25)
DA:34,0
DA:35,0
DA:38,0
DA:47,0
DA:48,0
DA:55,0
DA:62,0
DA:74,0
DA:75,0
DA:76,0
DA:77,0
DA:79,0
DA:80,0
DA:81,0
DA:92,0
DA:93,0
DA:102,0
DA:103,0
DA:106,0
DA:107,0
DA:108,0
DA:109,0
DA:110,0
DA:111,0
DA:115,0
DA:116,0
DA:117,0
DA:118,0
DA:119,0
DA:120,0
DA:123,0
DA:126,0
DA:128,0
DA:130,0
DA:131,0
DA:133,0
DA:134,0
DA:139,0
DA:140,0
DA:141,0
DA:143,0
DA:144,0
DA:145,0
DA:146,0
DA:147,0
DA:149,0
DA:151,0
DA:157,0
DA:176,0
DA:177,0
DA:178,0
DA:180,0
DA:181,0
DA:182,0
DA:191,0
DA:193,0
DA:194,0
DA:195,0
DA:199,0
DA:200,0
DA:224,0
DA:226,0
DA:302,0
DA:313,0
DA:320,0
DA:321,0
DA:334,0
DA:335,0
DA:347,0
DA:348,0
LF:70
LH:0
BRDA:34,0,0,0
BRDA:34,0,1,0
BRDA:47,1,0,0
BRDA:47,1,1,0
BRDA:49,2,0,0
BRDA:49,2,1,0
BRDA:49,3,0,0
BRDA:49,3,1,0
BRDA:50,4,0,0
BRDA:50,4,1,0
BRDA:56,5,0,0
BRDA:56,5,1,0
BRDA:56,6,0,0
BRDA:56,6,1,0
BRDA:57,7,0,0
BRDA:57,7,1,0
BRDA:71,8,0,0
BRDA:74,9,0,0
BRDA:74,9,1,0
BRDA:75,10,0,0
BRDA:75,10,1,0
BRDA:76,11,0,0
BRDA:76,11,1,0
BRDA:77,12,0,0
BRDA:77,12,1,0
BRDA:80,13,0,0
BRDA:80,13,1,0
BRDA:83,14,0,0
BRDA:83,14,1,0
BRDA:89,15,0,0
BRDA:89,15,1,0
BRDA:92,16,0,0
BRDA:92,16,1,0
BRDA:99,17,0,0
BRDA:99,17,1,0
BRDA:102,18,0,0
BRDA:102,18,1,0
BRDA:108,19,0,0
BRDA:108,19,1,0
BRDA:108,20,0,0
BRDA:108,20,1,0
BRDA:108,21,0,0
BRDA:108,21,1,0
BRDA:109,22,0,0
BRDA:109,22,1,0
BRDA:109,23,0,0
BRDA:109,23,1,0
BRDA:110,24,0,0
BRDA:110,24,1,0
BRDA:119,25,0,0
BRDA:119,25,1,0
BRDA:134,26,0,0
BRDA:134,26,1,0
BRDA:141,27,0,0
BRDA:141,27,1,0
BRDA:143,28,0,0
BRDA:143,28,1,0
BRDA:144,29,0,0
BRDA:144,29,1,0
BRDA:144,29,2,0
BRDA:145,30,0,0
BRDA:145,30,1,0
BRDA:162,31,0,0
BRDA:162,31,1,0
BRDA:170,32,0,0
BRDA:170,32,1,0
BRDA:170,33,0,0
BRDA:170,33,1,0
BRDA:178,34,0,0
BRDA:178,34,1,0
BRDA:180,35,0,0
BRDA:180,35,1,0
BRDA:187,36,0,0
BRDA:187,36,1,0
BRDA:190,37,0,0
BRDA:190,37,1,0
BRDA:191,38,0,0
BRDA:191,38,1,0
BRDA:193,39,0,0
BRDA:193,39,1,0
BRDA:193,40,0,0
BRDA:193,40,1,0
BRDA:195,41,0,0
BRDA:195,41,1,0
BRDA:199,42,0,0
BRDA:199,42,1,0
BRDA:207,43,0,0
BRDA:207,43,1,0
BRDA:207,44,0,0
BRDA:207,44,1,0
BRDA:207,45,0,0
BRDA:207,45,1,0
BRDA:210,46,0,0
BRDA:210,46,1,0
BRDA:210,47,0,0
BRDA:210,47,1,0
BRDA:210,47,2,0
BRDA:211,48,0,0
BRDA:211,48,1,0
BRDA:213,49,0,0
BRDA:213,49,1,0
BRDA:213,50,0,0
BRDA:213,50,1,0
BRDA:214,51,0,0
BRDA:214,51,1,0
BRDA:216,52,0,0
BRDA:216,52,1,0
BRDA:216,53,0,0
BRDA:216,53,1,0
BRDA:217,54,0,0
BRDA:217,54,1,0
BRDA:217,55,0,0
BRDA:217,55,1,0
BRDA:217,56,0,0
BRDA:217,56,1,0
BRDA:218,57,0,0
BRDA:218,57,1,0
BRDA:218,58,0,0
BRDA:218,58,1,0
BRDA:219,59,0,0
BRDA:219,59,1,0
BRDA:219,60,0,0
BRDA:219,60,1,0
BRDA:224,61,0,0
BRDA:224,61,1,0
BRDA:234,62,0,0
BRDA:234,62,1,0
BRDA:241,63,0,0
BRDA:241,63,1,0
BRDA:241,63,2,0
BRDA:247,64,0,0
BRDA:247,64,1,0
BRDA:247,64,2,0
BRDA:247,64,3,0
BRDA:247,64,4,0
BRDA:250,65,0,0
BRDA:250,65,1,0
BRDA:253,66,0,0
BRDA:253,66,1,0
BRDA:253,66,2,0
BRDA:253,66,3,0
BRDA:259,67,0,0
BRDA:259,67,1,0
BRDA:259,67,2,0
BRDA:259,67,3,0
BRDA:259,67,4,0
BRDA:259,67,5,0
BRDA:265,68,0,0
BRDA:265,68,1,0
BRDA:265,68,2,0
BRDA:265,68,3,0
BRDA:265,68,4,0
BRDA:271,69,0,0
BRDA:271,69,1,0
BRDA:271,69,2,0
BRDA:271,69,3,0
BRDA:277,70,0,0
BRDA:277,70,1,0
BRDA:277,70,2,0
BRDA:277,70,3,0
BRDA:279,71,0,0
BRDA:279,71,1,0
BRDA:281,72,0,0
BRDA:281,72,1,0
BRDA:285,73,0,0
BRDA:285,73,1,0
BRDA:285,73,2,0
BRDA:291,74,0,0
BRDA:291,74,1,0
BRDA:291,74,2,0
BRDA:297,75,0,0
BRDA:297,75,1,0
BRDA:297,76,0,0
BRDA:297,76,1,0
BRDA:304,77,0,0
BRDA:304,77,1,0
BRDA:310,78,0,0
BRDA:310,78,1,0
BRDA:361,79,0,0
BRDA:361,79,1,0
BRDA:361,80,0,0
BRDA:361,80,1,0
BRF:182
BRH:0
end_of_record
TN:
SF:src/view/components/Header.tsx
FN:7,Header
FNF:1
FNH:0
FNDA:0,Header
DA:7,0
DA:8,0
LF:2
LH:0
BRF:0
BRH:0
end_of_record
TN:
SF:src/view/components/Icon.tsx
FN:9,Icon
FNF:1
FNH:0
FNDA:0,Icon
DA:9,0
DA:10,0
LF:2
LH:0
BRDA:9,0,0,0
BRF:1
BRH:0
end_of_record
TN:
SF:src/view/components/SettingsHub.tsx
FN:38,SettingsHub
FN:68,(anonymous_1)
FN:80,(anonymous_2)
FN:82,(anonymous_3)
FN:89,(anonymous_4)
FN:95,(anonymous_5)
FN:102,(anonymous_6)
FN:163,(anonymous_7)
FN:163,(anonymous_8)
FN:192,(anonymous_9)
FN:195,(anonymous_10)
FN:195,(anonymous_11)
FN:210,(anonymous_12)
FN:276,(anonymous_13)
FN:290,(anonymous_14)
FN:312,(anonymous_15)
FN:319,(anonymous_16)
FN:331,(anonymous_17)
FN:343,(anonymous_18)
FN:344,(anonymous_19)
FN:358,(anonymous_20)
FN:372,(anonymous_21)
FN:380,(anonymous_22)
FNF:23
FNH:0
FNDA:0,SettingsHub
FNDA:0,(anonymous_1)
FNDA:0,(anonymous_2)
FNDA:0,(anonymous_3)
FNDA:0,(anonymous_4)
FNDA:0,(anonymous_5)
FNDA:0,(anonymous_6)
FNDA:0,(anonymous_7)
FNDA:0,(anonymous_8)
FNDA:0,(anonymous_9)
FNDA:0,(anonymous_10)
FNDA:0,(anonymous_11)
FNDA:0,(anonymous_12)
FNDA:0,(anonymous_13)
FNDA:0,(anonymous_14)
FNDA:0,(anonymous_15)
FNDA:0,(anonymous_16)
FNDA:0,(anonymous_17)
FNDA:0,(anonymous_18)
FNDA:0,(anonymous_19)
FNDA:0,(anonymous_20)
FNDA:0,(anonymous_21)
FNDA:0,(anonymous_22)
DA:38,0
DA:59,0
DA:60,0
DA:61,0
DA:62,0
DA:63,0
DA:64,0
DA:65,0
DA:66,0
DA:68,0
DA:70,0
DA:79,0
DA:80,0
DA:82,0
DA:83,0
DA:84,0
DA:85,0
DA:86,0
DA:89,0
DA:90,0
DA:91,0
DA:92,0
DA:95,0
DA:96,0
DA:97,0
DA:98,0
DA:99,0
DA:102,0
DA:103,0
DA:104,0
DA:105,0
DA:106,0
DA:109,0
DA:110,0
DA:114,0
DA:117,0
DA:163,0
DA:192,0
DA:195,0
DA:210,0
DA:277,0
DA:278,0
DA:279,0
DA:290,0
DA:313,0
DA:320,0
DA:321,0
DA:332,0
DA:334,0
DA:343,0
DA:345,0
DA:346,0
DA:347,0
DA:358,0
DA:372,0
DA:380,0
LF:56
LH:0
BRDA:79,0,0,0
BRDA:79,0,1,0
BRDA:80,1,0,0
BRDA:80,1,1,0
BRDA:97,2,0,0
BRDA:97,2,1,0
BRDA:97,3,0,0
BRDA:97,3,1,0
BRDA:103,4,0,0
BRDA:103,4,1,0
BRDA:103,5,0,0
BRDA:103,5,1,0
BRDA:112,6,0,0
BRDA:112,6,1,0
BRDA:124,7,0,0
BRDA:124,7,1,0
BRDA:124,8,0,0
BRDA:124,8,1,0
BRDA:140,9,0,0
BRDA:140,9,1,0
BRDA:166,10,0,0
BRDA:166,10,1,0
BRDA:169,11,0,0
BRDA:169,11,1,0
BRDA:190,12,0,0
BRDA:190,12,1,0
BRDA:196,13,0,0
BRDA:196,13,1,0
BRDA:234,14,0,0
BRDA:234,14,1,0
BRDA:240,15,0,0
BRDA:240,15,1,0
BRDA:242,16,0,0
BRDA:242,16,1,0
BRDA:278,17,0,0
BRDA:278,17,1,0
BRDA:309,18,0,0
BRDA:309,18,1,0
BRDA:315,19,0,0
BRDA:315,19,1,0
BRDA:330,20,0,0
BRDA:330,20,1,0
BRDA:332,21,0,0
BRDA:332,21,1,0
BRDA:335,22,0,0
BRDA:335,22,1,0
BRDA:336,23,0,0
BRDA:336,23,1,0
BRDA:340,24,0,0
BRDA:340,24,1,0
BRDA:345,25,0,0
BRDA:345,25,1,0
BRF:52
BRH:0
end_of_record
TN:
SF:src/view/components/SocialGameCardSelector.tsx
FN:23,SocialGameCardSelector
FN:41,(anonymous_1)
FN:47,(anonymous_2)
FN:50,(anonymous_3)
FN:62,(anonymous_4)
FN:78,(anonymous_5)
FN:79,(anonymous_6)
FN:93,(anonymous_7)
FN:101,(anonymous_8)
FN:109,(anonymous_9)
FN:132,(anonymous_10)
FN:148,(anonymous_11)
FN:155,(anonymous_12)
FNF:13
FNH:0
FNDA:0,SocialGameCardSelector
FNDA:0,(anonymous_1)
FNDA:0,(anonymous_2)
FNDA:0,(anonymous_3)
FNDA:0,(anonymous_4)
FNDA:0,(anonymous_5)
FNDA:0,(anonymous_6)
FNDA:0,(anonymous_7)
FNDA:0,(anonymous_8)
FNDA:0,(anonymous_9)
FNDA:0,(anonymous_10)
FNDA:0,(anonymous_11)
FNDA:0,(anonymous_12)
DA:23,0
DA:34,0
DA:35,0
DA:36,0
DA:37,0
DA:38,0
DA:39,0
DA:41,0
DA:42,0
DA:43,0
DA:44,0
DA:47,0
DA:50,0
DA:51,0
DA:52,0
DA:55,0
DA:56,0
DA:57,0
DA:58,0
DA:59,0
DA:62,0
DA:63,0
DA:64,0
DA:67,0
DA:68,0
DA:69,0
DA:72,0
DA:73,0
DA:74,0
DA:78,0
DA:79,0
DA:80,0
DA:81,0
DA:84,0
DA:85,0
DA:86,0
DA:89,0
DA:90,0
DA:93,0
DA:94,0
DA:95,0
DA:98,0
DA:99,0
DA:101,0
DA:102,0
DA:106,0
DA:107,0
DA:109,0
DA:110,0
DA:111,0
DA:115,0
DA:132,0
DA:149,0
DA:150,0
DA:156,0
DA:157,0
DA:160,0
LF:57
LH:0
BRDA:43,0,0,0
BRDA:43,0,1,0
BRDA:51,1,0,0
BRDA:51,1,1,0
BRDA:51,2,0,0
BRDA:51,2,1,0
BRDA:63,3,0,0
BRDA:63,3,1,0
BRDA:67,4,0,0
BRDA:67,4,1,0
BRDA:72,5,0,0
BRDA:72,5,1,0
BRDA:80,6,0,0
BRDA:80,6,1,0
BRDA:80,7,0,0
BRDA:80,7,1,0
BRDA:85,8,0,0
BRDA:85,8,1,0
BRDA:94,9,0,0
BRDA:94,9,1,0
BRDA:136,10,0,0
BRDA:136,10,1,0
BRDA:141,11,0,0
BRDA:141,11,1,0
BRDA:154,12,0,0
BRDA:154,12,1,0
BRDA:156,13,0,0
BRDA:156,13,1,0
BRDA:164,14,0,0
BRDA:164,14,1,0
BRF:30
BRH:0
end_of_record
TN:
SF:src/view/components/SocialHub.tsx
FN:37,(anonymous_0)
FN:41,(anonymous_1)
FN:45,(anonymous_2)
FN:49,(anonymous_3)
FN:53,(anonymous_4)
FN:72,(anonymous_5)
FN:94,SocialHub
FN:98,(anonymous_7)
FN:154,(anonymous_8)
FN:172,(anonymous_9)
FN:175,(anonymous_10)
FN:183,(anonymous_11)
FN:186,(anonymous_12)
FN:239,(anonymous_13)
FN:244,(anonymous_14)
FN:253,(anonymous_15)
FN:262,(anonymous_16)
FN:268,(anonymous_17)
FN:271,(anonymous_18)
FN:314,(anonymous_19)
FN:316,(anonymous_20)
FN:318,(anonymous_21)
FN:325,(anonymous_22)
FN:326,(anonymous_23)
FN:329,(anonymous_24)
FN:331,(anonymous_25)
FN:337,(anonymous_26)
FN:344,(anonymous_27)
FN:348,(anonymous_28)
FN:360,(anonymous_29)
FN:378,(anonymous_30)
FN:379,(anonymous_31)
FN:382,(anonymous_32)
FN:391,(anonymous_33)
FN:394,(anonymous_34)
FN:419,(anonymous_35)
FN:424,(anonymous_36)
FN:427,(anonymous_37)
FN:431,(anonymous_38)
FN:432,(anonymous_39)
FN:439,(anonymous_40)
FN:454,(anonymous_41)
FN:459,(anonymous_42)
FN:471,(anonymous_43)
FN:472,(anonymous_44)
FN:480,(anonymous_45)
FN:495,(anonymous_46)
FN:501,(anonymous_47)
FN:513,(anonymous_48)
FN:522,(anonymous_49)
FN:537,(anonymous_50)
FN:539,(anonymous_51)
FN:551,(anonymous_52)
FN:568,(anonymous_53)
FN:584,(anonymous_54)
FN:588,(anonymous_55)
FN:592,(anonymous_56)
FN:604,(anonymous_57)
FN:616,(anonymous_58)
FN:617,(anonymous_59)
FN:627,(anonymous_60)
FN:639,(anonymous_61)
FN:645,(anonymous_62)
FN:680,(anonymous_63)
FN:699,(anonymous_64)
FN:749,(anonymous_65)
FN:750,(anonymous_66)
FN:816,(anonymous_67)
FN:823,(anonymous_68)
FN:827,(anonymous_69)
FN:838,(anonymous_70)
FN:847,(anonymous_71)
FN:848,(anonymous_72)
FN:849,(anonymous_73)
FN:850,(anonymous_74)
FN:858,(anonymous_75)
FN:859,(anonymous_76)
FN:860,(anonymous_77)
FN:861,(anonymous_78)
FN:862,(anonymous_79)
FN:865,(anonymous_80)
FN:887,(anonymous_81)
FN:919,(anonymous_82)
FN:924,(anonymous_83)
FN:930,(anonymous_84)
FN:932,(anonymous_85)
FN:945,(anonymous_86)
FN:954,(anonymous_87)
FN:967,(anonymous_88)
FN:1016,(anonymous_89)
FN:1040,(anonymous_90)
FN:1047,(anonymous_91)
FN:1060,(anonymous_92)
FN:1070,(anonymous_93)
FN:1079,(anonymous_94)
FN:1089,(anonymous_95)
FN:1128,(anonymous_96)
FN:1150,(anonymous_97)
FN:1161,(anonymous_98)
FN:1176,(anonymous_99)
FN:1177,(anonymous_100)
FN:1242,(anonymous_101)
FN:1291,(anonymous_102)
FNF:103
FNH:0
FNDA:0,(anonymous_0)
FNDA:0,(anonymous_1)
FNDA:0,(anonymous_2)
FNDA:0,(anonymous_3)
FNDA:0,(anonymous_4)
FNDA:0,(anonymous_5)
FNDA:0,SocialHub
FNDA:0,(anonymous_7)
FNDA:0,(anonymous_8)
FNDA:0,(anonymous_9)
FNDA:0,(anonymous_10)
FNDA:0,(anonymous_11)
FNDA:0,(anonymous_12)
FNDA:0,(anonymous_13)
FNDA:0,(anonymous_14)
FNDA:0,(anonymous_15)
FNDA:0,(anonymous_16)
FNDA:0,(anonymous_17)
FNDA:0,(anonymous_18)
FNDA:0,(anonymous_19)
FNDA:0,(anonymous_20)
FNDA:0,(anonymous_21)
FNDA:0,(anonymous_22)
FNDA:0,(anonymous_23)
FNDA:0,(anonymous_24)
FNDA:0,(anonymous_25)
FNDA:0,(anonymous_26)
FNDA:0,(anonymous_27)
FNDA:0,(anonymous_28)
FNDA:0,(anonymous_29)
FNDA:0,(anonymous_30)
FNDA:0,(anonymous_31)
FNDA:0,(anonymous_32)
FNDA:0,(anonymous_33)
FNDA:0,(anonymous_34)
FNDA:0,(anonymous_35)
FNDA:0,(anonymous_36)
FNDA:0,(anonymous_37)
FNDA:0,(anonymous_38)
FNDA:0,(anonymous_39)
FNDA:0,(anonymous_40)
FNDA:0,(anonymous_41)
FNDA:0,(anonymous_42)
FNDA:0,(anonymous_43)
FNDA:0,(anonymous_44)
FNDA:0,(anonymous_45)
FNDA:0,(anonymous_46)
FNDA:0,(anonymous_47)
FNDA:0,(anonymous_48)
FNDA:0,(anonymous_49)
FNDA:0,(anonymous_50)
FNDA:0,(anonymous_51)
FNDA:0,(anonymous_52)
FNDA:0,(anonymous_53)
FNDA:0,(anonymous_54)
FNDA:0,(anonymous_55)
FNDA:0,(anonymous_56)
FNDA:0,(anonymous_57)
FNDA:0,(anonymous_58)
FNDA:0,(anonymous_59)
FNDA:0,(anonymous_60)
FNDA:0,(anonymous_61)
FNDA:0,(anonymous_62)
FNDA:0,(anonymous_63)
FNDA:0,(anonymous_64)
FNDA:0,(anonymous_65)
FNDA:0,(anonymous_66)
FNDA:0,(anonymous_67)
FNDA:0,(anonymous_68)
FNDA:0,(anonymous_69)
FNDA:0,(anonymous_70)
FNDA:0,(anonymous_71)
FNDA:0,(anonymous_72)
FNDA:0,(anonymous_73)
FNDA:0,(anonymous_74)
FNDA:0,(anonymous_75)
FNDA:0,(anonymous_76)
FNDA:0,(anonymous_77)
FNDA:0,(anonymous_78)
FNDA:0,(anonymous_79)
FNDA:0,(anonymous_80)
FNDA:0,(anonymous_81)
FNDA:0,(anonymous_82)
FNDA:0,(anonymous_83)
FNDA:0,(anonymous_84)
FNDA:0,(anonymous_85)
FNDA:0,(anonymous_86)
FNDA:0,(anonymous_87)
FNDA:0,(anonymous_88)
FNDA:0,(anonymous_89)
FNDA:0,(anonymous_90)
FNDA:0,(anonymous_91)
FNDA:0,(anonymous_92)
FNDA:0,(anonymous_93)
FNDA:0,(anonymous_94)
FNDA:0,(anonymous_95)
FNDA:0,(anonymous_96)
FNDA:0,(anonymous_97)
FNDA:0,(anonymous_98)
FNDA:0,(anonymous_99)
FNDA:0,(anonymous_100)
FNDA:0,(anonymous_101)
FNDA:0,(anonymous_102)
DA:37,0
DA:38,0
DA:41,0
DA:42,0
DA:45,0
DA:46,0
DA:49,0
DA:50,0
DA:53,0
DA:54,0
DA:55,0
DA:68,0
DA:69,0
DA:70,0
DA:72,0
DA:73,0
DA:74,0
DA:75,0
DA:77,0
DA:94,0
DA:95,0
DA:96,0
DA:98,0
DA:99,0
DA:120,0
DA:121,0
DA:122,0
DA:123,0
DA:124,0
DA:125,0
DA:126,0
DA:127,0
DA:128,0
DA:129,0
DA:130,0
DA:131,0
DA:132,0
DA:133,0
DA:134,0
DA:135,0
DA:136,0
DA:137,0
DA:138,0
DA:139,0
DA:140,0
DA:141,0
DA:142,0
DA:143,0
DA:144,0
DA:145,0
DA:146,0
DA:147,0
DA:148,0
DA:149,0
DA:150,0
DA:151,0
DA:152,0
DA:154,0
DA:155,0
DA:156,0
DA:159,0
DA:160,0
DA:161,0
DA:162,0
DA:164,0
DA:167,0
DA:168,0
DA:171,0
DA:172,0
DA:175,0
DA:176,0
DA:178,0
DA:179,0
DA:183,0
DA:184,0
DA:186,0
DA:187,0
DA:188,0
DA:189,0
DA:190,0
DA:192,0
DA:193,0
DA:194,0
DA:195,0
DA:197,0
DA:198,0
DA:199,0
DA:201,0
DA:202,0
DA:203,0
DA:204,0
DA:205,0
DA:206,0
DA:207,0
DA:210,0
DA:213,0
DA:219,0
DA:226,0
DA:227,0
DA:230,0
DA:231,0
DA:232,0
DA:233,0
DA:234,0
DA:237,0
DA:239,0
DA:240,0
DA:244,0
DA:245,0
DA:246,0
DA:247,0
DA:248,0
DA:249,0
DA:250,0
DA:251,0
DA:253,0
DA:254,0
DA:255,0
DA:258,0
DA:259,0
DA:262,0
DA:267,0
DA:268,0
DA:269,0
DA:271,0
DA:272,0
DA:273,0
DA:274,0
DA:277,0
DA:278,0
DA:279,0
DA:280,0
DA:282,0
DA:283,0
DA:286,0
DA:287,0
DA:289,0
DA:290,0
DA:293,0
DA:296,0
DA:302,0
DA:303,0
DA:304,0
DA:305,0
DA:307,0
DA:308,0
DA:310,0
DA:314,0
DA:316,0
DA:317,0
DA:318,0
DA:319,0
DA:320,0
DA:324,0
DA:325,0
DA:326,0
DA:329,0
DA:330,0
DA:331,0
DA:332,0
DA:334,0
DA:337,0
DA:344,0
DA:345,0
DA:346,0
DA:348,0
DA:349,0
DA:350,0
DA:353,0
DA:354,0
DA:357,0
DA:360,0
DA:361,0
DA:378,0
DA:379,0
DA:382,0
DA:383,0
DA:384,0
DA:385,0
DA:388,0
DA:391,0
DA:392,0
DA:394,0
DA:396,0
DA:399,0
DA:400,0
DA:403,0
DA:404,0
DA:407,0
DA:415,0
DA:419,0
DA:420,0
DA:421,0
DA:424,0
DA:427,0
DA:428,0
DA:430,0
DA:431,0
DA:432,0
DA:435,0
DA:436,0
DA:439,0
DA:440,0
DA:450,0
DA:454,0
DA:455,0
DA:456,0
DA:459,0
DA:461,0
DA:471,0
DA:472,0
DA:473,0
DA:474,0
DA:480,0
DA:481,0
DA:482,0
DA:489,0
DA:495,0
DA:501,0
DA:502,0
DA:507,0
DA:513,0
DA:518,0
DA:520,0
DA:522,0
DA:523,0
DA:524,0
DA:525,0
DA:527,0
DA:529,0
DA:530,0
DA:533,0
DA:536,0
DA:537,0
DA:539,0
DA:540,0
DA:541,0
DA:548,0
DA:551,0
DA:552,0
DA:553,0
DA:557,0
DA:558,0
DA:559,0
DA:562,0
DA:563,0
DA:564,0
DA:565,0
DA:568,0
DA:569,0
DA:570,0
DA:573,0
DA:574,0
DA:575,0
DA:578,0
DA:579,0
DA:580,0
DA:584,0
DA:585,0
DA:588,0
DA:589,0
DA:592,0
DA:594,0
DA:595,0
DA:598,0
DA:599,0
DA:604,0
DA:606,0
DA:607,0
DA:610,0
DA:611,0
DA:616,0
DA:617,0
DA:618,0
DA:619,0
DA:622,0
DA:623,0
DA:624,0
DA:627,0
DA:628,0
DA:629,0
DA:632,0
DA:633,0
DA:636,0
DA:637,0
DA:639,0
DA:640,0
DA:641,0
DA:645,0
DA:646,0
DA:647,0
DA:648,0
DA:651,0
DA:652,0
DA:653,0
DA:656,0
DA:657,0
DA:658,0
DA:659,0
DA:660,0
DA:663,0
DA:664,0
DA:670,0
DA:671,0
DA:672,0
DA:674,0
DA:676,0
DA:680,0
DA:681,0
DA:682,0
DA:683,0
DA:684,0
DA:685,0
DA:686,0
DA:687,0
DA:688,0
DA:693,0
DA:695,0
DA:699,0
DA:700,0
DA:701,0
DA:704,0
DA:705,0
DA:706,0
DA:707,0
DA:710,0
DA:711,0
DA:712,0
DA:714,0
DA:715,0
DA:716,0
DA:719,0
DA:720,0
DA:724,0
DA:725,0
DA:736,0
DA:737,0
DA:738,0
DA:739,0
DA:747,0
DA:748,0
DA:749,0
DA:750,0
DA:751,0
DA:752,0
DA:753,0
DA:754,0
DA:760,0
DA:762,0
DA:763,0
DA:764,0
DA:765,0
DA:766,0
DA:767,0
DA:768,0
DA:769,0
DA:773,0
DA:776,0
DA:777,0
DA:778,0
DA:779,0
DA:782,0
DA:783,0
DA:789,0
DA:790,0
DA:791,0
DA:792,0
DA:793,0
DA:794,0
DA:797,0
DA:799,0
DA:816,0
DA:818,0
DA:819,0
DA:823,0
DA:824,0
DA:827,0
DA:828,0
DA:829,0
DA:832,0
DA:833,0
DA:834,0
DA:835,0
DA:837,0
DA:839,0
DA:840,0
DA:841,0
DA:843,0
DA:844,0
DA:845,0
DA:846,0
DA:847,0
DA:848,0
DA:849,0
DA:850,0
DA:857,0
DA:858,0
DA:859,0
DA:860,0
DA:861,0
DA:862,0
DA:864,0
DA:866,0
DA:867,0
DA:868,0
DA:870,0
DA:881,0
DA:887,0
DA:894,0
DA:910,0
DA:912,0
DA:913,0
DA:915,0
DA:919,0
DA:920,0
DA:924,0
DA:925,0
DA:926,0
DA:930,0
DA:931,0
DA:932,0
DA:933,0
DA:937,0
DA:938,0
DA:939,0
DA:942,0
DA:945,0
DA:946,0
DA:947,0
DA:948,0
DA:949,0
DA:952,0
DA:953,0
DA:954,0
DA:955,0
DA:957,0
DA:964,0
DA:967,0
DA:973,0
DA:974,0
DA:976,0
DA:983,0
DA:984,0
DA:985,0
DA:987,0
DA:996,0
DA:1002,0
DA:1003,0
DA:1005,0
DA:1009,0
DA:1010,0
DA:1011,0
DA:1012,0
DA:1013,0
DA:1014,0
DA:1016,0
DA:1018,0
DA:1020,0
DA:1040,0
DA:1041,0
DA:1042,0
DA:1043,0
DA:1044,0
DA:1047,0
DA:1056,0
DA:1057,0
DA:1060,0
DA:1066,0
DA:1067,0
DA:1070,0
DA:1075,0
DA:1076,0
DA:1079,0
DA:1085,0
DA:1086,0
DA:1089,0
DA:1094,0
DA:1097,0
DA:1098,0
DA:1111,0
DA:1112,0
DA:1113,0
DA:1128,0
DA:1143,0
DA:1144,0
DA:1150,0
DA:1156,0
DA:1157,0
DA:1161,0
DA:1167,0
DA:1176,0
DA:1178,0
DA:1179,0
DA:1181,0
DA:1200,0
DA:1243,0
DA:1244,0
DA:1245,0
DA:1292,0
LF:499
LH:0
BRDA:38,0,0,0
BRDA:38,0,1,0
BRDA:42,1,0,0
BRDA:42,1,1,0
BRDA:46,2,0,0
BRDA:46,2,1,0
BRDA:50,3,0,0
BRDA:50,3,1,0
BRDA:55,4,0,0
BRDA:55,4,1,0
BRDA:55,5,0,0
BRDA:55,5,1,0
BRDA:78,6,0,0
BRDA:78,6,1,0
BRDA:78,7,0,0
BRDA:78,7,1,0
BRDA:78,8,0,0
BRDA:78,8,1,0
BRDA:79,9,0,0
BRDA:79,9,1,0
BRDA:80,10,0,0
BRDA:80,10,1,0
BRDA:81,11,0,0
BRDA:81,11,1,0
BRDA:82,12,0,0
BRDA:82,12,1,0
BRDA:159,13,0,0
BRDA:159,13,1,0
BRDA:161,14,0,0
BRDA:161,14,1,0
BRDA:167,15,0,0
BRDA:167,15,1,0
BRDA:171,16,0,0
BRDA:171,16,1,0
BRDA:178,17,0,0
BRDA:178,17,1,0
BRDA:190,18,0,0
BRDA:190,18,1,0
BRDA:192,19,0,0
BRDA:192,19,1,0
BRDA:192,20,0,0
BRDA:192,20,1,0
BRDA:192,20,2,0
BRDA:195,21,0,0
BRDA:195,21,1,0
BRDA:197,22,0,0
BRDA:197,22,1,0
BRDA:201,23,0,0
BRDA:201,23,1,0
BRDA:226,24,0,0
BRDA:226,24,1,0
BRDA:231,25,0,0
BRDA:231,25,1,0
BRDA:233,26,0,0
BRDA:233,26,1,0
BRDA:245,27,0,0
BRDA:245,27,1,0
BRDA:248,28,0,0
BRDA:248,28,1,0
BRDA:250,29,0,0
BRDA:250,29,1,0
BRDA:250,29,2,0
BRDA:250,29,3,0
BRDA:250,29,4,0
BRDA:251,30,0,0
BRDA:251,30,1,0
BRDA:251,30,2,0
BRDA:254,31,0,0
BRDA:254,31,1,0
BRDA:254,32,0,0
BRDA:254,32,1,0
BRDA:264,33,0,0
BRDA:264,33,1,0
BRDA:264,34,0,0
BRDA:264,34,1,0
BRDA:267,35,0,0
BRDA:267,35,1,0
BRDA:267,36,0,0
BRDA:267,36,1,0
BRDA:267,37,0,0
BRDA:267,37,1,0
BRDA:272,38,0,0
BRDA:272,38,1,0
BRDA:280,39,0,0
BRDA:280,39,1,0
BRDA:282,40,0,0
BRDA:282,40,1,0
BRDA:289,41,0,0
BRDA:289,41,1,0
BRDA:307,42,0,0
BRDA:307,42,1,0
BRDA:319,43,0,0
BRDA:319,43,1,0
BRDA:319,44,0,0
BRDA:319,44,1,0
BRDA:349,45,0,0
BRDA:349,45,1,0
BRDA:364,46,0,0
BRDA:364,46,1,0
BRDA:365,47,0,0
BRDA:365,47,1,0
BRDA:367,48,0,0
BRDA:367,48,1,0
BRDA:368,49,0,0
BRDA:368,49,1,0
BRDA:369,50,0,0
BRDA:369,50,1,0
BRDA:370,51,0,0
BRDA:370,51,1,0
BRDA:371,52,0,0
BRDA:371,52,1,0
BRDA:374,53,0,0
BRDA:374,53,1,0
BRDA:384,54,0,0
BRDA:384,54,1,0
BRDA:388,55,0,0
BRDA:388,55,1,0
BRDA:388,55,2,0
BRDA:396,56,0,0
BRDA:396,56,1,0
BRDA:396,56,2,0
BRDA:399,57,0,0
BRDA:399,57,1,0
BRDA:403,58,0,0
BRDA:403,58,1,0
BRDA:420,59,0,0
BRDA:420,59,1,0
BRDA:420,60,0,0
BRDA:420,60,1,0
BRDA:424,61,0,0
BRDA:424,61,1,0
BRDA:435,62,0,0
BRDA:435,62,1,0
BRDA:455,63,0,0
BRDA:455,63,1,0
BRDA:455,64,0,0
BRDA:455,64,1,0
BRDA:455,64,2,0
BRDA:455,64,3,0
BRDA:459,65,0,0
BRDA:459,65,1,0
BRDA:461,66,0,0
BRDA:461,66,1,0
BRDA:461,66,2,0
BRDA:473,67,0,0
BRDA:473,67,1,0
BRDA:475,68,0,0
BRDA:475,68,1,0
BRDA:476,69,0,0
BRDA:476,69,1,0
BRDA:477,70,0,0
BRDA:477,70,1,0
BRDA:478,71,0,0
BRDA:478,71,1,0
BRDA:481,72,0,0
BRDA:481,72,1,0
BRDA:495,73,0,0
BRDA:495,73,1,0
BRDA:524,74,0,0
BRDA:524,74,1,0
BRDA:529,75,0,0
BRDA:529,75,1,0
BRDA:552,76,0,0
BRDA:552,76,1,0
BRDA:552,77,0,0
BRDA:552,77,1,0
BRDA:558,78,0,0
BRDA:558,78,1,0
BRDA:569,79,0,0
BRDA:569,79,1,0
BRDA:573,80,0,0
BRDA:573,80,1,0
BRDA:578,81,0,0
BRDA:578,81,1,0
BRDA:594,82,0,0
BRDA:594,82,1,0
BRDA:594,83,0,0
BRDA:594,83,1,0
BRDA:606,84,0,0
BRDA:606,84,1,0
BRDA:606,85,0,0
BRDA:606,85,1,0
BRDA:618,86,0,0
BRDA:618,86,1,0
BRDA:618,87,0,0
BRDA:618,87,1,0
BRDA:628,88,0,0
BRDA:628,88,1,0
BRDA:646,89,0,0
BRDA:646,89,1,0
BRDA:651,90,0,0
BRDA:651,90,1,0
BRDA:659,91,0,0
BRDA:659,91,1,0
BRDA:674,92,0,0
BRDA:674,92,1,0
BRDA:686,93,0,0
BRDA:686,93,1,0
BRDA:693,94,0,0
BRDA:693,94,1,0
BRDA:700,95,0,0
BRDA:700,95,1,0
BRDA:700,96,0,0
BRDA:700,96,1,0
BRDA:700,96,2,0
BRDA:705,97,0,0
BRDA:705,97,1,0
BRDA:715,98,0,0
BRDA:715,98,1,0
BRDA:716,99,0,0
BRDA:716,99,1,0
BRDA:719,100,0,0
BRDA:719,100,1,0
BRDA:720,101,0,0
BRDA:720,101,1,0
BRDA:721,102,0,0
BRDA:721,102,1,0
BRDA:722,103,0,0
BRDA:722,103,1,0
BRDA:724,104,0,0
BRDA:724,104,1,0
BRDA:724,105,0,0
BRDA:724,105,1,0
BRDA:737,106,0,0
BRDA:737,106,1,0
BRDA:737,106,2,0
BRDA:747,107,0,0
BRDA:747,107,1,0
BRDA:747,107,2,0
BRDA:747,107,3,0
BRDA:751,108,0,0
BRDA:751,108,1,0
BRDA:752,109,0,0
BRDA:752,109,1,0
BRDA:753,110,0,0
BRDA:753,110,1,0
BRDA:755,111,0,0
BRDA:755,111,1,0
BRDA:755,111,2,0
BRDA:755,111,3,0
BRDA:760,112,0,0
BRDA:760,112,1,0
BRDA:764,113,0,0
BRDA:764,113,1,0
BRDA:776,114,0,0
BRDA:776,114,1,0
BRDA:778,115,0,0
BRDA:778,115,1,0
BRDA:782,116,0,0
BRDA:782,116,1,0
BRDA:782,117,0,0
BRDA:782,117,1,0
BRDA:782,117,2,0
BRDA:797,118,0,0
BRDA:797,118,1,0
BRDA:818,119,0,0
BRDA:818,119,1,0
BRDA:827,120,0,0
BRDA:828,121,0,0
BRDA:828,121,1,0
BRDA:828,122,0,0
BRDA:828,122,1,0
BRDA:828,122,2,0
BRDA:828,122,3,0
BRDA:828,122,4,0
BRDA:840,123,0,0
BRDA:840,123,1,0
BRDA:843,124,0,0
BRDA:843,124,1,0
BRDA:845,125,0,0
BRDA:845,125,1,0
BRDA:860,126,0,0
BRDA:860,126,1,0
BRDA:862,127,0,0
BRDA:862,127,1,0
BRDA:875,128,0,0
BRDA:875,128,1,0
BRDA:875,128,2,0
BRDA:883,129,0,0
BRDA:883,129,1,0
BRDA:883,129,2,0
BRDA:891,130,0,0
BRDA:891,130,1,0
BRDA:896,131,0,0
BRDA:896,131,1,0
BRDA:913,132,0,0
BRDA:913,132,1,0
BRDA:925,133,0,0
BRDA:925,133,1,0
BRDA:925,134,0,0
BRDA:925,134,1,0
BRDA:925,134,2,0
BRDA:925,134,3,0
BRDA:925,134,4,0
BRDA:925,134,5,0
BRDA:931,135,0,0
BRDA:931,135,1,0
BRDA:937,136,0,0
BRDA:937,136,1,0
BRDA:947,137,0,0
BRDA:947,137,1,0
BRDA:947,138,0,0
BRDA:947,138,1,0
BRDA:947,138,2,0
BRDA:965,139,0,0
BRDA:965,139,1,0
BRDA:965,139,2,0
BRDA:967,140,0,0
BRDA:967,140,1,0
BRDA:985,141,0,0
BRDA:985,141,1,0
BRDA:985,141,2,0
BRDA:990,142,0,0
BRDA:990,142,1,0
BRDA:991,143,0,0
BRDA:991,143,1,0
BRDA:1018,144,0,0
BRDA:1018,144,1,0
BRDA:1056,145,0,0
BRDA:1056,145,1,0
BRDA:1066,146,0,0
BRDA:1066,146,1,0
BRDA:1075,147,0,0
BRDA:1075,147,1,0
BRDA:1078,148,0,0
BRDA:1078,148,1,0
BRDA:1085,149,0,0
BRDA:1085,149,1,0
BRDA:1088,150,0,0
BRDA:1088,150,1,0
BRDA:1097,151,0,0
BRDA:1097,151,1,0
BRDA:1111,152,0,0
BRDA:1111,152,1,0
BRDA:1111,153,0,0
BRDA:1111,153,1,0
BRDA:1112,154,0,0
BRDA:1112,154,1,0
BRDA:1143,155,0,0
BRDA:1143,155,1,0
BRDA:1156,156,0,0
BRDA:1156,156,1,0
BRDA:1178,157,0,0
BRDA:1178,157,1,0
BRDA:1214,158,0,0
BRDA:1214,158,1,0
BRDA:1226,159,0,0
BRDA:1226,159,1,0
BRDA:1244,160,0,0
BRDA:1244,160,1,0
BRDA:1248,161,0,0
BRDA:1248,161,1,0
BRDA:1248,162,0,0
BRDA:1248,162,1,0
BRDA:1250,163,0,0
BRDA:1250,163,1,0
BRDA:1260,164,0,0
BRDA:1260,164,1,0
BRDA:1263,165,0,0
BRDA:1263,165,1,0
BRDA:1263,166,0,0
BRDA:1263,166,1,0
BRDA:1266,167,0,0
BRDA:1266,167,1,0
BRDA:1266,168,0,0
BRDA:1266,168,1,0
BRDA:1266,168,2,0
BRDA:1269,169,0,0
BRDA:1269,169,1,0
BRDA:1269,170,0,0
BRDA:1269,170,1,0
BRDA:1276,171,0,0
BRDA:1276,171,1,0
BRDA:1278,172,0,0
BRDA:1278,172,1,0
BRDA:1280,173,0,0
BRDA:1280,173,1,0
BRDA:1282,174,0,0
BRDA:1282,174,1,0
BRDA:1284,175,0,0
BRDA:1284,175,1,0
BRDA:1286,176,0,0
BRDA:1286,176,1,0
BRDA:1286,177,0,0
BRDA:1286,177,1,0
BRDA:1286,177,2,0
BRDA:1297,178,0,0
BRDA:1297,178,1,0
BRDA:1298,179,0,0
BRDA:1298,179,1,0
BRF:390
BRH:0
end_of_record
TN:
SF:src/view/components/StarPicker.tsx
FN:11,StarPicker
FN:14,(anonymous_1)
FN:31,(anonymous_2)
FN:35,(anonymous_3)
FN:36,(anonymous_4)
FNF:5
FNH:0
FNDA:0,StarPicker
FNDA:0,(anonymous_1)
FNDA:0,(anonymous_2)
FNDA:0,(anonymous_3)
FNDA:0,(anonymous_4)
DA:11,0
DA:12,0
DA:14,0
DA:15,0
DA:16,0
DA:17,0
DA:18,0
DA:19,0
DA:20,0
DA:21,0
DA:22,0
DA:23,0
DA:24,0
DA:25,0
DA:29,0
DA:32,0
DA:35,0
DA:36,0
LF:18
LH:0
BRDA:12,0,0,0
BRDA:12,0,1,0
BRDA:15,1,0,0
BRDA:15,1,1,0
BRDA:15,2,0,0
BRDA:15,2,1,0
BRDA:18,3,0,0
BRDA:18,3,1,0
BRDA:22,4,0,0
BRDA:22,4,1,0
BRDA:37,5,0,0
BRDA:37,5,1,0
BRDA:40,6,0,0
BRDA:40,6,1,0
BRDA:41,7,0,0
BRDA:41,7,1,0
BRF:16
BRH:0
end_of_record
TN:
SF:src/view/components/StarRating.tsx
FN:9,StarRating
FN:16,(anonymous_1)
FN:21,(anonymous_2)
FNF:3
FNH:0
FNDA:0,StarRating
FNDA:0,(anonymous_1)
FNDA:0,(anonymous_2)
DA:9,0
DA:10,0
DA:11,0
DA:12,0
DA:14,0
DA:17,0
DA:22,0
LF:7
LH:0
BRDA:10,0,0,0
BRDA:10,0,1,0
BRF:2
BRH:0
end_of_record
TN:
SF:src/view/components/StatusBanner.tsx
FN:8,StatusBanner
FNF:1
FNH:0
FNDA:0,StatusBanner
DA:8,0
DA:9,0
DA:11,0
LF:3
LH:0
BRDA:8,0,0,0
BRDA:9,1,0,0
BRDA:9,1,1,0
BRDA:13,2,0,0
BRDA:13,2,1,0
BRDA:13,3,0,0
BRDA:13,3,1,0
BRDA:15,4,0,0
BRDA:15,4,1,0
BRDA:15,5,0,0
BRDA:15,5,1,0
BRDA:17,6,0,0
BRDA:17,6,1,0
BRDA:17,7,0,0
BRDA:17,7,1,0
BRF:15
BRH:0
end_of_record
TN:
SF:src/view/components/TabBar.tsx
FN:12,TabBar
FN:15,(anonymous_1)
FN:21,(anonymous_2)
FNF:3
FNH:0
FNDA:0,TabBar
FNDA:0,(anonymous_1)
FNDA:0,(anonymous_2)
DA:12,0
DA:13,0
DA:16,0
DA:21,0
LF:4
LH:0
BRDA:18,0,0,0
BRDA:18,0,1,0
BRF:2
BRH:0
end_of_record
TN:
SF:src/view/components/TagInput.tsx
FN:32,TagInput
FN:55,(anonymous_1)
FN:65,(anonymous_2)
FN:70,(anonymous_3)
FN:76,(anonymous_4)
FN:83,(anonymous_5)
FN:100,(anonymous_6)
FN:107,(anonymous_7)
FN:124,(anonymous_8)
FN:131,(anonymous_9)
FN:154,(anonymous_10)
FN:167,(anonymous_11)
FN:168,(anonymous_12)
FN:170,(anonymous_13)
FN:181,(anonymous_14)
FN:191,(anonymous_15)
FNF:16
FNH:0
FNDA:0,TagInput
FNDA:0,(anonymous_1)
FNDA:0,(anonymous_2)
FNDA:0,(anonymous_3)
FNDA:0,(anonymous_4)
FNDA:0,(anonymous_5)
FNDA:0,(anonymous_6)
FNDA:0,(anonymous_7)
FNDA:0,(anonymous_8)
FNDA:0,(anonymous_9)
FNDA:0,(anonymous_10)
FNDA:0,(anonymous_11)
FNDA:0,(anonymous_12)
FNDA:0,(anonymous_13)
FNDA:0,(anonymous_14)
FNDA:0,(anonymous_15)
DA:24,0
DA:48,0
DA:49,0
DA:50,0
DA:51,0
DA:52,0
DA:55,0
DA:56,0
DA:57,0
DA:58,0
DA:60,0
DA:62,0
DA:63,0
DA:65,0
DA:66,0
DA:70,0
DA:71,0
DA:73,0
DA:74,0
DA:76,0
DA:78,0
DA:79,0
DA:80,0
DA:83,0
DA:84,0
DA:85,0
DA:86,0
DA:87,0
DA:88,0
DA:91,0
DA:93,0
DA:101,0
DA:107,0
DA:125,0
DA:127,0
DA:128,0
DA:129,0
DA:130,0
DA:131,0
DA:132,0
DA:133,0
DA:135,0
DA:138,0
DA:139,0
DA:140,0
DA:141,0
DA:145,0
DA:146,0
DA:147,0
DA:148,0
DA:150,0
DA:155,0
DA:156,0
DA:157,0
DA:158,0
DA:159,0
DA:160,0
DA:161,0
DA:162,0
DA:164,0
DA:165,0
DA:167,0
DA:170,0
DA:182,0
DA:183,0
DA:192,0
DA:193,0
DA:194,0
LF:68
LH:0
BRDA:24,0,0,0
BRDA:24,0,1,0
BRDA:24,0,2,0
BRDA:24,0,3,0
BRDA:24,0,4,0
BRDA:24,0,5,0
BRDA:44,1,0,0
BRDA:45,2,0,0
BRDA:46,3,0,0
BRDA:56,4,0,0
BRDA:56,4,1,0
BRDA:60,5,0,0
BRDA:60,5,1,0
BRDA:63,6,0,0
BRDA:63,6,1,0
BRDA:71,7,0,0
BRDA:71,7,1,0
BRDA:71,8,0,0
BRDA:71,8,1,0
BRDA:74,9,0,0
BRDA:74,9,1,0
BRDA:91,10,0,0
BRDA:91,10,1,0
BRDA:97,11,0,0
BRDA:97,11,1,0
BRDA:99,12,0,0
BRDA:99,12,1,0
BRDA:99,13,0,0
BRDA:99,13,1,0
BRDA:118,14,0,0
BRDA:118,14,1,0
BRDA:127,15,0,0
BRDA:127,15,1,0
BRDA:127,16,0,0
BRDA:127,16,1,0
BRDA:128,17,0,0
BRDA:128,17,1,0
BRDA:128,18,0,0
BRDA:128,18,1,0
BRDA:130,19,0,0
BRDA:130,19,1,0
BRDA:132,20,0,0
BRDA:132,20,1,0
BRDA:132,21,0,0
BRDA:132,21,1,0
BRDA:133,22,0,0
BRDA:133,22,1,0
BRDA:138,23,0,0
BRDA:138,23,1,0
BRDA:145,24,0,0
BRDA:145,24,1,0
BRDA:147,25,0,0
BRDA:147,25,1,0
BRDA:147,26,0,0
BRDA:147,26,1,0
BRDA:147,26,2,0
BRDA:147,26,3,0
BRDA:156,27,0,0
BRDA:156,27,1,0
BRDA:156,28,0,0
BRDA:156,28,1,0
BRDA:174,29,0,0
BRDA:174,29,1,0
BRDA:174,30,0,0
BRDA:174,30,1,0
BRDA:174,30,2,0
BRDA:190,31,0,0
BRDA:190,31,1,0
BRDA:214,32,0,0
BRDA:214,32,1,0
BRF:70
BRH:0
end_of_record
TN:
SF:src/view/components/Toolbar.tsx
FN:28,Toolbar
FN:42,(anonymous_1)
FN:46,(anonymous_2)
FN:47,(anonymous_3)
FN:53,(anonymous_4)
FN:58,(anonymous_5)
FN:59,(anonymous_6)
FN:61,(anonymous_7)
FN:69,(anonymous_8)
FN:88,(anonymous_9)
FN:94,(anonymous_10)
FN:113,(anonymous_11)
FN:115,(anonymous_12)
FN:124,(anonymous_13)
FN:126,(anonymous_14)
FN:137,(anonymous_15)
FN:139,(anonymous_16)
FN:151,(anonymous_17)
FN:153,(anonymous_18)
FN:170,(anonymous_19)
FN:183,(anonymous_20)
FN:193,(anonymous_21)
FN:200,(anonymous_22)
FNF:23
FNH:0
FNDA:0,Toolbar
FNDA:0,(anonymous_1)
FNDA:0,(anonymous_2)
FNDA:0,(anonymous_3)
FNDA:0,(anonymous_4)
FNDA:0,(anonymous_5)
FNDA:0,(anonymous_6)
FNDA:0,(anonymous_7)
FNDA:0,(anonymous_8)
FNDA:0,(anonymous_9)
FNDA:0,(anonymous_10)
FNDA:0,(anonymous_11)
FNDA:0,(anonymous_12)
FNDA:0,(anonymous_13)
FNDA:0,(anonymous_14)
FNDA:0,(anonymous_15)
FNDA:0,(anonymous_16)
FNDA:0,(anonymous_17)
FNDA:0,(anonymous_18)
FNDA:0,(anonymous_19)
FNDA:0,(anonymous_20)
FNDA:0,(anonymous_21)
FNDA:0,(anonymous_22)
DA:28,0
DA:40,0
DA:42,0
DA:43,0
DA:46,0
DA:47,0
DA:48,0
DA:49,0
DA:53,0
DA:54,0
DA:58,0
DA:59,0
DA:60,0
DA:61,0
DA:63,0
DA:64,0
DA:65,0
DA:66,0
DA:67,0
DA:68,0
DA:69,0
DA:70,0
DA:72,0
DA:73,0
DA:74,0
DA:79,0
DA:88,0
DA:95,0
DA:96,0
DA:113,0
DA:116,0
DA:124,0
DA:127,0
DA:137,0
DA:140,0
DA:151,0
DA:154,0
DA:170,0
DA:183,0
DA:194,0
DA:200,0
LF:41
LH:0
BRDA:48,0,0,0
BRDA:48,0,1,0
BRDA:58,1,0,0
BRDA:58,1,1,0
BRDA:64,2,0,0
BRDA:64,2,1,0
BRDA:65,3,0,0
BRDA:65,3,1,0
BRDA:66,4,0,0
BRDA:66,4,1,0
BRDA:67,5,0,0
BRDA:67,5,1,0
BRDA:68,6,0,0
BRDA:68,6,1,0
BRDA:70,7,0,0
BRDA:70,7,1,0
BRDA:72,8,0,0
BRDA:72,8,1,0
BRDA:72,9,0,0
BRDA:72,9,1,0
BRDA:73,10,0,0
BRDA:73,10,1,0
BRDA:90,11,0,0
BRDA:90,11,1,0
BRDA:103,12,0,0
BRDA:103,12,1,0
BRDA:105,13,0,0
BRDA:105,13,1,0
BRDA:105,14,0,0
BRDA:105,14,1,0
BRDA:110,15,0,0
BRDA:110,15,1,0
BRDA:110,16,0,0
BRDA:110,16,1,0
BRDA:134,17,0,0
BRDA:134,17,1,0
BRDA:148,18,0,0
BRDA:148,18,1,0
BRDA:162,19,0,0
BRDA:162,19,1,0
BRDA:168,20,0,0
BRDA:168,20,1,0
BRDA:172,21,0,0
BRDA:172,21,1,0
BRDA:180,22,0,0
BRDA:180,22,1,0
BRDA:191,23,0,0
BRDA:191,23,1,0
BRF:48
BRH:0
end_of_record
TN:
SF:src/view/components/socialhub/SocialDetailScreen.tsx
FN:8,SocialDetailScreen
FN:82,(anonymous_1)
FN:98,(anonymous_2)
FN:108,(anonymous_3)
FN:118,(anonymous_4)
FN:128,(anonymous_5)
FNF:6
FNH:0
FNDA:0,SocialDetailScreen
FNDA:0,(anonymous_1)
FNDA:0,(anonymous_2)
FNDA:0,(anonymous_3)
FNDA:0,(anonymous_4)
FNDA:0,(anonymous_5)
DA:25,0
DA:26,0
DA:50,0
DA:51,0
DA:52,0
DA:53,0
DA:54,0
DA:57,0
DA:82,0
DA:99,0
DA:109,0
DA:119,0
DA:129,0
LF:13
LH:0
BRDA:25,0,0,0
BRDA:25,0,1,0
BRDA:45,1,0,0
BRDA:45,1,1,0
BRDA:51,2,0,0
BRDA:51,2,1,0
BRDA:54,3,0,0
BRDA:54,3,1,0
BRDA:90,4,0,0
BRDA:90,4,1,0
BRDA:91,5,0,0
BRDA:91,5,1,0
BRDA:92,6,0,0
BRDA:92,6,1,0
BRDA:94,7,0,0
BRDA:94,7,1,0
BRDA:94,8,0,0
BRDA:94,8,1,0
BRDA:104,9,0,0
BRDA:104,9,1,0
BRDA:104,10,0,0
BRDA:104,10,1,0
BRDA:114,11,0,0
BRDA:114,11,1,0
BRDA:114,12,0,0
BRDA:114,12,1,0
BRDA:124,13,0,0
BRDA:124,13,1,0
BRDA:124,14,0,0
BRDA:124,14,1,0
BRDA:137,15,0,0
BRDA:137,15,1,0
BRF:32
BRH:0
end_of_record
TN:
SF:src/view/components/socialhub/SocialFeedScreen.tsx
FN:9,SocialFeedScreen
FN:69,(anonymous_1)
FN:73,(anonymous_2)
FN:90,(anonymous_3)
FN:95,(anonymous_4)
FN:111,(anonymous_5)
FN:112,(anonymous_6)
FN:137,(anonymous_7)
FN:158,(anonymous_8)
FN:164,(anonymous_9)
FN:165,(anonymous_10)
FNF:11
FNH:0
FNDA:0,SocialFeedScreen
FNDA:0,(anonymous_1)
FNDA:0,(anonymous_2)
FNDA:0,(anonymous_3)
FNDA:0,(anonymous_4)
FNDA:0,(anonymous_5)
FNDA:0,(anonymous_6)
FNDA:0,(anonymous_7)
FNDA:0,(anonymous_8)
FNDA:0,(anonymous_9)
FNDA:0,(anonymous_10)
DA:56,0
DA:69,0
DA:73,0
DA:91,0
DA:96,0
DA:97,0
DA:98,0
DA:99,0
DA:102,0
DA:103,0
DA:104,0
DA:111,0
DA:112,0
DA:137,0
DA:159,0
DA:164,0
DA:165,0
LF:17
LH:0
BRDA:75,0,0,0
BRDA:75,0,1,0
BRDA:87,1,0,0
BRDA:87,1,1,0
BRDA:87,2,0,0
BRDA:87,2,1,0
BRDA:88,3,0,0
BRDA:88,3,1,0
BRDA:88,4,0,0
BRDA:88,4,1,0
BRDA:97,5,0,0
BRDA:97,5,1,0
BRDA:99,6,0,0
BRDA:99,6,1,0
BRDA:102,7,0,0
BRDA:102,7,1,0
BRDA:103,8,0,0
BRDA:103,8,1,0
BRDA:119,9,0,0
BRDA:119,9,1,0
BRDA:120,10,0,0
BRDA:120,10,1,0
BRDA:144,11,0,0
BRDA:144,11,1,0
BRDA:145,12,0,0
BRDA:145,12,1,0
BRDA:145,13,0,0
BRDA:145,13,1,0
BRDA:148,14,0,0
BRDA:148,14,1,0
BRDA:148,15,0,0
BRDA:148,15,1,0
BRDA:151,16,0,0
BRDA:151,16,1,0
BRDA:171,17,0,0
BRDA:171,17,1,0
BRDA:180,18,0,0
BRDA:180,18,1,0
BRF:38
BRH:0
end_of_record
TN:
SF:src/view/components/socialhub/SocialProfileDetailScreen.tsx
FN:30,SocialProfileDetailScreen
FN:46,(anonymous_1)
FN:52,(anonymous_2)
FN:57,(anonymous_3)
FN:59,(anonymous_4)
FN:131,(anonymous_5)
FN:146,(anonymous_6)
FN:151,(anonymous_7)
FN:161,(anonymous_8)
FN:161,(anonymous_9)
FN:162,(anonymous_10)
FN:163,(anonymous_11)
FN:164,(anonymous_12)
FNF:13
FNH:0
FNDA:0,SocialProfileDetailScreen
FNDA:0,(anonymous_1)
FNDA:0,(anonymous_2)
FNDA:0,(anonymous_3)
FNDA:0,(anonymous_4)
FNDA:0,(anonymous_5)
FNDA:0,(anonymous_6)
FNDA:0,(anonymous_7)
FNDA:0,(anonymous_8)
FNDA:0,(anonymous_9)
FNDA:0,(anonymous_10)
FNDA:0,(anonymous_11)
FNDA:0,(anonymous_12)
DA:7,0
DA:43,0
DA:44,0
DA:46,0
DA:47,0
DA:48,0
DA:51,0
DA:52,0
DA:55,0
DA:57,0
DA:58,0
DA:59,0
DA:77,0
DA:79,0
DA:80,0
DA:104,0
DA:132,0
DA:147,0
DA:151,0
DA:161,0
DA:162,0
DA:163,0
DA:164,0
LF:23
LH:0
BRDA:47,0,0,0
BRDA:47,0,1,0
BRDA:51,1,0,0
BRDA:51,1,1,0
BRDA:55,2,0,0
BRDA:55,2,1,0
BRDA:55,3,0,0
BRDA:55,3,1,0
BRDA:58,4,0,0
BRDA:58,4,1,0
BRDA:60,5,0,0
BRDA:60,5,1,0
BRDA:62,6,0,0
BRDA:62,6,1,0
BRDA:63,7,0,0
BRDA:63,7,1,0
BRDA:64,8,0,0
BRDA:64,8,1,0
BRDA:66,9,0,0
BRDA:66,9,1,0
BRDA:67,10,0,0
BRDA:67,10,1,0
BRDA:68,11,0,0
BRDA:68,11,1,0
BRDA:69,12,0,0
BRDA:69,12,1,0
BRDA:70,13,0,0
BRDA:70,13,1,0
BRDA:73,14,0,0
BRDA:73,14,1,0
BRDA:77,15,0,0
BRDA:77,15,1,0
BRDA:79,16,0,0
BRDA:79,16,1,0
BRDA:99,17,0,0
BRDA:99,17,1,0
BRDA:129,18,0,0
BRDA:129,18,1,0
BRDA:143,19,0,0
BRDA:143,19,1,0
BRDA:150,20,0,0
BRDA:150,20,1,0
BRDA:160,21,0,0
BRDA:160,21,1,0
BRDA:181,22,0,0
BRDA:181,22,1,0
BRF:46
BRH:0
end_of_record
TN:
SF:src/view/components/socialhub/SocialProfileScreen.tsx
FN:9,SocialProfileScreen
FN:62,(anonymous_1)
FN:64,(anonymous_2)
FN:115,(anonymous_3)
FN:128,(anonymous_4)
FN:142,(anonymous_5)
FN:154,(anonymous_6)
FN:166,(anonymous_7)
FN:184,(anonymous_8)
FN:196,(anonymous_9)
FN:209,(anonymous_10)
FNF:11
FNH:0
FNDA:0,SocialProfileScreen
FNDA:0,(anonymous_1)
FNDA:0,(anonymous_2)
FNDA:0,(anonymous_3)
FNDA:0,(anonymous_4)
FNDA:0,(anonymous_5)
FNDA:0,(anonymous_6)
FNDA:0,(anonymous_7)
FNDA:0,(anonymous_8)
FNDA:0,(anonymous_9)
FNDA:0,(anonymous_10)
DA:62,0
DA:63,0
DA:64,0
DA:65,0
DA:68,0
DA:74,0
DA:115,0
DA:128,0
DA:142,0
DA:154,0
DA:166,0
DA:184,0
DA:196,0
DA:209,0
LF:14
LH:0
BRDA:63,0,0,0
BRDA:63,0,1,0
BRDA:86,1,0,0
BRDA:86,1,1,0
BRDA:92,2,0,0
BRDA:92,2,1,0
BRDA:94,3,0,0
BRDA:94,3,1,0
BRDA:203,4,0,0
BRDA:203,4,1,0
BRDA:208,5,0,0
BRDA:208,5,1,0
BRDA:220,6,0,0
BRDA:220,6,1,0
BRDA:222,7,0,0
BRDA:222,7,1,0
BRF:16
BRH:0
end_of_record
TN:
SF:src/view/hooks/useDebouncedValue.ts
FN:6,useDebouncedValue
FN:9,(anonymous_1)
FN:10,(anonymous_2)
FN:14,(anonymous_3)
FNF:4
FNH:0
FNDA:0,useDebouncedValue
FNDA:0,(anonymous_1)
FNDA:0,(anonymous_2)
FNDA:0,(anonymous_3)
DA:7,0
DA:9,0
DA:10,0
DA:11,0
DA:14,0
DA:15,0
DA:19,0
LF:7
LH:0
BRF:0
BRH:0
end_of_record
TN:
SF:src/view/modals/AdminModal.tsx
FN:28,AdminModal
FN:34,(anonymous_1)
FN:41,(anonymous_2)
FN:48,(anonymous_3)
FN:51,(anonymous_4)
FN:59,(anonymous_5)
FN:64,(anonymous_6)
FN:71,(anonymous_7)
FN:77,(anonymous_8)
FN:85,(anonymous_9)
FN:106,(anonymous_10)
FN:111,(anonymous_11)
FN:128,(anonymous_12)
FN:133,(anonymous_13)
FN:141,(anonymous_14)
FN:150,(anonymous_15)
FN:151,(anonymous_16)
FN:172,(anonymous_17)
FN:176,(anonymous_18)
FNF:19
FNH:0
FNDA:0,AdminModal
FNDA:0,(anonymous_1)
FNDA:0,(anonymous_2)
FNDA:0,(anonymous_3)
FNDA:0,(anonymous_4)
FNDA:0,(anonymous_5)
FNDA:0,(anonymous_6)
FNDA:0,(anonymous_7)
FNDA:0,(anonymous_8)
FNDA:0,(anonymous_9)
FNDA:0,(anonymous_10)
FNDA:0,(anonymous_11)
FNDA:0,(anonymous_12)
FNDA:0,(anonymous_13)
FNDA:0,(anonymous_14)
FNDA:0,(anonymous_15)
FNDA:0,(anonymous_16)
FNDA:0,(anonymous_17)
FNDA:0,(anonymous_18)
DA:21,0
DA:29,0
DA:30,0
DA:31,0
DA:32,0
DA:34,0
DA:35,0
DA:36,0
DA:37,0
DA:38,0
DA:41,0
DA:42,0
DA:43,0
DA:44,0
DA:45,0
DA:48,0
DA:49,0
DA:51,0
DA:52,0
DA:53,0
DA:54,0
DA:58,0
DA:59,0
DA:62,0
DA:64,0
DA:65,0
DA:66,0
DA:67,0
DA:68,0
DA:71,0
DA:72,0
DA:73,0
DA:74,0
DA:77,0
DA:78,0
DA:79,0
DA:80,0
DA:81,0
DA:82,0
DA:85,0
DA:86,0
DA:87,0
DA:88,0
DA:89,0
DA:92,0
DA:93,0
DA:97,0
DA:100,0
DA:107,0
DA:108,0
DA:112,0
DA:113,0
DA:114,0
DA:115,0
DA:129,0
DA:133,0
DA:142,0
DA:150,0
DA:152,0
DA:153,0
DA:154,0
DA:172,0
DA:176,0
LF:63
LH:0
BRDA:35,0,0,0
BRDA:35,0,1,0
BRDA:36,1,0,0
BRDA:36,1,1,0
BRDA:37,2,0,0
BRDA:37,2,1,0
BRDA:49,3,0,0
BRDA:49,3,1,0
BRDA:52,4,0,0
BRDA:52,4,1,0
BRDA:62,5,0,0
BRDA:62,5,1,0
BRDA:78,6,0,0
BRDA:78,6,1,0
BRDA:80,7,0,0
BRDA:80,7,1,0
BRDA:80,8,0,0
BRDA:80,8,1,0
BRDA:86,9,0,0
BRDA:86,9,1,0
BRDA:86,10,0,0
BRDA:86,10,1,0
BRDA:95,11,0,0
BRDA:95,11,1,0
BRDA:107,12,0,0
BRDA:107,12,1,0
BRDA:112,13,0,0
BRDA:112,13,1,0
BRDA:113,14,0,0
BRDA:113,14,1,0
BRDA:113,15,0,0
BRDA:113,15,1,0
BRDA:113,15,2,0
[...]
DA:246,0
DA:248,0
DA:255,0
DA:256,0
DA:260,0
DA:261,0
DA:262,0
DA:263,0
DA:284,0
DA:285,0
DA:297,0
DA:299,0
DA:301,0
DA:316,0
DA:318,0
DA:320,0
DA:329,0
DA:345,0
DA:347,0
DA:350,0
DA:367,0
DA:388,0
DA:390,0
DA:392,0
DA:405,0
DA:407,0
DA:409,0
DA:422,0
DA:424,0
DA:426,0
DA:440,0
DA:455,0
DA:456,0
DA:476,0
DA:477,0
LF:148
LH:0
BRDA:26,0,0,0
BRDA:26,0,1,0
BRDA:30,1,0,0
BRDA:30,1,1,0
BRDA:30,1,2,0
BRDA:31,2,0,0
BRDA:31,2,1,0
BRDA:35,3,0,0
BRDA:35,3,1,0
BRDA:69,4,0,0
BRDA:69,4,1,0
BRDA:78,5,0,0
BRDA:78,5,1,0
BRDA:80,6,0,0
BRDA:80,6,1,0
BRDA:90,7,0,0
BRDA:90,7,1,0
BRDA:90,8,0,0
BRDA:90,8,1,0
BRDA:99,9,0,0
BRDA:99,9,1,0
BRDA:102,10,0,0
BRDA:102,10,1,0
BRDA:114,11,0,0
BRDA:114,11,1,0
BRDA:115,12,0,0
BRDA:115,12,1,0
BRDA:116,13,0,0
BRDA:116,13,1,0
BRDA:117,14,0,0
BRDA:117,14,1,0
BRDA:131,15,0,0
BRDA:131,15,1,0
BRDA:132,16,0,0
BRDA:132,16,1,0
BRDA:134,17,0,0
BRDA:134,17,1,0
BRDA:144,18,0,0
BRDA:144,18,1,0
BRDA:146,19,0,0
BRDA:146,19,1,0
BRDA:147,20,0,0
BRDA:147,20,1,0
BRDA:153,21,0,0
BRDA:153,21,1,0
BRDA:165,22,0,0
BRDA:165,22,1,0
BRDA:198,23,0,0
BRDA:198,23,1,0
BRDA:200,24,0,0
BRDA:200,24,1,0
BRDA:204,25,0,0
BRDA:204,25,1,0
BRDA:206,26,0,0
BRDA:206,26,1,0
BRDA:208,27,0,0
BRDA:208,27,1,0
BRDA:214,28,0,0
BRDA:214,28,1,0
BRDA:216,29,0,0
BRDA:216,29,1,0
BRDA:222,30,0,0
BRDA:222,30,1,0
BRDA:225,31,0,0
BRDA:225,31,1,0
BRDA:226,32,0,0
BRDA:226,32,1,0
BRDA:227,33,0,0
BRDA:227,33,1,0
BRDA:228,34,0,0
BRDA:228,34,1,0
BRDA:228,35,0,0
BRDA:228,35,1,0
BRDA:229,36,0,0
BRDA:229,36,1,0
BRDA:229,37,0,0
BRDA:229,37,1,0
BRDA:229,38,0,0
BRDA:229,38,1,0
BRDA:232,39,0,0
BRDA:232,39,1,0
BRDA:237,40,0,0
BRDA:237,40,1,0
BRDA:237,41,0,0
BRDA:237,41,1,0
BRDA:237,41,2,0
BRDA:246,42,0,0
BRDA:246,42,1,0
BRDA:255,43,0,0
BRDA:255,43,1,0
BRDA:260,44,0,0
BRDA:260,44,1,0
BRDA:261,45,0,0
BRDA:261,45,1,0
BRDA:261,46,0,0
BRDA:261,46,1,0
BRDA:261,46,2,0
BRDA:269,47,0,0
BRDA:269,47,1,0
BRDA:280,48,0,0
BRDA:280,48,1,0
BRDA:325,49,0,0
BRDA:325,49,1,0
BRDA:327,50,0,0
BRDA:327,50,1,0
BRDA:327,51,0,0
BRDA:327,51,1,0
BRDA:328,52,0,0
BRDA:328,52,1,0
BRDA:331,53,0,0
BRDA:331,53,1,0
BRDA:332,54,0,0
BRDA:332,54,1,0
BRDA:337,55,0,0
BRDA:337,55,1,0
BRDA:357,56,0,0
BRDA:357,56,1,0
BRDA:365,57,0,0
BRDA:365,57,1,0
BRDA:369,58,0,0
BRDA:369,58,1,0
BRDA:379,59,0,0
BRDA:379,59,1,0
BRDA:379,60,0,0
BRDA:379,60,1,0
BRDA:379,60,2,0
BRDA:381,61,0,0
BRDA:381,61,1,0
BRDA:398,62,0,0
BRDA:398,62,1,0
BRDA:415,63,0,0
BRDA:415,63,1,0
BRDA:437,64,0,0
BRDA:437,64,1,0
BRDA:446,65,0,0
BRDA:446,65,1,0
BRDA:449,66,0,0
BRDA:449,66,1,0
BRDA:450,67,0,0
BRDA:450,67,1,0
BRDA:455,68,0,0
BRDA:455,68,1,0
BRDA:456,69,0,0
BRDA:456,69,1,0
BRDA:459,70,0,0
BRDA:459,70,1,0
BRDA:466,71,0,0
BRDA:466,71,1,0
BRF:148
BRH:0
end_of_record
TN:
SF:src/viewmodel/useGameListViewModel.ts
FN:73,toNormalizedDraft
FN:89,useGameListViewModel
FN:114,(anonymous_2)
FN:117,(anonymous_3)
FN:121,(anonymous_4)
FN:131,(anonymous_5)
FN:144,(anonymous_6)
FN:149,(anonymous_7)
FN:161,(anonymous_8)
FN:169,(anonymous_9)
FN:179,(anonymous_10)
FN:186,(anonymous_11)
FN:187,(anonymous_12)
FN:188,(anonymous_13)
FN:189,(anonymous_14)
FN:190,(anonymous_15)
FN:203,(anonymous_16)
FN:204,(anonymous_17)
FN:213,(anonymous_18)
FN:214,(anonymous_19)
FN:223,(anonymous_20)
FN:224,(anonymous_21)
FN:227,(anonymous_22)
FN:228,(anonymous_23)
FN:250,(anonymous_24)
FN:256,(anonymous_25)
FN:258,(anonymous_26)
FN:259,(anonymous_27)
FN:265,(anonymous_28)
FN:275,(anonymous_29)
FN:306,(anonymous_30)
FN:309,(anonymous_31)
FN:314,(anonymous_32)
FN:320,(anonymous_33)
FN:322,(anonymous_34)
FN:331,(anonymous_35)
FN:333,(anonymous_36)
FN:363,(anonymous_37)
FN:367,(anonymous_38)
FN:367,(anonymous_39)
FN:375,(anonymous_40)
FN:396,(anonymous_41)
FN:397,(anonymous_42)
FN:402,(anonymous_43)
FN:413,(anonymous_44)
FN:415,(anonymous_45)
FN:420,(anonymous_46)
FN:423,(anonymous_47)
FN:436,(anonymous_48)
FN:438,(anonymous_49)
FN:441,(anonymous_50)
FN:449,(anonymous_51)
FN:457,(anonymous_52)
FN:465,(anonymous_53)
FN:480,(anonymous_54)
FN:486,(anonymous_55)
FN:490,(anonymous_56)
FN:491,(anonymous_57)
FN:492,(anonymous_58)
FN:497,(anonymous_59)
FN:505,(anonymous_60)
FN:513,(anonymous_61)
FN:521,(anonymous_62)
FNF:63
FNH:0
FNDA:0,toNormalizedDraft
FNDA:0,useGameListViewModel
FNDA:0,(anonymous_2)
FNDA:0,(anonymous_3)
FNDA:0,(anonymous_4)
FNDA:0,(anonymous_5)
FNDA:0,(anonymous_6)
FNDA:0,(anonymous_7)
FNDA:0,(anonymous_8)
FNDA:0,(anonymous_9)
FNDA:0,(anonymous_10)
FNDA:0,(anonymous_11)
FNDA:0,(anonymous_12)
FNDA:0,(anonymous_13)
FNDA:0,(anonymous_14)
FNDA:0,(anonymous_15)
FNDA:0,(anonymous_16)
FNDA:0,(anonymous_17)
FNDA:0,(anonymous_18)
FNDA:0,(anonymous_19)
FNDA:0,(anonymous_20)
FNDA:0,(anonymous_21)
FNDA:0,(anonymous_22)
FNDA:0,(anonymous_23)
FNDA:0,(anonymous_24)
FNDA:0,(anonymous_25)
FNDA:0,(anonymous_26)
FNDA:0,(anonymous_27)
FNDA:0,(anonymous_28)
FNDA:0,(anonymous_29)
FNDA:0,(anonymous_30)
FNDA:0,(anonymous_31)
FNDA:0,(anonymous_32)
FNDA:0,(anonymous_33)
FNDA:0,(anonymous_34)
FNDA:0,(anonymous_35)
FNDA:0,(anonymous_36)
FNDA:0,(anonymous_37)
FNDA:0,(anonymous_38)
FNDA:0,(anonymous_39)
FNDA:0,(anonymous_40)
FNDA:0,(anonymous_41)
FNDA:0,(anonymous_42)
FNDA:0,(anonymous_43)
FNDA:0,(anonymous_44)
FNDA:0,(anonymous_45)
FNDA:0,(anonymous_46)
FNDA:0,(anonymous_47)
FNDA:0,(anonymous_48)
FNDA:0,(anonymous_49)
FNDA:0,(anonymous_50)
FNDA:0,(anonymous_51)
FNDA:0,(anonymous_52)
FNDA:0,(anonymous_53)
FNDA:0,(anonymous_54)
FNDA:0,(anonymous_55)
FNDA:0,(anonymous_56)
FNDA:0,(anonymous_57)
FNDA:0,(anonymous_58)
FNDA:0,(anonymous_59)
FNDA:0,(anonymous_60)
FNDA:0,(anonymous_61)
FNDA:0,(anonymous_62)
DA:12,0
DA:22,0
DA:57,0
DA:74,0
DA:90,0
DA:92,0
DA:93,0
DA:98,0
DA:104,0
DA:105,0
DA:106,0
DA:107,0
DA:108,0
DA:109,0
DA:110,0
DA:111,0
DA:112,0
DA:114,0
DA:115,0
DA:117,0
DA:118,0
DA:119,0
DA:121,0
DA:122,0
DA:123,0
DA:125,0
DA:126,0
DA:128,0
DA:131,0
DA:132,0
DA:133,0
DA:142,0
DA:144,0
DA:145,0
DA:149,0
DA:151,0
DA:152,0
DA:153,0
DA:160,0
DA:161,0
DA:162,0
DA:163,0
DA:164,0
DA:169,0
DA:170,0
DA:179,0
DA:180,0
DA:181,0
DA:182,0
DA:183,0
DA:185,0
DA:186,0
DA:187,0
DA:188,0
DA:189,0
DA:190,0
DA:193,0
DA:201,0
DA:203,0
DA:204,0
DA:213,0
DA:214,0
DA:223,0
DA:224,0
DA:227,0
DA:228,0
DA:229,0
DA:230,0
DA:231,0
DA:240,0
DA:250,0
DA:252,0
DA:253,0
DA:254,0
DA:256,0
DA:257,0
DA:258,0
DA:259,0
DA:260,0
DA:261,0
DA:262,0
DA:264,0
DA:265,0
DA:266,0
DA:267,0
DA:270,0
DA:273,0
DA:275,0
DA:276,0
DA:277,0
DA:279,0
DA:280,0
DA:281,0
DA:282,0
DA:283,0
DA:284,0
DA:286,0
DA:287,0
DA:288,0
DA:291,0
DA:292,0
DA:293,0
DA:296,0
DA:297,0
DA:300,0
DA:306,0
DA:307,0
DA:308,0
DA:309,0
DA:310,0
DA:314,0
DA:315,0
DA:316,0
DA:317,0
DA:320,0
DA:322,0
DA:323,0
DA:324,0
DA:325,0
DA:326,0
DA:331,0
DA:333,0
DA:334,0
DA:336,0
DA:337,0
DA:338,0
DA:340,0
DA:341,0
DA:342,0
DA:343,0
DA:344,0
DA:347,0
DA:348,0
DA:349,0
DA:352,0
DA:353,0
DA:356,0
DA:357,0
DA:358,0
DA:363,0
DA:365,0
DA:366,0
DA:367,0
DA:375,0
DA:384,0
DA:385,0
DA:386,0
DA:389,0
DA:390,0
DA:391,0
DA:394,0
DA:396,0
DA:397,0
DA:401,0
DA:402,0
DA:405,0
DA:406,0
DA:407,0
DA:408,0
DA:413,0
DA:415,0
DA:416,0
DA:418,0
DA:421,0
DA:423,0
DA:427,0
DA:428,0
DA:429,0
DA:436,0
DA:438,0
DA:439,0
DA:441,0
DA:449,0
DA:457,0
DA:465,0
DA:474,0
DA:475,0
DA:480,0
DA:482,0
DA:483,0
DA:485,0
DA:486,0
DA:487,0
DA:488,0
DA:490,0
DA:491,0
DA:492,0
DA:495,0
DA:497,0
DA:505,0
DA:513,0
DA:521,0
DA:530,0
DA:531,0
DA:536,0
LF:195
LH:0
BRDA:77,0,0,0
BRDA:77,0,1,0
BRDA:78,1,0,0
BRDA:78,1,1,0
BRDA:79,2,0,0
BRDA:79,2,1,0
BRDA:80,3,0,0
BRDA:80,3,1,0
BRDA:81,4,0,0
BRDA:81,4,1,0
BRDA:82,5,0,0
BRDA:82,5,1,0
BRDA:83,6,0,0
BRDA:83,6,1,0
BRDA:84,7,0,0
BRDA:84,7,1,0
BRDA:85,8,0,0
BRDA:85,8,1,0
BRDA:119,9,0,0
BRDA:119,9,1,0
BRDA:122,10,0,0
BRDA:122,10,1,0
BRDA:122,10,2,0
BRDA:122,10,3,0
BRDA:122,10,4,0
BRDA:123,11,0,0
BRDA:123,11,1,0
BRDA:123,11,2,0
BRDA:123,11,3,0
BRDA:123,11,4,0
BRDA:125,12,0,0
BRDA:125,12,1,0
BRDA:126,13,0,0
BRDA:126,13,1,0
BRDA:126,14,0,0
BRDA:126,14,1,0
BRDA:126,15,0,0
BRDA:126,15,1,0
BRDA:132,16,0,0
BRDA:132,16,1,0
BRDA:132,17,0,0
BRDA:132,17,1,0
BRDA:150,18,0,0
BRDA:188,19,0,0
BRDA:188,19,1,0
BRDA:189,20,0,0
BRDA:189,20,1,0
BRDA:190,21,0,0
BRDA:190,21,1,0
BRDA:230,22,0,0
BRDA:230,22,1,0
BRDA:244,23,0,0
BRDA:244,23,1,0
BRDA:257,24,0,0
BRDA:257,24,1,0
BRDA:257,25,0,0
BRDA:257,25,1,0
BRDA:258,26,0,0
BRDA:258,26,1,0
BRDA:258,27,0,0
BRDA:258,27,1,0
BRDA:259,28,0,0
BRDA:259,28,1,0
BRDA:259,29,0,0
BRDA:259,29,1,0
BRDA:260,30,0,0
BRDA:260,30,1,0
BRDA:260,31,0,0
BRDA:260,31,1,0
BRDA:261,32,0,0
BRDA:261,32,1,0
BRDA:261,33,0,0
BRDA:261,33,1,0
BRDA:261,34,0,0
BRDA:261,34,1,0
BRDA:262,35,0,0
BRDA:262,35,1,0
BRDA:262,36,0,0
BRDA:262,36,1,0
BRDA:262,36,2,0
BRDA:264,37,0,0
BRDA:264,37,1,0
BRDA:266,38,0,0
BRDA:266,38,1,0
BRDA:267,39,0,0
BRDA:267,39,1,0
BRDA:267,40,0,0
BRDA:267,40,1,0
BRDA:279,41,0,0
BRDA:279,41,1,0
BRDA:280,42,0,0
BRDA:280,42,1,0
BRDA:281,43,0,0
BRDA:281,43,1,0
BRDA:282,44,0,0
BRDA:282,44,1,0
BRDA:283,45,0,0
BRDA:283,45,1,0
BRDA:284,46,0,0
BRDA:284,46,1,0
BRDA:287,47,0,0
BRDA:287,47,1,0
BRDA:288,48,0,0
BRDA:288,48,1,0
BRDA:291,49,0,0
BRDA:291,49,1,0
BRDA:296,50,0,0
BRDA:296,50,1,0
BRDA:296,51,0,0
BRDA:296,51,1,0
BRDA:297,52,0,0
BRDA:297,52,1,0
BRDA:300,53,0,0
BRDA:300,53,1,0
BRDA:300,54,0,0
BRDA:300,54,1,0
BRDA:300,55,0,0
BRDA:300,55,1,0
BRDA:300,56,0,0
BRDA:300,56,1,0
BRDA:300,57,0,0
BRDA:300,57,1,0
BRDA:323,58,0,0
BRDA:323,58,1,0
BRDA:334,59,0,0
BRDA:334,59,1,0
BRDA:340,60,0,0
BRDA:340,60,1,0
BRDA:341,61,0,0
BRDA:341,61,1,0
BRDA:342,62,0,0
BRDA:342,62,1,0
BRDA:344,63,0,0
BRDA:344,63,1,0
BRDA:347,64,0,0
BRDA:347,64,1,0
BRDA:348,65,0,0
BRDA:348,65,1,0
BRDA:352,66,0,0
BRDA:352,66,1,0
BRDA:353,67,0,0
BRDA:353,67,1,0
BRDA:367,68,0,0
BRDA:367,68,1,0
BRDA:374,69,0,0
BRDA:374,69,1,0
BRDA:375,70,0,0
BRDA:375,70,1,0
BRDA:376,71,0,0
BRDA:376,71,1,0
BRDA:377,72,0,0
BRDA:377,72,1,0
BRDA:378,73,0,0
BRDA:378,73,1,0
BRDA:381,74,0,0
BRDA:381,74,1,0
BRDA:384,75,0,0
BRDA:384,75,1,0
BRDA:384,76,0,0
BRDA:384,76,1,0
BRDA:384,76,2,0
BRDA:389,77,0,0
BRDA:389,77,1,0
BRDA:389,78,0,0
BRDA:389,78,1,0
BRDA:396,79,0,0
BRDA:396,79,1,0
BRDA:397,80,0,0
BRDA:397,80,1,0
BRDA:401,81,0,0
BRDA:401,81,1,0
BRDA:401,82,0,0
BRDA:401,82,1,0
BRDA:416,83,0,0
BRDA:416,83,1,0
BRDA:444,84,0,0
BRDA:444,84,1,0
BRDA:445,85,0,0
BRDA:445,85,1,0
BRDA:446,86,0,0
BRDA:446,86,1,0
BRDA:446,87,0,0
BRDA:446,87,1,0
BRDA:447,88,0,0
BRDA:447,88,1,0
BRDA:447,89,0,0
BRDA:447,89,1,0
BRDA:452,90,0,0
BRDA:452,90,1,0
BRDA:453,91,0,0
BRDA:453,91,1,0
BRDA:454,92,0,0
BRDA:454,92,1,0
BRDA:454,93,0,0
BRDA:454,93,1,0
BRDA:455,94,0,0
BRDA:455,94,1,0
BRDA:455,95,0,0
BRDA:455,95,1,0
BRDA:460,96,0,0
BRDA:460,96,1,0
BRDA:461,97,0,0
BRDA:461,97,1,0
BRDA:462,98,0,0
BRDA:462,98,1,0
BRDA:462,99,0,0
BRDA:462,99,1,0
BRDA:463,100,0,0
BRDA:463,100,1,0
BRDA:463,101,0,0
BRDA:463,101,1,0
BRDA:468,102,0,0
BRDA:468,102,1,0
BRDA:469,103,0,0
BRDA:469,103,1,0
BRDA:483,104,0,0
BRDA:483,104,1,0
BRDA:487,105,0,0
BRDA:487,105,1,0
BRDA:488,106,0,0
BRDA:488,106,1,0
BRDA:490,107,0,0
BRDA:491,108,0,0
BRDA:491,108,1,0
BRDA:492,109,0,0
BRDA:492,109,1,0
BRDA:500,110,0,0
BRDA:500,110,1,0
BRDA:501,111,0,0
BRDA:501,111,1,0
BRDA:502,112,0,0
BRDA:502,112,1,0
BRDA:503,113,0,0
BRDA:503,113,1,0
BRDA:508,114,0,0
BRDA:508,114,1,0
BRDA:509,115,0,0
BRDA:509,115,1,0
BRDA:510,116,0,0
BRDA:510,116,1,0
BRDA:511,117,0,0
BRDA:511,117,1,0
BRDA:516,118,0,0
BRDA:516,118,1,0
BRDA:517,119,0,0
BRDA:517,119,1,0
BRDA:518,120,0,0
BRDA:518,120,1,0
BRDA:519,121,0,0
BRDA:519,121,1,0
BRDA:524,122,0,0
BRDA:524,122,1,0
BRDA:525,123,0,0
BRDA:525,123,1,0
BRDA:531,124,0,0
BRDA:531,124,1,0
BRF:256
BRH:0
end_of_record
TN:
SF:src/viewmodel/useSyncViewModel.ts
FN:39,isWriteConflict
FN:43,getLatestItems
FN:59,getLatestDeleted
FN:60,(anonymous_3)
FN:63,getEntitySnapshot
FN:86,isSameSnapshot
FN:93,countRemoteChangesApplied
FN:128,logSyncError
FN:146,useSyncViewModel
FN:160,(anonymous_9)
FN:217,(anonymous_10)
FN:274,(anonymous_11)
FN:276,(anonymous_12)
FN:284,(anonymous_13)
FN:292,(anonymous_14)
FN:349,(anonymous_15)
FN:419,(anonymous_16)
FN:434,(anonymous_17)
FN:440,(anonymous_18)
FN:452,(anonymous_19)
FN:515,(anonymous_20)
FN:528,(anonymous_21)
FN:534,(anonymous_22)
FN:540,(anonymous_23)
FN:541,handleVisibilityChange
FN:553,handleWindowFocus
FN:559,(anonymous_26)
FN:566,(anonymous_27)
FN:569,(anonymous_28)
FN:578,(anonymous_29)
FN:584,(anonymous_30)
FN:586,(anonymous_31)
FN:597,(anonymous_32)
FN:611,(anonymous_33)
FN:619,(anonymous_34)
FN:620,(anonymous_35)
FN:628,(anonymous_36)
FN:668,(anonymous_37)
FN:698,(anonymous_38)
FNF:39
FNH:0
FNDA:0,isWriteConflict
FNDA:0,getLatestItems
FNDA:0,getLatestDeleted
FNDA:0,(anonymous_3)
FNDA:0,getEntitySnapshot
FNDA:0,isSameSnapshot
FNDA:0,countRemoteChangesApplied
FNDA:0,logSyncError
FNDA:0,useSyncViewModel
FNDA:0,(anonymous_9)
FNDA:0,(anonymous_10)
FNDA:0,(anonymous_11)
FNDA:0,(anonymous_12)
FNDA:0,(anonymous_13)
FNDA:0,(anonymous_14)
FNDA:0,(anonymous_15)
FNDA:0,(anonymous_16)
FNDA:0,(anonymous_17)
FNDA:0,(anonymous_18)
FNDA:0,(anonymous_19)
FNDA:0,(anonymous_20)
FNDA:0,(anonymous_21)
FNDA:0,(anonymous_22)
FNDA:0,(anonymous_23)
FNDA:0,handleVisibilityChange
FNDA:0,handleWindowFocus
FNDA:0,(anonymous_26)
FNDA:0,(anonymous_27)
FNDA:0,(anonymous_28)
FNDA:0,(anonymous_29)
FNDA:0,(anonymous_30)
FNDA:0,(anonymous_31)
FNDA:0,(anonymous_32)
FNDA:0,(anonymous_33)
FNDA:0,(anonymous_34)
FNDA:0,(anonymous_35)
FNDA:0,(anonymous_36)
FNDA:0,(anonymous_37)
FNDA:0,(anonymous_38)
DA:36,0
DA:37,0
DA:40,0
DA:44,0
DA:46,0
DA:47,0
DA:48,0
DA:49,0
DA:50,0
DA:51,0
DA:56,0
DA:60,0
DA:68,0
DA:69,0
DA:71,0
DA:72,0
DA:75,0
DA:76,0
DA:79,0
DA:80,0
DA:83,0
DA:90,0
DA:94,0
DA:95,0
DA:96,0
DA:97,0
DA:98,0
DA:99,0
DA:101,0
DA:103,0
DA:104,0
DA:105,0
DA:109,0
DA:110,0
DA:113,0
DA:115,0
DA:116,0
DA:117,0
DA:118,0
DA:120,0
DA:121,0
DA:125,0
DA:129,0
DA:130,0
DA:136,0
DA:137,0
DA:138,0
DA:139,0
DA:140,0
DA:147,0
DA:148,0
DA:149,0
DA:150,0
DA:151,0
DA:152,0
DA:153,0
DA:154,0
DA:155,0
DA:156,0
DA:157,0
DA:159,0
DA:161,0
DA:162,0
DA:163,0
DA:164,0
DA:165,0
DA:166,0
DA:167,0
DA:168,0
DA:171,0
DA:172,0
DA:173,0
DA:179,0
DA:180,0
DA:181,0
DA:182,0
DA:185,0
DA:186,0
DA:187,0
DA:190,0
DA:191,0
DA:192,0
DA:193,0
DA:194,0
DA:195,0
DA:196,0
DA:197,0
DA:200,0
DA:201,0
DA:202,0
DA:217,0
DA:218,0
DA:219,0
DA:221,0
DA:223,0
DA:224,0
DA:225,0
DA:226,0
DA:228,0
DA:229,0
DA:230,0
DA:231,0
DA:232,0
DA:235,0
DA:236,0
DA:237,0
DA:238,0
DA:239,0
DA:240,0
DA:241,0
DA:243,0
DA:245,0
DA:246,0
DA:247,0
DA:250,0
DA:251,0
DA:256,0
DA:257,0
DA:258,0
DA:259,0
DA:260,0
DA:261,0
DA:262,0
DA:265,0
DA:266,0
DA:267,0
DA:268,0
DA:269,0
DA:270,0
DA:274,0
DA:275,0
DA:276,0
DA:277,0
DA:278,0
DA:279,0
DA:280,0
DA:284,0
DA:285,0
DA:286,0
DA:287,0
DA:291,0
DA:293,0
DA:294,0
DA:295,0
DA:297,0
DA:298,0
DA:300,0
DA:302,0
DA:303,0
DA:304,0
DA:305,0
DA:306,0
DA:307,0
DA:308,0
DA:309,0
DA:310,0
DA:311,0
DA:312,0
DA:313,0
DA:316,0
DA:317,0
DA:318,0
DA:319,0
DA:320,0
DA:321,0
DA:322,0
DA:323,0
DA:326,0
DA:327,0
DA:330,0
DA:331,0
DA:332,0
DA:335,0
DA:336,0
DA:337,0
DA:338,0
DA:339,0
DA:341,0
DA:342,0
DA:343,0
DA:344,0
DA:349,0
DA:350,0
DA:351,0
DA:352,0
DA:353,0
DA:354,0
DA:355,0
DA:358,0
DA:360,0
DA:361,0
DA:363,0
DA:364,0
DA:365,0
DA:366,0
DA:367,0
DA:368,0
DA:369,0
DA:372,0
DA:373,0
DA:374,0
DA:375,0
DA:376,0
DA:377,0
DA:378,0
DA:381,0
DA:382,0
DA:385,0
DA:392,0
DA:393,0
DA:394,0
DA:397,0
DA:398,0
DA:403,0
DA:404,0
DA:405,0
DA:406,0
DA:407,0
DA:408,0
DA:409,0
DA:412,0
DA:413,0
DA:414,0
DA:415,0
DA:419,0
DA:420,0
DA:422,0
DA:423,0
DA:424,0
DA:425,0
DA:426,0
DA:428,0
DA:429,0
DA:432,0
DA:433,0
DA:434,0
DA:435,0
DA:436,0
DA:440,0
DA:441,0
DA:442,0
DA:444,0
DA:445,0
DA:446,0
DA:447,0
DA:448,0
DA:452,0
DA:453,0
DA:454,0
DA:455,0
DA:456,0
DA:459,0
DA:460,0
DA:461,0
DA:462,0
DA:463,0
DA:465,0
DA:466,0
DA:467,0
DA:468,0
DA:469,0
DA:471,0
DA:472,0
DA:473,0
DA:474,0
DA:477,0
DA:478,0
DA:479,0
DA:480,0
DA:481,0
DA:482,0
DA:483,0
DA:485,0
DA:487,0
DA:488,0
DA:489,0
DA:492,0
DA:493,0
DA:498,0
DA:499,0
DA:500,0
DA:501,0
DA:503,0
DA:504,0
DA:506,0
DA:507,0
DA:508,0
DA:509,0
DA:510,0
DA:511,0
DA:515,0
DA:516,0
DA:517,0
DA:518,0
DA:521,0
DA:522,0
DA:523,0
DA:528,0
DA:529,0
DA:530,0
DA:532,0
DA:534,0
DA:535,0
DA:540,0
DA:542,0
DA:543,0
DA:544,0
DA:545,0
DA:546,0
DA:550,0
DA:555,0
DA:557,0
DA:558,0
DA:559,0
DA:560,0
DA:561,0
DA:566,0
DA:567,0
DA:568,0
DA:569,0
DA:570,0
DA:571,0
DA:572,0
DA:573,0
DA:574,0
DA:577,0
DA:578,0
DA:579,0
DA:580,0
DA:584,0
DA:585,0
DA:586,0
DA:587,0
DA:588,0
DA:591,0
DA:592,0
DA:593,0
DA:594,0
DA:596,0
DA:597,0
DA:598,0
DA:599,0
DA:600,0
DA:601,0
DA:603,0
DA:604,0
DA:605,0
DA:606,0
DA:611,0
DA:612,0
DA:613,0
DA:614,0
DA:619,0
DA:620,0
DA:621,0
DA:622,0
DA:623,0
DA:628,0
DA:629,0
DA:631,0
DA:632,0
DA:634,0
DA:635,0
DA:636,0
DA:638,0
DA:639,0
DA:640,0
DA:641,0
DA:642,0
DA:645,0
DA:646,0
DA:647,0
DA:648,0
DA:649,0
DA:650,0
DA:653,0
DA:654,0
DA:655,0
DA:656,0
DA:657,0
DA:659,0
DA:660,0
DA:661,0
DA:662,0
DA:664,0
DA:668,0
DA:669,0
DA:670,0
DA:671,0
DA:674,0
DA:675,0
DA:677,0
DA:678,0
DA:679,0
DA:680,0
DA:681,0
DA:682,0
DA:686,0
DA:692,0
DA:693,0
DA:695,0
DA:698,0
DA:699,0
DA:700,0
DA:701,0
DA:702,0
DA:703,0
DA:704,0
DA:705,0
DA:708,0
LF:410
LH:0
BRDA:40,0,0,0
BRDA:40,0,1,0
BRDA:48,1,0,0
BRDA:48,1,1,0
BRDA:50,2,0,0
BRDA:50,2,1,0
BRDA:50,3,0,0
BRDA:50,3,1,0
BRDA:60,4,0,0
BRDA:60,4,1,0
BRDA:60,5,0,0
BRDA:60,5,1,0
BRDA:69,6,0,0
BRDA:69,6,1,0
BRDA:71,7,0,0
BRDA:71,7,1,0
BRDA:71,8,0,0
BRDA:71,8,1,0
BRDA:75,9,0,0
BRDA:75,9,1,0
BRDA:75,10,0,0
BRDA:75,10,1,0
BRDA:79,11,0,0
BRDA:79,11,1,0
BRDA:90,12,0,0
BRDA:90,12,1,0
BRDA:90,12,2,0
BRDA:109,13,0,0
BRDA:109,13,1,0
BRDA:120,14,0,0
BRDA:120,14,1,0
BRDA:120,15,0,0
BRDA:120,15,1,0
BRDA:129,16,0,0
BRDA:129,16,1,0
BRDA:138,17,0,0
BRDA:138,17,1,0
BRDA:165,18,0,0
BRDA:165,18,1,0
BRDA:167,19,0,0
BRDA:167,19,1,0
BRDA:179,20,0,0
BRDA:179,20,1,0
BRDA:180,21,0,0
BRDA:180,21,1,0
BRDA:186,22,0,0
BRDA:186,22,1,0
BRDA:194,23,0,0
BRDA:194,23,1,0
BRDA:196,24,0,0
BRDA:196,24,1,0
BRDA:217,25,0,0
BRDA:219,26,0,0
BRDA:219,26,1,0
BRDA:221,27,0,0
BRDA:221,27,1,0
BRDA:229,28,0,0
BRDA:229,28,1,0
BRDA:243,29,0,0
BRDA:243,29,1,0
BRDA:245,30,0,0
BRDA:245,30,1,0
BRDA:246,31,0,0
BRDA:246,31,1,0
BRDA:246,32,0,0
BRDA:246,32,1,0
BRDA:261,33,0,0
BRDA:261,33,1,0
BRDA:267,34,0,0
BRDA:267,34,1,0
BRDA:275,35,0,0
BRDA:275,35,1,0
BRDA:278,36,0,0
BRDA:278,36,1,0
BRDA:279,37,0,0
BRDA:279,37,1,0
BRDA:285,38,0,0
BRDA:285,38,1,0
BRDA:302,39,0,0
BRDA:302,39,1,0
BRDA:326,40,0,0
BRDA:326,40,1,0
BRDA:330,41,0,0
BRDA:330,41,1,0
BRDA:331,42,0,0
BRDA:331,42,1,0
BRDA:336,43,0,0
BRDA:336,43,1,0
BRDA:336,43,2,0
BRDA:338,44,0,0
BRDA:338,44,1,0
BRDA:351,45,0,0
BRDA:351,45,1,0
BRDA:365,46,0,0
BRDA:365,46,1,0
BRDA:381,47,0,0
BRDA:381,47,1,0
BRDA:387,48,0,0
BRDA:387,48,1,0
BRDA:393,49,0,0
BRDA:393,49,1,0
BRDA:400,50,0,0
BRDA:400,50,1,0
BRDA:408,51,0,0
BRDA:408,51,1,0
BRDA:414,52,0,0
BRDA:414,52,1,0
BRDA:420,53,0,0
BRDA:420,53,1,0
BRDA:422,54,0,0
BRDA:422,54,1,0
BRDA:424,55,0,0
BRDA:424,55,1,0
BRDA:432,56,0,0
BRDA:432,56,1,0
BRDA:446,57,0,0
BRDA:446,57,1,0
BRDA:447,58,0,0
BRDA:447,58,1,0
BRDA:454,59,0,0
BRDA:454,59,1,0
BRDA:465,60,0,0
BRDA:465,60,1,0
BRDA:468,61,0,0
BRDA:468,61,1,0
BRDA:468,62,0,0
BRDA:468,62,1,0
BRDA:485,63,0,0
BRDA:485,63,1,0
BRDA:487,64,0,0
BRDA:487,64,1,0
BRDA:488,65,0,0
BRDA:488,65,1,0
BRDA:488,66,0,0
BRDA:488,66,1,0
BRDA:508,67,0,0
BRDA:508,67,1,0
BRDA:517,68,0,0
BRDA:517,68,1,0
BRDA:522,69,0,0
BRDA:522,69,1,0
BRDA:522,70,0,0
BRDA:522,70,1,0
BRDA:529,71,0,0
BRDA:529,71,1,0
BRDA:542,72,0,0
BRDA:542,72,1,0
BRDA:567,73,0,0
BRDA:567,73,1,0
BRDA:571,74,0,0
BRDA:571,74,1,0
BRDA:572,75,0,0
BRDA:572,75,1,0
BRDA:587,76,0,0
BRDA:587,76,1,0
BRDA:591,77,0,0
BRDA:591,77,1,0
BRDA:591,78,0,0
BRDA:591,78,1,0
BRDA:592,79,0,0
BRDA:592,79,1,0
BRDA:598,80,0,0
BRDA:598,80,1,0
BRDA:598,81,0,0
BRDA:598,81,1,0
BRDA:599,82,0,0
BRDA:599,82,1,0
BRDA:603,83,0,0
BRDA:603,83,1,0
BRDA:605,84,0,0
BRDA:605,84,1,0
BRDA:613,85,0,0
BRDA:613,85,1,0
BRDA:621,86,0,0
BRDA:621,86,1,0
BRDA:632,87,0,0
BRDA:632,87,1,0
BRDA:635,88,0,0
BRDA:635,88,1,0
BRDA:636,89,0,0
BRDA:636,89,1,0
BRDA:638,90,0,0
BRDA:638,90,1,0
BRDA:645,91,0,0
BRDA:645,91,1,0
BRDA:659,92,0,0
BRDA:659,92,1,0
BRDA:670,93,0,0
BRDA:670,93,1,0
BRDA:670,94,0,0
BRDA:670,94,1,0
BRDA:679,95,0,0
BRDA:679,95,1,0
BRDA:681,96,0,0
BRDA:681,96,1,0
BRF:195
BRH:0
end_of_record
