TN:
SF:public\ts\app.ts
FN:126,(anonymous_0)
FN:127,(anonymous_1)
FN:128,(anonymous_2)
FN:129,(anonymous_3)
FN:130,(anonymous_4)
FN:131,(anonymous_5)
FN:132,(anonymous_6)
FN:133,(anonymous_7)
FN:136,(anonymous_8)
FN:137,(anonymous_9)
FN:138,(anonymous_10)
FN:139,(anonymous_11)
FN:140,(anonymous_12)
FN:141,(anonymous_13)
FN:152,(anonymous_14)
FN:153,(anonymous_15)
FN:154,(anonymous_16)
FN:155,(anonymous_17)
FN:156,(anonymous_18)
FN:157,(anonymous_19)
FN:160,(anonymous_20)
FN:161,(anonymous_21)
FN:162,(anonymous_22)
FN:176,(anonymous_23)
FN:177,(anonymous_24)
FN:178,(anonymous_25)
FN:179,(anonymous_26)
FN:180,(anonymous_27)
FN:183,(anonymous_28)
FN:184,(anonymous_29)
FN:198,(anonymous_30)
FN:199,(anonymous_31)
FN:200,(anonymous_32)
FN:201,(anonymous_33)
FN:204,(anonymous_34)
FN:224,(anonymous_35)
FN:225,(anonymous_36)
FN:234,(anonymous_37)
FN:240,(anonymous_38)
FN:242,(anonymous_39)
FN:250,(anonymous_40)
FN:257,(anonymous_41)
FN:259,(anonymous_42)
FN:267,(anonymous_43)
FN:294,(anonymous_44)
FN:307,(anonymous_45)
FN:321,(anonymous_46)
FN:375,(anonymous_47)
FN:395,(anonymous_48)
FN:401,(anonymous_49)
FN:409,(anonymous_50)
FN:411,(anonymous_51)
FN:417,(anonymous_52)
FN:427,(anonymous_53)
FN:450,(anonymous_54)
FN:451,(anonymous_55)
FN:451,(anonymous_56)
FN:452,(anonymous_57)
FN:452,(anonymous_58)
FN:453,(anonymous_59)
FN:462,(anonymous_60)
FN:463,(anonymous_61)
FN:465,(anonymous_62)
FN:468,(anonymous_63)
FN:469,(anonymous_64)
FN:472,(anonymous_65)
FN:477,(anonymous_66)
FN:479,(anonymous_67)
FN:480,(anonymous_68)
FN:484,(anonymous_69)
FN:497,(anonymous_70)
FN:499,(anonymous_71)
FN:500,(anonymous_72)
FN:501,(anonymous_73)
FN:502,(anonymous_74)
FN:503,(anonymous_75)
FN:504,(anonymous_76)
FN:505,(anonymous_77)
FN:507,(anonymous_78)
FN:509,(anonymous_79)
FN:517,(anonymous_80)
FN:527,(anonymous_81)
FN:541,(anonymous_82)
FN:543,(anonymous_83)
FN:544,(anonymous_84)
FN:545,(anonymous_85)
FN:546,(anonymous_86)
FN:552,(anonymous_87)
FN:565,(anonymous_88)
FN:572,(anonymous_89)
FN:574,(anonymous_90)
FN:577,(anonymous_91)
FN:579,(anonymous_92)
FN:588,(anonymous_93)
FN:594,(anonymous_94)
FN:597,(anonymous_95)
FN:604,(anonymous_96)
FN:675,(anonymous_97)
FN:677,(anonymous_98)
FN:686,(anonymous_99)
FN:692,(anonymous_100)
FN:701,(anonymous_101)
FN:713,(anonymous_102)
FN:714,(anonymous_103)
FN:716,(anonymous_104)
FN:729,(anonymous_105)
FN:733,(anonymous_106)
FN:742,(anonymous_107)
FN:744,(anonymous_108)
FN:750,(anonymous_109)
FN:755,(anonymous_110)
FN:757,(anonymous_111)
FN:763,(anonymous_112)
FN:774,(anonymous_113)
FN:776,(anonymous_114)
FN:779,(anonymous_115)
FN:779,(anonymous_116)
FN:780,(anonymous_117)
FN:784,(anonymous_118)
FN:790,(anonymous_119)
FN:791,(anonymous_120)
FN:792,(anonymous_121)
FN:794,(anonymous_122)
FN:794,(anonymous_123)
FN:797,(anonymous_124)
FN:798,(anonymous_125)
FN:798,(anonymous_126)
FN:799,(anonymous_127)
FN:869,(anonymous_128)
FN:875,(anonymous_129)
FN:879,(anonymous_130)
FN:881,(anonymous_131)
FN:882,(anonymous_132)
FN:890,(anonymous_133)
FN:896,(anonymous_134)
FN:909,(anonymous_135)
FN:917,(anonymous_136)
FN:922,(anonymous_137)
FN:934,(anonymous_138)
FN:942,(anonymous_139)
FN:949,(anonymous_140)
FN:954,(anonymous_141)
FN:959,(anonymous_142)
FN:960,(anonymous_143)
FN:979,(anonymous_144)
FN:984,(anonymous_145)
FN:1002,(anonymous_146)
FN:1007,(anonymous_147)
FN:1010,(anonymous_148)
FN:1017,(anonymous_149)
FN:1029,(anonymous_150)
FN:1045,(anonymous_151)
FN:1049,(anonymous_152)
FN:1052,(anonymous_153)
FN:1079,(anonymous_154)
FN:1105,(anonymous_155)
FN:1160,(anonymous_156)
FN:1163,(anonymous_157)
FN:1167,(anonymous_158)
FN:1170,(anonymous_159)
FN:1175,(anonymous_160)
FN:1183,(anonymous_161)
FN:1186,(anonymous_162)
FN:1192,(anonymous_163)
FN:1202,(anonymous_164)
FN:1206,(anonymous_165)
FN:1210,(anonymous_166)
FN:1212,(anonymous_167)
FN:1220,(anonymous_168)
FN:1231,(anonymous_169)
FN:1237,(anonymous_170)
FN:1261,(anonymous_171)
FN:1261,(anonymous_172)
FN:1263,(anonymous_173)
FN:1269,(anonymous_174)
FN:1276,(anonymous_175)
FN:1282,(anonymous_176)
FN:1290,(anonymous_177)
FN:1292,(anonymous_178)
FN:1296,(anonymous_179)
FN:1297,(anonymous_180)
FN:1308,(anonymous_181)
FN:1309,(anonymous_182)
FN:1311,(anonymous_183)
FN:1339,(anonymous_184)
FN:1368,(anonymous_185)
FN:1371,(anonymous_186)
FN:1372,(anonymous_187)
FN:1377,(anonymous_188)
FN:1386,(anonymous_189)
FN:1392,(anonymous_190)
FN:1399,(anonymous_191)
FN:1404,(anonymous_192)
FN:1412,(anonymous_193)
FN:1417,(anonymous_194)
FN:1417,(anonymous_195)
FN:1434,(anonymous_196)
FN:1438,(anonymous_197)
FN:1440,(anonymous_198)
FN:1451,(anonymous_199)
FN:1460,(anonymous_200)
FN:1465,(anonymous_201)
FN:1468,(anonymous_202)
FN:1469,(anonymous_203)
FN:1470,(anonymous_204)
FN:1478,(anonymous_205)
FN:1484,(anonymous_206)
FN:1488,(anonymous_207)
FN:1493,(anonymous_208)
FN:1495,(anonymous_209)
FN:1500,(anonymous_210)
FN:1512,(anonymous_211)
FN:1514,(anonymous_212)
FN:1529,(anonymous_213)
FN:1530,(anonymous_214)
FN:1541,(anonymous_215)
FN:1554,(anonymous_216)
FN:1556,(anonymous_217)
FN:1562,(anonymous_218)
FN:1566,(anonymous_219)
FN:1569,(anonymous_220)
FN:1570,(anonymous_221)
FN:1579,(anonymous_222)
FN:1593,(anonymous_223)
FN:1594,(anonymous_224)
FN:1594,(anonymous_225)
FN:1602,(anonymous_226)
FN:1607,(anonymous_227)
FN:1614,(anonymous_228)
FN:1632,(anonymous_229)
FN:1667,(anonymous_230)
FN:1684,(anonymous_231)
FN:1695,(anonymous_232)
FN:1700,(anonymous_233)
FN:1718,(anonymous_234)
FN:1744,(anonymous_235)
FN:1748,(anonymous_236)
FN:1785,(anonymous_237)
FN:1790,(anonymous_238)
FN:1801,(anonymous_239)
FN:1805,(anonymous_240)
FN:1812,(anonymous_241)
FNF:242
FNH:0
FNDA:0,(anonymous_0)
FNDA:0,(anonymous_1)
FNDA:0,(anonymous_2)
FNDA:0,(anonymous_3)
FNDA:0,(anonymous_4)
FNDA:0,(anonymous_5)
FNDA:0,(anonymous_6)
FNDA:0,(anonymous_7)
FNDA:0,(anonymous_8)
FNDA:0,(anonymous_9)
FNDA:0,(anonymous_10)
FNDA:0,(anonymous_11)
FNDA:0,(anonymous_12)
FNDA:0,(anonymous_13)
FNDA:0,(anonymous_14)
FNDA:0,(anonymous_15)
FNDA:0,(anonymous_16)
FNDA:0,(anonymous_17)
FNDA:0,(anonymous_18)
FNDA:0,(anonymous_19)
FNDA:0,(anonymous_20)
FNDA:0,(anonymous_21)
FNDA:0,(anonymous_22)
FNDA:0,(anonymous_23)
FNDA:0,(anonymous_24)
FNDA:0,(anonymous_25)
FNDA:0,(anonymous_26)
FNDA:0,(anonymous_27)
FNDA:0,(anonymous_28)
FNDA:0,(anonymous_29)
FNDA:0,(anonymous_30)
FNDA:0,(anonymous_31)
FNDA:0,(anonymous_32)
FNDA:0,(anonymous_33)
FNDA:0,(anonymous_34)
FNDA:0,(anonymous_35)
FNDA:0,(anonymous_36)
FNDA:0,(anonymous_37)
FNDA:0,(anonymous_38)
FNDA:0,(anonymous_39)
FNDA:0,(anonymous_40)
FNDA:0,(anonymous_41)
FNDA:0,(anonymous_42)
FNDA:0,(anonymous_43)
FNDA:0,(anonymous_44)
FNDA:0,(anonymous_45)
FNDA:0,(anonymous_46)
FNDA:0,(anonymous_47)
FNDA:0,(anonymous_48)
FNDA:0,(anonymous_49)
FNDA:0,(anonymous_50)
FNDA:0,(anonymous_51)
FNDA:0,(anonymous_52)
FNDA:0,(anonymous_53)
FNDA:0,(anonymous_54)
FNDA:0,(anonymous_55)
FNDA:0,(anonymous_56)
FNDA:0,(anonymous_57)
FNDA:0,(anonymous_58)
FNDA:0,(anonymous_59)
FNDA:0,(anonymous_60)
FNDA:0,(anonymous_61)
FNDA:0,(anonymous_62)
FNDA:0,(anonymous_63)
FNDA:0,(anonymous_64)
FNDA:0,(anonymous_65)
FNDA:0,(anonymous_66)
FNDA:0,(anonymous_67)
FNDA:0,(anonymous_68)
FNDA:0,(anonymous_69)
FNDA:0,(anonymous_70)
FNDA:0,(anonymous_71)
FNDA:0,(anonymous_72)
FNDA:0,(anonymous_73)
FNDA:0,(anonymous_74)
FNDA:0,(anonymous_75)
FNDA:0,(anonymous_76)
FNDA:0,(anonymous_77)
FNDA:0,(anonymous_78)
FNDA:0,(anonymous_79)
FNDA:0,(anonymous_80)
FNDA:0,(anonymous_81)
FNDA:0,(anonymous_82)
FNDA:0,(anonymous_83)
FNDA:0,(anonymous_84)
FNDA:0,(anonymous_85)
FNDA:0,(anonymous_86)
FNDA:0,(anonymous_87)
FNDA:0,(anonymous_88)
FNDA:0,(anonymous_89)
FNDA:0,(anonymous_90)
FNDA:0,(anonymous_91)
FNDA:0,(anonymous_92)
FNDA:0,(anonymous_93)
FNDA:0,(anonymous_94)
FNDA:0,(anonymous_95)
FNDA:0,(anonymous_96)
FNDA:0,(anonymous_97)
FNDA:0,(anonymous_98)
FNDA:0,(anonymous_99)
FNDA:0,(anonymous_100)
FNDA:0,(anonymous_101)
FNDA:0,(anonymous_102)
FNDA:0,(anonymous_103)
FNDA:0,(anonymous_104)
FNDA:0,(anonymous_105)
FNDA:0,(anonymous_106)
FNDA:0,(anonymous_107)
FNDA:0,(anonymous_108)
FNDA:0,(anonymous_109)
FNDA:0,(anonymous_110)
FNDA:0,(anonymous_111)
FNDA:0,(anonymous_112)
FNDA:0,(anonymous_113)
FNDA:0,(anonymous_114)
FNDA:0,(anonymous_115)
FNDA:0,(anonymous_116)
FNDA:0,(anonymous_117)
FNDA:0,(anonymous_118)
FNDA:0,(anonymous_119)
FNDA:0,(anonymous_120)
FNDA:0,(anonymous_121)
FNDA:0,(anonymous_122)
FNDA:0,(anonymous_123)
FNDA:0,(anonymous_124)
FNDA:0,(anonymous_125)
FNDA:0,(anonymous_126)
FNDA:0,(anonymous_127)
FNDA:0,(anonymous_128)
FNDA:0,(anonymous_129)
FNDA:0,(anonymous_130)
FNDA:0,(anonymous_131)
FNDA:0,(anonymous_132)
FNDA:0,(anonymous_133)
FNDA:0,(anonymous_134)
FNDA:0,(anonymous_135)
FNDA:0,(anonymous_136)
FNDA:0,(anonymous_137)
FNDA:0,(anonymous_138)
FNDA:0,(anonymous_139)
FNDA:0,(anonymous_140)
FNDA:0,(anonymous_141)
FNDA:0,(anonymous_142)
FNDA:0,(anonymous_143)
FNDA:0,(anonymous_144)
FNDA:0,(anonymous_145)
FNDA:0,(anonymous_146)
FNDA:0,(anonymous_147)
FNDA:0,(anonymous_148)
FNDA:0,(anonymous_149)
FNDA:0,(anonymous_150)
FNDA:0,(anonymous_151)
FNDA:0,(anonymous_152)
FNDA:0,(anonymous_153)
FNDA:0,(anonymous_154)
FNDA:0,(anonymous_155)
FNDA:0,(anonymous_156)
FNDA:0,(anonymous_157)
FNDA:0,(anonymous_158)
FNDA:0,(anonymous_159)
FNDA:0,(anonymous_160)
FNDA:0,(anonymous_161)
FNDA:0,(anonymous_162)
FNDA:0,(anonymous_163)
FNDA:0,(anonymous_164)
FNDA:0,(anonymous_165)
FNDA:0,(anonymous_166)
FNDA:0,(anonymous_167)
FNDA:0,(anonymous_168)
FNDA:0,(anonymous_169)
FNDA:0,(anonymous_170)
FNDA:0,(anonymous_171)
FNDA:0,(anonymous_172)
FNDA:0,(anonymous_173)
FNDA:0,(anonymous_174)
FNDA:0,(anonymous_175)
FNDA:0,(anonymous_176)
FNDA:0,(anonymous_177)
FNDA:0,(anonymous_178)
FNDA:0,(anonymous_179)
FNDA:0,(anonymous_180)
FNDA:0,(anonymous_181)
FNDA:0,(anonymous_182)
FNDA:0,(anonymous_183)
FNDA:0,(anonymous_184)
FNDA:0,(anonymous_185)
FNDA:0,(anonymous_186)
FNDA:0,(anonymous_187)
FNDA:0,(anonymous_188)
FNDA:0,(anonymous_189)
FNDA:0,(anonymous_190)
FNDA:0,(anonymous_191)
FNDA:0,(anonymous_192)
FNDA:0,(anonymous_193)
FNDA:0,(anonymous_194)
FNDA:0,(anonymous_195)
FNDA:0,(anonymous_196)
FNDA:0,(anonymous_197)
FNDA:0,(anonymous_198)
FNDA:0,(anonymous_199)
FNDA:0,(anonymous_200)
FNDA:0,(anonymous_201)
FNDA:0,(anonymous_202)
FNDA:0,(anonymous_203)
FNDA:0,(anonymous_204)
FNDA:0,(anonymous_205)
FNDA:0,(anonymous_206)
FNDA:0,(anonymous_207)
FNDA:0,(anonymous_208)
FNDA:0,(anonymous_209)
FNDA:0,(anonymous_210)
FNDA:0,(anonymous_211)
FNDA:0,(anonymous_212)
FNDA:0,(anonymous_213)
FNDA:0,(anonymous_214)
FNDA:0,(anonymous_215)
FNDA:0,(anonymous_216)
FNDA:0,(anonymous_217)
FNDA:0,(anonymous_218)
FNDA:0,(anonymous_219)
FNDA:0,(anonymous_220)
FNDA:0,(anonymous_221)
FNDA:0,(anonymous_222)
FNDA:0,(anonymous_223)
FNDA:0,(anonymous_224)
FNDA:0,(anonymous_225)
FNDA:0,(anonymous_226)
FNDA:0,(anonymous_227)
FNDA:0,(anonymous_228)
FNDA:0,(anonymous_229)
FNDA:0,(anonymous_230)
FNDA:0,(anonymous_231)
FNDA:0,(anonymous_232)
FNDA:0,(anonymous_233)
FNDA:0,(anonymous_234)
FNDA:0,(anonymous_235)
FNDA:0,(anonymous_236)
FNDA:0,(anonymous_237)
FNDA:0,(anonymous_238)
FNDA:0,(anonymous_239)
FNDA:0,(anonymous_240)
FNDA:0,(anonymous_241)
DA:94,0
DA:95,0
DA:96,0
DA:97,0
DA:98,0
DA:99,0
DA:100,0
DA:102,0
DA:110,0
DA:121,0
DA:126,0
DA:127,0
DA:128,0
DA:129,0
DA:130,0
DA:131,0
DA:132,0
DA:133,0
DA:136,0
DA:137,0
DA:138,0
DA:139,0
DA:140,0
DA:141,0
DA:152,0
DA:153,0
DA:154,0
DA:155,0
DA:156,0
DA:157,0
DA:160,0
DA:161,0
DA:162,0
DA:176,0
DA:177,0
DA:178,0
DA:179,0
DA:180,0
DA:183,0
DA:184,0
DA:198,0
DA:199,0
DA:200,0
DA:201,0
DA:204,0
DA:218,0
DA:225,0
DA:234,0
DA:241,0
DA:242,0
DA:250,0
DA:258,0
DA:259,0
DA:269,0
DA:270,0
DA:272,0
DA:274,0
DA:275,0
DA:277,0
DA:281,0
DA:282,0
DA:284,0
DA:295,0
DA:296,0
DA:297,0
DA:298,0
DA:299,0
DA:300,0
DA:307,0
DA:322,0
DA:376,0
DA:377,0
DA:378,0
DA:379,0
DA:380,0
DA:381,0
DA:382,0
DA:383,0
DA:384,0
DA:385,0
DA:386,0
DA:387,0
DA:388,0
DA:389,0
DA:390,0
DA:391,0
DA:392,0
DA:393,0
DA:394,0
DA:395,0
DA:396,0
DA:397,0
DA:398,0
DA:402,0
DA:403,0
DA:404,0
DA:405,0
DA:406,0
DA:407,0
DA:408,0
DA:409,0
DA:410,0
DA:411,0
DA:412,0
DA:413,0
DA:414,0
DA:417,0
DA:418,0
DA:419,0
DA:420,0
DA:421,0
DA:424,0
DA:428,0
DA:429,0
DA:430,0
DA:431,0
DA:432,0
DA:433,0
DA:434,0
DA:435,0
DA:439,0
DA:440,0
DA:445,0
DA:451,0
DA:452,0
DA:453,0
DA:461,0
DA:462,0
DA:464,0
DA:465,0
DA:466,0
DA:468,0
DA:469,0
DA:471,0
DA:472,0
DA:475,0
DA:477,0
DA:478,0
DA:479,0
DA:480,0
DA:481,0
DA:482,0
DA:484,0
DA:485,0
DA:486,0
DA:487,0
DA:488,0
DA:490,0
DA:492,0
DA:498,0
DA:499,0
DA:500,0
DA:501,0
DA:502,0
DA:503,0
DA:504,0
DA:505,0
DA:507,0
DA:508,0
DA:509,0
DA:511,0
DA:512,0
DA:513,0
DA:514,0
DA:518,0
DA:519,0
DA:520,0
DA:521,0
DA:522,0
DA:523,0
DA:524,0
DA:528,0
DA:538,0
DA:542,0
DA:543,0
DA:544,0
DA:545,0
DA:546,0
DA:553,0
DA:554,0
DA:566,0
DA:567,0
DA:568,0
DA:573,0
DA:574,0
DA:578,0
DA:579,0
DA:580,0
DA:581,0
DA:582,0
DA:583,0
DA:584,0
DA:589,0
DA:590,0
DA:591,0
DA:595,0
DA:596,0
DA:597,0
DA:598,0
DA:599,0
DA:600,0
DA:601,0
DA:605,0
DA:606,0
DA:607,0
DA:608,0
DA:609,0
DA:610,0
DA:611,0
DA:612,0
DA:614,0
DA:615,0
DA:616,0
DA:617,0
DA:618,0
DA:619,0
DA:620,0
DA:622,0
DA:623,0
DA:624,0
DA:625,0
DA:626,0
DA:627,0
DA:628,0
DA:629,0
DA:630,0
DA:631,0
DA:632,0
DA:633,0
DA:634,0
DA:635,0
DA:636,0
DA:637,0
DA:638,0
DA:639,0
DA:641,0
DA:642,0
DA:643,0
DA:647,0
DA:648,0
DA:649,0
DA:651,0
DA:653,0
DA:655,0
DA:656,0
DA:657,0
DA:658,0
DA:659,0
DA:661,0
DA:662,0
DA:663,0
DA:664,0
DA:665,0
DA:666,0
DA:667,0
DA:668,0
DA:669,0
DA:670,0
DA:671,0
DA:675,0
DA:678,0
DA:679,0
DA:680,0
DA:681,0
DA:682,0
DA:687,0
DA:688,0
DA:689,0
DA:690,0
DA:691,0
DA:692,0
DA:693,0
DA:695,0
DA:696,0
DA:697,0
DA:702,0
DA:713,0
DA:714,0
DA:717,0
DA:718,0
DA:719,0
DA:720,0
DA:721,0
DA:722,0
DA:723,0
DA:724,0
DA:725,0
DA:726,0
DA:730,0
DA:734,0
DA:735,0
DA:736,0
DA:737,0
DA:738,0
DA:739,0
DA:743,0
DA:744,0
DA:745,0
DA:746,0
DA:747,0
DA:751,0
DA:752,0
DA:756,0
DA:757,0
DA:758,0
DA:759,0
DA:760,0
DA:761,0
DA:762,0
DA:763,0
DA:764,0
DA:765,0
DA:767,0
DA:768,0
DA:769,0
DA:775,0
DA:776,0
DA:777,0
DA:778,0
DA:779,0
DA:780,0
DA:785,0
DA:786,0
DA:787,0
DA:788,0
DA:789,0
DA:790,0
DA:791,0
DA:792,0
DA:794,0
DA:795,0
DA:796,0
DA:797,0
DA:798,0
DA:799,0
DA:801,0
DA:802,0
DA:803,0
DA:805,0
DA:858,0
DA:859,0
DA:860,0
DA:861,0
DA:862,0
DA:863,0
DA:864,0
DA:865,0
DA:866,0
DA:870,0
DA:871,0
DA:872,0
DA:876,0
DA:877,0
DA:878,0
DA:879,0
DA:880,0
DA:881,0
DA:882,0
DA:883,0
DA:884,0
DA:885,0
DA:886,0
DA:887,0
DA:888,0
DA:889,0
DA:890,0
DA:891,0
DA:893,0
DA:895,0
DA:896,0
DA:897,0
DA:898,0
DA:899,0
DA:900,0
DA:902,0
DA:903,0
DA:904,0
DA:905,0
DA:910,0
DA:911,0
DA:912,0
DA:913,0
DA:914,0
DA:918,0
DA:919,0
DA:920,0
DA:921,0
DA:922,0
DA:923,0
DA:924,0
DA:928,0
DA:929,0
DA:930,0
DA:931,0
DA:932,0
DA:934,0
DA:937,0
DA:939,0
DA:944,0
DA:945,0
DA:949,0
DA:950,0
DA:954,0
DA:955,0
DA:960,0
DA:961,0
DA:962,0
DA:963,0
DA:965,0
DA:966,0
DA:968,0
DA:969,0
DA:971,0
DA:973,0
DA:974,0
DA:980,0
DA:981,0
DA:982,0
DA:983,0
DA:984,0
DA:987,0
DA:988,0
DA:989,0
DA:990,0
DA:991,0
DA:992,0
DA:994,0
DA:996,0
DA:998,0
DA:999,0
DA:1004,0
DA:1008,0
DA:1009,0
DA:1010,0
DA:1011,0
DA:1012,0
DA:1013,0
DA:1014,0
DA:1018,0
DA:1019,0
DA:1020,0
DA:1023,0
DA:1024,0
DA:1029,0
DA:1030,0
DA:1046,0
DA:1049,0
DA:1053,0
DA:1054,0
DA:1055,0
DA:1056,0
DA:1057,0
DA:1058,0
DA:1059,0
DA:1060,0
DA:1068,0
DA:1069,0
DA:1070,0
DA:1071,0
DA:1072,0
DA:1073,0
DA:1074,0
DA:1075,0
DA:1076,0
DA:1080,0
DA:1081,0
DA:1082,0
DA:1083,0
DA:1105,0
DA:1161,0
DA:1162,0
DA:1163,0
DA:1168,0
DA:1169,0
DA:1170,0
DA:1171,0
DA:1172,0
DA:1173,0
DA:1175,0
DA:1176,0
DA:1177,0
DA:1178,0
DA:1179,0
DA:1184,0
DA:1185,0
DA:1186,0
DA:1187,0
DA:1188,0
DA:1189,0
DA:1190,0
DA:1192,0
DA:1193,0
DA:1194,0
DA:1195,0
DA:1196,0
DA:1197,0
DA:1198,0
DA:1203,0
DA:1204,0
DA:1205,0
DA:1206,0
DA:1207,0
DA:1210,0
DA:1213,0
DA:1214,0
DA:1215,0
DA:1216,0
DA:1217,0
DA:1218,0
DA:1219,0
DA:1220,0
DA:1223,0
DA:1224,0
DA:1225,0
DA:1226,0
DA:1227,0
DA:1228,0
DA:1231,0
DA:1232,0
DA:1238,0
DA:1239,0
DA:1240,0
DA:1241,0
DA:1242,0
DA:1244,0
DA:1245,0
DA:1246,0
DA:1247,0
DA:1248,0
DA:1249,0
DA:1251,0
DA:1252,0
DA:1254,0
DA:1255,0
DA:1256,0
DA:1257,0
DA:1258,0
DA:1261,0
DA:1264,0
DA:1265,0
DA:1266,0
DA:1267,0
DA:1268,0
DA:1269,0
DA:1270,0
DA:1271,0
DA:1272,0
DA:1273,0
DA:1274,0
DA:1275,0
DA:1276,0
DA:1277,0
DA:1283,0
DA:1284,0
DA:1285,0
DA:1286,0
DA:1287,0
DA:1291,0
DA:1292,0
DA:1297,0
DA:1298,0
DA:1299,0
DA:1300,0
DA:1301,0
DA:1302,0
DA:1303,0
DA:1304,0
DA:1305,0
DA:1308,0
DA:1309,0
DA:1312,0
DA:1313,0
DA:1314,0
DA:1317,0
DA:1326,0
DA:1327,0
DA:1328,0
DA:1329,0
DA:1330,0
DA:1331,0
DA:1332,0
DA:1333,0
DA:1334,0
DA:1335,0
DA:1338,0
DA:1339,0
DA:1340,0
DA:1341,0
DA:1342,0
DA:1343,0
DA:1344,0
DA:1346,0
DA:1347,0
DA:1348,0
DA:1349,0
DA:1350,0
DA:1351,0
DA:1352,0
DA:1353,0
DA:1354,0
DA:1355,0
DA:1356,0
DA:1358,0
DA:1360,0
DA:1361,0
DA:1364,0
DA:1365,0
DA:1367,0
DA:1368,0
DA:1369,0
DA:1371,0
DA:1372,0
DA:1373,0
DA:1376,0
DA:1377,0
DA:1378,0
DA:1381,0
DA:1382,0
DA:1383,0
DA:1387,0
DA:1388,0
DA:1389,0
DA:1393,0
DA:1394,0
DA:1395,0
DA:1397,0
DA:1399,0
DA:1400,0
DA:1401,0
DA:1404,0
DA:1405,0
DA:1406,0
DA:1407,0
DA:1408,0
DA:1409,0
DA:1412,0
DA:1413,0
DA:1418,0
DA:1419,0
DA:1420,0
DA:1422,0
DA:1424,0
DA:1425,0
DA:1426,0
DA:1427,0
DA:1428,0
DA:1430,0
DA:1431,0
DA:1435,0
DA:1440,0
DA:1441,0
DA:1442,0
DA:1443,0
DA:1444,0
DA:1445,0
DA:1452,0
DA:1453,0
DA:1454,0
DA:1455,0
DA:1456,0
DA:1457,0
DA:1458,0
DA:1459,0
DA:1460,0
DA:1462,0
DA:1463,0
DA:1464,0
DA:1465,0
DA:1468,0
DA:1469,0
DA:1471,0
DA:1472,0
DA:1473,0
DA:1474,0
DA:1479,0
DA:1480,0
DA:1481,0
DA:1485,0
DA:1486,0
DA:1487,0
DA:1488,0
DA:1489,0
DA:1490,0
DA:1494,0
DA:1495,0
DA:1496,0
DA:1497,0
DA:1498,0
DA:1500,0
DA:1501,0
DA:1502,0
DA:1503,0
DA:1512,0
DA:1515,0
DA:1516,0
DA:1517,0
DA:1518,0
DA:1519,0
DA:1520,0
DA:1526,0
DA:1530,0
DA:1531,0
DA:1532,0
DA:1533,0
DA:1534,0
DA:1535,0
DA:1536,0
DA:1537,0
DA:1542,0
DA:1543,0
DA:1544,0
DA:1545,0
DA:1546,0
DA:1547,0
DA:1548,0
DA:1549,0
DA:1550,0
DA:1551,0
DA:1553,0
DA:1554,0
DA:1555,0
DA:1556,0
DA:1558,0
DA:1559,0
DA:1563,0
DA:1568,0
DA:1569,0
DA:1570,0
DA:1572,0
DA:1573,0
DA:1580,0
DA:1581,0
DA:1582,0
DA:1583,0
DA:1584,0
DA:1585,0
DA:1586,0
DA:1587,0
DA:1589,0
DA:1590,0
DA:1594,0
DA:1595,0
DA:1596,0
DA:1597,0
DA:1598,0
DA:1599,0
DA:1603,0
DA:1604,0
DA:1605,0
DA:1606,0
DA:1607,0
DA:1608,0
DA:1609,0
DA:1610,0
DA:1611,0
DA:1616,0
DA:1617,0
DA:1621,0
DA:1622,0
DA:1626,0
DA:1628,0
DA:1633,0
DA:1634,0
DA:1635,0
DA:1636,0
DA:1637,0
DA:1638,0
DA:1639,0
DA:1640,0
DA:1641,0
DA:1642,0
DA:1643,0
DA:1645,0
DA:1646,0
DA:1649,0
DA:1650,0
DA:1652,0
DA:1653,0
DA:1654,0
DA:1655,0
DA:1657,0
DA:1660,0
DA:1661,0
DA:1663,0
DA:1668,0
DA:1669,0
DA:1670,0
DA:1671,0
DA:1672,0
DA:1673,0
DA:1674,0
DA:1675,0
DA:1676,0
DA:1677,0
DA:1678,0
DA:1680,0
DA:1685,0
DA:1686,0
DA:1687,0
DA:1688,0
DA:1689,0
DA:1690,0
DA:1691,0
DA:1692,0
DA:1696,0
DA:1697,0
DA:1701,0
DA:1702,0
DA:1703,0
DA:1704,0
DA:1705,0
DA:1711,0
DA:1713,0
DA:1714,0
DA:1719,0
DA:1720,0
DA:1721,0
DA:1722,0
DA:1723,0
DA:1724,0
DA:1725,0
DA:1726,0
DA:1728,0
DA:1729,0
DA:1730,0
DA:1733,0
DA:1734,0
DA:1736,0
DA:1737,0
DA:1738,0
DA:1740,0
DA:1741,0
DA:1742,0
DA:1744,0
DA:1745,0
DA:1749,0
DA:1750,0
DA:1751,0
DA:1752,0
DA:1753,0
DA:1754,0
DA:1755,0
DA:1756,0
DA:1757,0
DA:1758,0
DA:1759,0
DA:1761,0
DA:1762,0
DA:1764,0
DA:1767,0
DA:1768,0
DA:1770,0
DA:1771,0
DA:1773,0
DA:1774,0
DA:1775,0
DA:1776,0
DA:1778,0
DA:1779,0
DA:1780,0
DA:1782,0
DA:1786,0
DA:1791,0
DA:1792,0
DA:1793,0
DA:1794,0
DA:1795,0
DA:1796,0
DA:1802,0
DA:1807,0
DA:1813,0
DA:1814,0
DA:1815,0
DA:1818,0
LF:874
LH:0
BRDA:126,0,0,0
BRDA:126,0,1,0
BRDA:127,1,0,0
BRDA:127,1,1,0
BRDA:128,2,0,0
BRDA:128,2,1,0
BRDA:129,3,0,0
BRDA:129,3,1,0
BRDA:130,4,0,0
BRDA:130,4,1,0
BRDA:131,5,0,0
BRDA:131,5,1,0
BRDA:132,6,0,0
BRDA:132,6,1,0
BRDA:133,7,0,0
BRDA:133,7,1,0
BRDA:136,8,0,0
BRDA:136,8,1,0
BRDA:137,9,0,0
BRDA:137,9,1,0
BRDA:137,10,0,0
BRDA:137,10,1,0
BRDA:137,11,0,0
BRDA:137,11,1,0
BRDA:138,12,0,0
BRDA:138,12,1,0
BRDA:139,13,0,0
BRDA:139,13,1,0
BRDA:140,14,0,0
BRDA:140,14,1,0
BRDA:141,15,0,0
BRDA:141,15,1,0
BRDA:152,16,0,0
BRDA:152,16,1,0
BRDA:153,17,0,0
BRDA:153,17,1,0
BRDA:154,18,0,0
BRDA:154,18,1,0
BRDA:155,19,0,0
BRDA:155,19,1,0
BRDA:156,20,0,0
BRDA:156,20,1,0
BRDA:157,21,0,0
BRDA:157,21,1,0
BRDA:160,22,0,0
BRDA:160,22,1,0
BRDA:161,23,0,0
BRDA:161,23,1,0
BRDA:162,24,0,0
BRDA:162,24,1,0
BRDA:176,25,0,0
BRDA:176,25,1,0
BRDA:177,26,0,0
BRDA:177,26,1,0
BRDA:178,27,0,0
BRDA:178,27,1,0
BRDA:179,28,0,0
BRDA:179,28,1,0
BRDA:180,29,0,0
BRDA:180,29,1,0
BRDA:183,30,0,0
BRDA:183,30,1,0
BRDA:184,31,0,0
BRDA:184,31,1,0
BRDA:198,32,0,0
BRDA:198,32,1,0
BRDA:199,33,0,0
BRDA:199,33,1,0
BRDA:200,34,0,0
BRDA:200,34,1,0
BRDA:201,35,0,0
BRDA:201,35,1,0
BRDA:201,36,0,0
BRDA:201,36,1,0
BRDA:201,37,0,0
BRDA:201,37,1,0
BRDA:204,38,0,0
BRDA:204,38,1,0
BRDA:204,39,0,0
BRDA:204,39,1,0
BRDA:204,40,0,0
BRDA:204,40,1,0
BRDA:225,41,0,0
BRDA:225,41,1,0
BRDA:225,42,0,0
BRDA:225,42,1,0
BRDA:241,43,0,0
BRDA:241,43,1,0
BRDA:242,44,0,0
BRDA:242,44,1,0
BRDA:250,45,0,0
BRDA:250,45,1,0
BRDA:258,46,0,0
BRDA:258,46,1,0
BRDA:259,47,0,0
BRDA:259,47,1,0
BRDA:267,48,0,0
BRDA:267,49,0,0
BRDA:269,50,0,0
BRDA:269,50,1,0
BRDA:270,51,0,0
BRDA:270,51,1,0
BRDA:272,52,0,0
BRDA:272,52,1,0
BRDA:274,53,0,0
BRDA:274,53,1,0
BRDA:281,54,0,0
BRDA:281,54,1,0
BRDA:294,55,0,0
BRDA:295,56,0,0
BRDA:295,56,1,0
BRDA:296,57,0,0
BRDA:296,57,1,0
BRDA:298,58,0,0
BRDA:298,58,1,0
BRDA:299,59,0,0
BRDA:299,59,1,0
BRDA:307,60,0,0
BRDA:307,60,1,0
BRDA:410,61,0,0
BRDA:410,61,1,0
BRDA:413,62,0,0
BRDA:413,62,1,0
BRDA:418,63,0,0
BRDA:418,63,1,0
BRDA:432,64,0,0
BRDA:432,64,1,0
BRDA:434,65,0,0
BRDA:434,65,1,0
BRDA:434,66,0,0
BRDA:434,66,1,0
BRDA:436,67,0,0
BRDA:436,67,1,0
BRDA:436,68,0,0
BRDA:436,68,1,0
BRDA:436,69,0,0
BRDA:436,69,1,0
BRDA:436,70,0,0
BRDA:436,70,1,0
BRDA:437,71,0,0
BRDA:437,71,1,0
BRDA:439,72,0,0
BRDA:439,72,1,0
BRDA:441,73,0,0
BRDA:441,73,1,0
BRDA:441,74,0,0
BRDA:441,74,1,0
BRDA:441,74,2,0
BRDA:442,75,0,0
BRDA:442,75,1,0
BRDA:442,75,2,0
BRDA:443,76,0,0
BRDA:443,76,1,0
BRDA:443,77,0,0
BRDA:443,77,1,0
BRDA:443,77,2,0
BRDA:451,78,0,0
BRDA:451,78,1,0
BRDA:452,79,0,0
BRDA:452,79,1,0
BRDA:452,80,0,0
BRDA:452,80,1,0
BRDA:454,81,0,0
BRDA:454,81,1,0
BRDA:455,82,0,0
BRDA:455,82,1,0
BRDA:456,83,0,0
BRDA:456,83,1,0
BRDA:457,84,0,0
BRDA:457,84,1,0
BRDA:457,85,0,0
BRDA:457,85,1,0
BRDA:458,86,0,0
BRDA:458,86,1,0
BRDA:458,87,0,0
BRDA:458,87,1,0
BRDA:462,88,0,0
BRDA:462,88,1,0
BRDA:462,89,0,0
BRDA:462,89,1,0
BRDA:462,90,0,0
BRDA:462,90,1,0
BRDA:465,91,0,0
BRDA:465,91,1,0
BRDA:465,92,0,0
BRDA:465,92,1,0
BRDA:466,93,0,0
BRDA:466,93,1,0
BRDA:468,94,0,0
BRDA:468,94,1,0
BRDA:469,95,0,0
BRDA:469,95,1,0
BRDA:472,96,0,0
BRDA:472,96,1,0
BRDA:475,97,0,0
BRDA:475,97,1,0
BRDA:477,98,0,0
BRDA:477,98,1,0
BRDA:479,99,0,0
BRDA:479,99,1,0
BRDA:486,100,0,0
BRDA:486,100,1,0
BRDA:487,101,0,0
BRDA:487,101,1,0
BRDA:487,102,0,0
BRDA:487,102,1,0
BRDA:499,103,0,0
BRDA:499,103,1,0
BRDA:500,104,0,0
BRDA:500,104,1,0
BRDA:501,105,0,0
BRDA:501,105,1,0
BRDA:502,106,0,0
BRDA:502,106,1,0
BRDA:503,107,0,0
BRDA:503,107,1,0
BRDA:504,108,0,0
BRDA:504,108,1,0
BRDA:505,109,0,0
BRDA:505,109,1,0
BRDA:509,110,0,0
BRDA:509,110,1,0
BRDA:519,111,0,0
BRDA:519,111,1,0
BRDA:529,112,0,0
BRDA:529,112,1,0
BRDA:530,113,0,0
BRDA:530,113,1,0
BRDA:531,114,0,0
BRDA:531,114,1,0
BRDA:532,115,0,0
BRDA:532,115,1,0
BRDA:533,116,0,0
BRDA:533,116,1,0
BRDA:534,117,0,0
BRDA:534,117,1,0
BRDA:535,118,0,0
BRDA:535,118,1,0
BRDA:536,119,0,0
BRDA:536,119,1,0
BRDA:543,120,0,0
BRDA:543,120,1,0
BRDA:544,121,0,0
BRDA:544,121,1,0
BRDA:545,122,0,0
BRDA:545,122,1,0
BRDA:546,123,0,0
BRDA:546,123,1,0
BRDA:547,124,0,0
BRDA:547,124,1,0
BRDA:548,125,0,0
BRDA:548,125,1,0
BRDA:553,126,0,0
BRDA:553,126,1,0
BRDA:553,127,0,0
BRDA:553,127,1,0
BRDA:553,128,0,0
BRDA:553,128,1,0
BRDA:556,129,0,0
BRDA:556,129,1,0
BRDA:556,130,0,0
BRDA:556,130,1,0
BRDA:556,131,0,0
BRDA:556,131,1,0
BRDA:556,132,0,0
BRDA:556,132,1,0
BRDA:557,133,0,0
BRDA:557,133,1,0
BRDA:559,134,0,0
BRDA:559,134,1,0
BRDA:559,135,0,0
BRDA:559,135,1,0
BRDA:559,135,2,0
BRDA:560,136,0,0
BRDA:560,136,1,0
BRDA:560,136,2,0
BRDA:566,137,0,0
BRDA:566,137,1,0
BRDA:573,138,0,0
BRDA:573,138,1,0
BRDA:578,139,0,0
BRDA:578,139,1,0
BRDA:584,140,0,0
BRDA:584,140,1,0
BRDA:584,141,0,0
BRDA:584,141,1,0
BRDA:584,142,0,0
BRDA:584,142,1,0
BRDA:590,143,0,0
BRDA:590,143,1,0
BRDA:595,144,0,0
BRDA:595,144,1,0
BRDA:606,145,0,0
BRDA:606,145,1,0
BRDA:608,146,0,0
BRDA:608,146,1,0
BRDA:609,147,0,0
BRDA:609,147,1,0
BRDA:609,148,0,0
BRDA:609,148,1,0
BRDA:610,149,0,0
BRDA:610,149,1,0
BRDA:611,150,0,0
BRDA:611,150,1,0
BRDA:611,151,0,0
BRDA:611,151,1,0
BRDA:611,152,0,0
BRDA:611,152,1,0
BRDA:612,153,0,0
BRDA:612,153,1,0
BRDA:622,154,0,0
BRDA:622,154,1,0
BRDA:622,154,2,0
BRDA:622,154,3,0
BRDA:622,154,4,0
BRDA:622,154,5,0
BRDA:622,154,6,0
BRDA:622,154,7,0
BRDA:622,154,8,0
BRDA:622,154,9,0
BRDA:622,154,10,0
BRDA:622,154,11,0
BRDA:622,154,12,0
BRDA:622,154,13,0
BRDA:622,154,14,0
BRDA:622,154,15,0
BRDA:622,154,16,0
BRDA:622,154,17,0
BRDA:622,154,18,0
BRDA:622,154,19,0
BRDA:622,154,20,0
BRDA:622,154,21,0
BRDA:622,154,22,0
BRDA:622,154,23,0
BRDA:622,154,24,0
BRDA:622,154,25,0
BRDA:622,154,26,0
BRDA:622,154,27,0
BRDA:622,154,28,0
BRDA:622,154,29,0
BRDA:622,154,30,0
BRDA:622,154,31,0
BRDA:622,154,32,0
BRDA:622,154,33,0
BRDA:642,155,0,0
BRDA:642,155,1,0
BRDA:648,156,0,0
BRDA:648,156,1,0
BRDA:656,157,0,0
BRDA:656,157,1,0
BRDA:657,158,0,0
BRDA:657,158,1,0
BRDA:658,159,0,0
BRDA:658,159,1,0
BRDA:680,160,0,0
BRDA:680,160,1,0
BRDA:682,161,0,0
BRDA:682,161,1,0
BRDA:691,162,0,0
BRDA:691,162,1,0
BRDA:693,163,0,0
BRDA:693,163,1,0
BRDA:703,164,0,0
BRDA:703,164,1,0
BRDA:704,165,0,0
BRDA:704,165,1,0
BRDA:705,166,0,0
BRDA:705,166,1,0
BRDA:706,167,0,0
BRDA:706,167,1,0
BRDA:707,168,0,0
BRDA:707,168,1,0
BRDA:708,169,0,0
BRDA:708,169,1,0
BRDA:709,170,0,0
BRDA:709,170,1,0
BRDA:719,171,0,0
BRDA:719,171,1,0
BRDA:724,172,0,0
BRDA:724,172,1,0
BRDA:725,173,0,0
BRDA:725,173,1,0
BRDA:725,174,0,0
BRDA:725,174,1,0
BRDA:729,175,0,0
BRDA:735,176,0,0
BRDA:735,176,1,0
BRDA:736,177,0,0
BRDA:736,177,1,0
BRDA:737,178,0,0
BRDA:737,178,1,0
BRDA:738,179,0,0
BRDA:738,179,1,0
BRDA:744,180,0,0
BRDA:744,180,1,0
BRDA:752,181,0,0
BRDA:752,181,1,0
BRDA:758,182,0,0
BRDA:758,182,1,0
BRDA:759,183,0,0
BRDA:759,183,1,0
BRDA:760,184,0,0
BRDA:760,184,1,0
BRDA:761,185,0,0
BRDA:761,185,1,0
BRDA:762,186,0,0
BRDA:762,186,1,0
BRDA:764,187,0,0
BRDA:764,187,1,0
BRDA:767,188,0,0
BRDA:767,188,1,0
BRDA:768,189,0,0
BRDA:768,189,1,0
BRDA:769,190,0,0
BRDA:769,190,1,0
BRDA:776,191,0,0
BRDA:776,191,1,0
BRDA:776,191,2,0
BRDA:777,192,0,0
BRDA:777,192,1,0
BRDA:791,193,0,0
BRDA:791,193,1,0
BRDA:792,194,0,0
BRDA:792,194,1,0
BRDA:797,195,0,0
BRDA:797,195,1,0
BRDA:802,196,0,0
BRDA:802,196,1,0
BRDA:802,197,0,0
BRDA:802,197,1,0
BRDA:812,198,0,0
BRDA:812,198,1,0
BRDA:814,199,0,0
BRDA:814,199,1,0
BRDA:814,200,0,0
BRDA:814,200,1,0
BRDA:814,201,0,0
BRDA:814,201,1,0
BRDA:816,202,0,0
BRDA:816,202,1,0
BRDA:818,203,0,0
BRDA:818,203,1,0
BRDA:818,204,0,0
BRDA:818,204,1,0
BRDA:831,205,0,0
BRDA:831,205,1,0
BRDA:837,206,0,0
BRDA:837,206,1,0
BRDA:843,207,0,0
BRDA:843,207,1,0
BRDA:845,208,0,0
BRDA:845,208,1,0
BRDA:846,209,0,0
BRDA:846,209,1,0
BRDA:851,210,0,0
BRDA:851,210,1,0
BRDA:862,211,0,0
BRDA:862,211,1,0
BRDA:863,212,0,0
BRDA:863,212,1,0
BRDA:864,213,0,0
BRDA:864,213,1,0
BRDA:865,214,0,0
BRDA:865,214,1,0
BRDA:870,215,0,0
BRDA:870,215,1,0
BRDA:880,216,0,0
BRDA:880,216,1,0
BRDA:880,217,0,0
BRDA:880,217,1,0
BRDA:880,218,0,0
BRDA:880,218,1,0
BRDA:881,219,0,0
BRDA:881,219,1,0
BRDA:881,220,0,0
BRDA:881,220,1,0
BRDA:881,221,0,0
BRDA:881,221,1,0
BRDA:882,222,0,0
BRDA:882,222,1,0
BRDA:882,223,0,0
BRDA:882,223,1,0
BRDA:882,224,0,0
BRDA:882,224,1,0
BRDA:883,225,0,0
BRDA:883,225,1,0
BRDA:883,226,0,0
BRDA:883,226,1,0
BRDA:884,227,0,0
BRDA:884,227,1,0
BRDA:884,228,0,0
BRDA:884,228,1,0
BRDA:884,229,0,0
BRDA:884,229,1,0
BRDA:885,230,0,0
BRDA:885,230,1,0
BRDA:885,231,0,0
BRDA:885,231,1,0
BRDA:885,231,2,0
BRDA:886,232,0,0
BRDA:886,232,1,0
BRDA:887,233,0,0
BRDA:887,233,1,0
BRDA:887,233,2,0
BRDA:888,234,0,0
BRDA:888,234,1,0
BRDA:891,235,0,0
BRDA:891,235,1,0
BRDA:891,236,0,0
BRDA:891,236,1,0
BRDA:898,237,0,0
BRDA:898,237,1,0
BRDA:899,238,0,0
BRDA:899,238,1,0
BRDA:900,239,0,0
BRDA:900,239,1,0
BRDA:902,240,0,0
BRDA:902,240,1,0
BRDA:902,241,0,0
BRDA:902,241,1,0
BRDA:902,242,0,0
BRDA:902,242,1,0
BRDA:902,243,0,0
BRDA:902,243,1,0
BRDA:902,244,0,0
BRDA:902,244,1,0
BRDA:903,245,0,0
BRDA:903,245,1,0
BRDA:904,246,0,0
BRDA:904,246,1,0
BRDA:904,247,0,0
BRDA:904,247,1,0
BRDA:904,248,0,0
BRDA:904,248,1,0
BRDA:905,249,0,0
BRDA:905,249,1,0
BRDA:905,250,0,0
BRDA:905,250,1,0
BRDA:905,251,0,0
BRDA:905,251,1,0
BRDA:905,252,0,0
BRDA:905,252,1,0
BRDA:905,253,0,0
BRDA:905,253,1,0
BRDA:912,254,0,0
BRDA:912,254,1,0
BRDA:924,255,0,0
BRDA:924,255,1,0
BRDA:925,256,0,0
BRDA:925,256,1,0
BRDA:925,257,0,0
BRDA:925,257,1,0
BRDA:930,258,0,0
BRDA:930,258,1,0
BRDA:944,259,0,0
BRDA:944,259,1,0
BRDA:963,260,0,0
BRDA:963,260,1,0
BRDA:965,261,0,0
BRDA:965,261,1,0
BRDA:987,262,0,0
BRDA:987,262,1,0
BRDA:987,263,0,0
BRDA:987,263,1,0
BRDA:987,263,2,0
BRDA:987,263,3,0
BRDA:988,264,0,0
BRDA:988,264,1,0
BRDA:989,265,0,0
BRDA:989,265,1,0
BRDA:991,266,0,0
BRDA:991,266,1,0
BRDA:991,267,0,0
BRDA:991,267,1,0
BRDA:996,268,0,0
BRDA:996,268,1,0
BRDA:998,269,0,0
BRDA:998,269,1,0
BRDA:1004,270,0,0
BRDA:1004,270,1,0
BRDA:1010,271,0,0
BRDA:1010,271,1,0
BRDA:1011,272,0,0
BRDA:1011,272,1,0
BRDA:1012,273,0,0
BRDA:1012,273,1,0
BRDA:1012,274,0,0
BRDA:1012,274,1,0
BRDA:1015,275,0,0
BRDA:1015,275,1,0
BRDA:1016,276,0,0
BRDA:1016,276,1,0
BRDA:1019,277,0,0
BRDA:1019,277,1,0
BRDA:1019,278,0,0
BRDA:1019,278,1,0
BRDA:1020,279,0,0
BRDA:1020,279,1,0
BRDA:1023,280,0,0
BRDA:1023,280,1,0
BRDA:1024,281,0,0
BRDA:1024,281,1,0
BRDA:1024,282,0,0
BRDA:1024,282,1,0
BRDA:1029,283,0,0
BRDA:1029,283,1,0
BRDA:1031,284,0,0
BRDA:1031,284,1,0
BRDA:1045,285,0,0
BRDA:1049,286,0,0
BRDA:1049,286,1,0
BRDA:1052,287,0,0
BRDA:1052,288,0,0
BRDA:1055,289,0,0
BRDA:1055,289,1,0
BRDA:1055,290,0,0
BRDA:1055,290,1,0
BRDA:1056,291,0,0
BRDA:1056,291,1,0
BRDA:1056,292,0,0
BRDA:1056,292,1,0
BRDA:1059,293,0,0
BRDA:1059,293,1,0
BRDA:1059,293,2,0
BRDA:1061,294,0,0
BRDA:1061,294,1,0
BRDA:1062,295,0,0
BRDA:1062,295,1,0
BRDA:1063,296,0,0
BRDA:1063,296,1,0
BRDA:1063,297,0,0
BRDA:1063,297,1,0
BRDA:1064,298,0,0
BRDA:1064,298,1,0
BRDA:1064,299,0,0
BRDA:1064,299,1,0
BRDA:1065,300,0,0
BRDA:1065,300,1,0
BRDA:1065,301,0,0
BRDA:1065,301,1,0
BRDA:1066,302,0,0
BRDA:1066,302,1,0
BRDA:1066,303,0,0
BRDA:1066,303,1,0
BRDA:1069,304,0,0
BRDA:1069,304,1,0
BRDA:1069,305,0,0
BRDA:1069,305,1,0
BRDA:1081,306,0,0
BRDA:1081,306,1,0
BRDA:1082,307,0,0
BRDA:1082,307,1,0
BRDA:1087,308,0,0
BRDA:1087,308,1,0
BRDA:1101,309,0,0
BRDA:1101,309,1,0
BRDA:1103,310,0,0
BRDA:1103,310,1,0
BRDA:1103,311,0,0
BRDA:1103,311,1,0
BRDA:1105,312,0,0
BRDA:1105,312,1,0
BRDA:1109,313,0,0
BRDA:1109,313,1,0
BRDA:1109,314,0,0
BRDA:1109,314,1,0
BRDA:1111,315,0,0
BRDA:1111,315,1,0
BRDA:1117,316,0,0
BRDA:1117,316,1,0
BRDA:1120,317,0,0
BRDA:1120,317,1,0
BRDA:1124,318,0,0
BRDA:1124,318,1,0
BRDA:1130,319,0,0
BRDA:1130,319,1,0
BRDA:1130,320,0,0
BRDA:1130,320,1,0
BRDA:1132,321,0,0
BRDA:1132,321,1,0
BRDA:1133,322,0,0
BRDA:1133,322,1,0
BRDA:1138,323,0,0
BRDA:1138,323,1,0
BRDA:1143,324,0,0
BRDA:1143,324,1,0
BRDA:1146,325,0,0
BRDA:1146,325,1,0
BRDA:1148,326,0,0
BRDA:1148,326,1,0
BRDA:1152,327,0,0
BRDA:1152,327,1,0
BRDA:1155,328,0,0
BRDA:1155,328,1,0
BRDA:1163,329,0,0
BRDA:1163,329,1,0
BRDA:1169,330,0,0
BRDA:1169,330,1,0
BRDA:1172,331,0,0
BRDA:1172,331,1,0
BRDA:1173,332,0,0
BRDA:1173,332,1,0
BRDA:1177,333,0,0
BRDA:1177,333,1,0
BRDA:1185,334,0,0
BRDA:1185,334,1,0
BRDA:1189,335,0,0
BRDA:1189,335,1,0
BRDA:1194,336,0,0
BRDA:1194,336,1,0
BRDA:1197,337,0,0
BRDA:1197,337,1,0
BRDA:1204,338,0,0
BRDA:1204,338,1,0
BRDA:1214,339,0,0
BRDA:1214,339,1,0
BRDA:1215,340,0,0
BRDA:1215,340,1,0
BRDA:1216,341,0,0
BRDA:1216,341,1,0
BRDA:1218,342,0,0
BRDA:1218,342,1,0
BRDA:1225,343,0,0
BRDA:1225,343,1,0
BRDA:1226,344,0,0
BRDA:1226,344,1,0
BRDA:1228,345,0,0
BRDA:1228,345,1,0
BRDA:1231,346,0,0
BRDA:1231,346,1,0
BRDA:1238,347,0,0
BRDA:1238,347,1,0
BRDA:1242,348,0,0
BRDA:1242,348,1,0
BRDA:1244,349,0,0
BRDA:1244,349,1,0
BRDA:1244,350,0,0
BRDA:1244,350,1,0
BRDA:1245,351,0,0
BRDA:1245,351,1,0
BRDA:1268,352,0,0
BRDA:1268,352,1,0
BRDA:1271,353,0,0
BRDA:1271,353,1,0
BRDA:1272,354,0,0
BRDA:1272,354,1,0
BRDA:1274,355,0,0
BRDA:1274,355,1,0
BRDA:1283,356,0,0
BRDA:1283,356,1,0
BRDA:1284,357,0,0
BRDA:1284,357,1,0
BRDA:1284,358,0,0
BRDA:1284,358,1,0
BRDA:1286,359,0,0
BRDA:1286,359,1,0
BRDA:1287,360,0,0
BRDA:1287,360,1,0
BRDA:1298,361,0,0
BRDA:1298,361,1,0
BRDA:1300,362,0,0
BRDA:1300,362,1,0
BRDA:1300,363,0,0
BRDA:1300,363,1,0
BRDA:1300,364,0,0
BRDA:1300,364,1,0
BRDA:1300,364,2,0
BRDA:1301,365,0,0
BRDA:1301,365,1,0
BRDA:1301,366,0,0
BRDA:1301,366,1,0
BRDA:1301,366,2,0
BRDA:1302,367,0,0
BRDA:1302,367,1,0
BRDA:1302,368,0,0
BRDA:1302,368,1,0
BRDA:1302,368,2,0
BRDA:1308,369,0,0
BRDA:1308,369,1,0
BRDA:1309,370,0,0
BRDA:1309,370,1,0
BRDA:1323,371,0,0
BRDA:1323,371,1,0
BRDA:1326,372,0,0
BRDA:1326,372,1,0
BRDA:1327,373,0,0
BRDA:1327,373,1,0
BRDA:1328,374,0,0
BRDA:1328,374,1,0
BRDA:1329,375,0,0
BRDA:1329,375,1,0
BRDA:1330,376,0,0
BRDA:1330,376,1,0
BRDA:1330,377,0,0
BRDA:1330,377,1,0
BRDA:1331,378,0,0
BRDA:1331,378,1,0
BRDA:1332,379,0,0
BRDA:1332,379,1,0
BRDA:1334,380,0,0
BRDA:1334,380,1,0
BRDA:1335,381,0,0
BRDA:1335,381,1,0
BRDA:1335,382,0,0
BRDA:1335,382,1,0
BRDA:1335,382,2,0
BRDA:1340,383,0,0
BRDA:1340,383,1,0
BRDA:1341,384,0,0
BRDA:1341,384,1,0
BRDA:1342,385,0,0
BRDA:1342,385,1,0
BRDA:1343,386,0,0
BRDA:1343,386,1,0
BRDA:1343,387,0,0
BRDA:1343,387,1,0
BRDA:1344,388,0,0
BRDA:1344,388,1,0
BRDA:1344,389,0,0
BRDA:1344,389,1,0
BRDA:1350,390,0,0
BRDA:1350,390,1,0
BRDA:1351,391,0,0
BRDA:1351,391,1,0
BRDA:1351,392,0,0
BRDA:1351,392,1,0
BRDA:1352,393,0,0
BRDA:1352,393,1,0
BRDA:1358,394,0,0
BRDA:1358,394,1,0
BRDA:1361,395,0,0
BRDA:1361,395,1,0
BRDA:1364,396,0,0
BRDA:1364,396,1,0
BRDA:1365,397,0,0
BRDA:1365,397,1,0
BRDA:1367,398,0,0
BRDA:1367,398,1,0
BRDA:1369,399,0,0
BRDA:1369,399,1,0
BRDA:1371,400,0,0
BRDA:1371,400,1,0
BRDA:1376,401,0,0
BRDA:1376,401,1,0
BRDA:1376,402,0,0
BRDA:1376,402,1,0
BRDA:1388,403,0,0
BRDA:1388,403,1,0
BRDA:1397,404,0,0
BRDA:1397,404,1,0
BRDA:1397,405,0,0
BRDA:1397,405,1,0
BRDA:1397,405,2,0
BRDA:1405,406,0,0
BRDA:1405,406,1,0
BRDA:1417,407,0,0
BRDA:1417,408,0,0
BRDA:1422,409,0,0
BRDA:1422,409,1,0
BRDA:1422,410,0,0
BRDA:1422,410,1,0
BRDA:1422,410,2,0
BRDA:1424,411,0,0
BRDA:1424,411,1,0
BRDA:1441,412,0,0
BRDA:1441,412,1,0
BRDA:1443,413,0,0
BRDA:1443,413,1,0
BRDA:1451,414,0,0
BRDA:1451,415,0,0
BRDA:1453,416,0,0
BRDA:1453,416,1,0
BRDA:1454,417,0,0
BRDA:1454,417,1,0
BRDA:1455,418,0,0
BRDA:1455,418,1,0
BRDA:1455,419,0,0
BRDA:1455,419,1,0
BRDA:1456,420,0,0
BRDA:1456,420,1,0
BRDA:1457,421,0,0
BRDA:1457,421,1,0
BRDA:1462,422,0,0
BRDA:1462,422,1,0
BRDA:1468,423,0,0
BRDA:1469,424,0,0
BRDA:1472,425,0,0
BRDA:1472,425,1,0
BRDA:1473,426,0,0
BRDA:1473,426,1,0
BRDA:1495,427,0,0
BRDA:1495,427,1,0
BRDA:1496,428,0,0
BRDA:1496,428,1,0
BRDA:1503,429,0,0
BRDA:1503,429,1,0
BRDA:1517,430,0,0
BRDA:1517,430,1,0
BRDA:1530,431,0,0
BRDA:1530,431,1,0
BRDA:1532,432,0,0
BRDA:1532,432,1,0
BRDA:1532,433,0,0
BRDA:1532,433,1,0
BRDA:1532,434,0,0
BRDA:1532,434,1,0
BRDA:1533,435,0,0
BRDA:1533,435,1,0
BRDA:1533,436,0,0
BRDA:1533,436,1,0
BRDA:1533,437,0,0
BRDA:1533,437,1,0
BRDA:1534,438,0,0
BRDA:1534,438,1,0
BRDA:1534,439,0,0
BRDA:1534,439,1,0
BRDA:1534,440,0,0
BRDA:1534,440,1,0
BRDA:1535,441,0,0
BRDA:1535,441,1,0
BRDA:1535,442,0,0
BRDA:1535,442,1,0
BRDA:1535,443,0,0
BRDA:1535,443,1,0
BRDA:1536,444,0,0
BRDA:1536,444,1,0
BRDA:1536,445,0,0
BRDA:1536,445,1,0
BRDA:1536,446,0,0
BRDA:1536,446,1,0
BRDA:1537,447,0,0
BRDA:1537,447,1,0
BRDA:1543,448,0,0
BRDA:1543,448,1,0
BRDA:1545,449,0,0
BRDA:1545,449,1,0
BRDA:1545,450,0,0
BRDA:1545,450,1,0
BRDA:1547,451,0,0
BRDA:1547,451,1,0
BRDA:1547,452,0,0
BRDA:1547,452,1,0
BRDA:1555,453,0,0
BRDA:1555,453,1,0
BRDA:1556,454,0,0
BRDA:1556,454,1,0
BRDA:1559,455,0,0
BRDA:1559,455,1,0
BRDA:1570,456,0,0
BRDA:1570,456,1,0
BRDA:1583,457,0,0
BRDA:1583,457,1,0
BRDA:1583,458,0,0
BRDA:1583,458,1,0
BRDA:1583,458,2,0
BRDA:1584,459,0,0
BRDA:1584,459,1,0
BRDA:1584,460,0,0
BRDA:1584,460,1,0
BRDA:1585,461,0,0
BRDA:1585,461,1,0
BRDA:1585,462,0,0
BRDA:1585,462,1,0
BRDA:1586,463,0,0
BRDA:1586,463,1,0
BRDA:1586,464,0,0
BRDA:1586,464,1,0
BRDA:1589,465,0,0
BRDA:1589,465,1,0
BRDA:1605,466,0,0
BRDA:1605,466,1,0
BRDA:1610,467,0,0
BRDA:1610,467,1,0
BRDA:1610,468,0,0
BRDA:1610,468,1,0
BRDA:1616,469,0,0
BRDA:1616,469,1,0
BRDA:1618,470,0,0
BRDA:1618,470,1,0
BRDA:1618,471,0,0
BRDA:1618,471,1,0
BRDA:1619,472,0,0
BRDA:1619,472,1,0
BRDA:1619,473,0,0
BRDA:1619,473,1,0
BRDA:1634,474,0,0
BRDA:1634,474,1,0
BRDA:1634,475,0,0
BRDA:1634,475,1,0
BRDA:1637,476,0,0
BRDA:1637,476,1,0
BRDA:1638,477,0,0
BRDA:1638,477,1,0
BRDA:1639,478,0,0
BRDA:1639,478,1,0
BRDA:1640,479,0,0
BRDA:1640,479,1,0
BRDA:1641,480,0,0
BRDA:1641,480,1,0
BRDA:1645,481,0,0
BRDA:1645,481,1,0
BRDA:1646,482,0,0
BRDA:1646,482,1,0
BRDA:1653,483,0,0
BRDA:1653,483,1,0
BRDA:1653,484,0,0
BRDA:1653,484,1,0
BRDA:1655,485,0,0
BRDA:1655,485,1,0
BRDA:1667,486,0,0
BRDA:1667,487,0,0
BRDA:1669,488,0,0
BRDA:1669,488,1,0
BRDA:1669,489,0,0
BRDA:1669,489,1,0
BRDA:1671,490,0,0
BRDA:1671,490,1,0
BRDA:1673,491,0,0
BRDA:1673,491,1,0
BRDA:1673,491,2,0
BRDA:1674,492,0,0
BRDA:1674,492,1,0
BRDA:1676,493,0,0
BRDA:1676,493,1,0
BRDA:1676,494,0,0
BRDA:1676,494,1,0
BRDA:1678,495,0,0
BRDA:1678,495,1,0
BRDA:1680,496,0,0
BRDA:1680,496,1,0
BRDA:1684,497,0,0
BRDA:1687,498,0,0
BRDA:1687,498,1,0
BRDA:1690,499,0,0
BRDA:1690,499,1,0
BRDA:1690,500,0,0
BRDA:1690,500,1,0
BRDA:1692,501,0,0
BRDA:1692,501,1,0
BRDA:1704,502,0,0
BRDA:1704,502,1,0
BRDA:1721,503,0,0
BRDA:1721,503,1,0
BRDA:1725,504,0,0
BRDA:1725,504,1,0
BRDA:1729,505,0,0
BRDA:1729,505,1,0
BRDA:1730,506,0,0
BRDA:1730,506,1,0
BRDA:1730,507,0,0
BRDA:1730,507,1,0
BRDA:1733,508,0,0
BRDA:1733,508,1,0
BRDA:1736,509,0,0
BRDA:1736,509,1,0
BRDA:1736,510,0,0
BRDA:1736,510,1,0
BRDA:1736,511,0,0
BRDA:1736,511,1,0
BRDA:1750,512,0,0
BRDA:1750,512,1,0
BRDA:1753,513,0,0
BRDA:1753,513,1,0
BRDA:1754,514,0,0
BRDA:1754,514,1,0
BRDA:1755,515,0,0
BRDA:1755,515,1,0
BRDA:1756,516,0,0
BRDA:1756,516,1,0
BRDA:1757,517,0,0
BRDA:1757,517,1,0
BRDA:1767,518,0,0
BRDA:1767,518,1,0
BRDA:1768,519,0,0
BRDA:1768,519,1,0
BRDA:1773,520,0,0
BRDA:1773,520,1,0
BRDA:1773,521,0,0
BRDA:1773,521,1,0
BRDA:1773,522,0,0
BRDA:1773,522,1,0
BRDA:1776,523,0,0
BRDA:1776,523,1,0
BRDA:1776,524,0,0
BRDA:1776,524,1,0
BRDA:1812,525,0,0
BRDA:1814,526,0,0
BRDA:1814,526,1,0
BRF:1088
BRH:0
end_of_record
TN:
SF:public\ts\main.ts
FNF:0
FNH:0
DA:12,0
DA:13,0
DA:14,0
DA:17,0
DA:20,0
LF:5
LH:0
BRF:0
BRH:0
end_of_record
TN:
SF:public\ts\sync.ts
FN:80,(anonymous_0)
FN:94,(anonymous_1)
FN:101,(anonymous_2)
FN:111,(anonymous_3)
FN:128,(anonymous_4)
FN:163,(anonymous_5)
FN:211,(anonymous_6)
FN:257,(anonymous_7)
FN:275,(anonymous_8)
FN:276,(anonymous_9)
FN:289,(anonymous_10)
FN:290,(anonymous_11)
FN:302,(anonymous_12)
FN:303,(anonymous_13)
FN:312,(anonymous_14)
FN:366,(anonymous_15)
FN:380,(anonymous_16)
FN:390,(anonymous_17)
FN:396,(anonymous_18)
FN:400,(anonymous_19)
FN:404,(anonymous_20)
FN:408,(anonymous_21)
FN:412,(anonymous_22)
FN:424,(anonymous_23)
FN:456,(anonymous_24)
FNF:25
FNH:0
FNDA:0,(anonymous_0)
FNDA:0,(anonymous_1)
FNDA:0,(anonymous_2)
FNDA:0,(anonymous_3)
FNDA:0,(anonymous_4)
FNDA:0,(anonymous_5)
FNDA:0,(anonymous_6)
FNDA:0,(anonymous_7)
FNDA:0,(anonymous_8)
FNDA:0,(anonymous_9)
FNDA:0,(anonymous_10)
FNDA:0,(anonymous_11)
FNDA:0,(anonymous_12)
FNDA:0,(anonymous_13)
FNDA:0,(anonymous_14)
FNDA:0,(anonymous_15)
FNDA:0,(anonymous_16)
FNDA:0,(anonymous_17)
FNDA:0,(anonymous_18)
FNDA:0,(anonymous_19)
FNDA:0,(anonymous_20)
FNDA:0,(anonymous_21)
FNDA:0,(anonymous_22)
FNDA:0,(anonymous_23)
FNDA:0,(anonymous_24)
DA:63,0
DA:64,0
DA:65,0
DA:75,0
DA:81,0
DA:82,0
DA:83,0
DA:85,0
DA:95,0
DA:102,0
DA:112,0
DA:118,0
DA:119,0
DA:129,0
DA:150,0
DA:151,0
DA:152,0
DA:164,0
DA:165,0
DA:169,0
DA:171,0
DA:172,0
DA:173,0
DA:175,0
DA:176,0
DA:177,0
DA:180,0
DA:181,0
DA:183,0
DA:187,0
DA:188,0
DA:192,0
DA:193,0
DA:196,0
DA:212,0
DA:227,0
DA:228,0
DA:229,0
DA:241,0
DA:258,0
DA:259,0
DA:260,0
DA:265,0
DA:266,0
DA:267,0
DA:271,0
DA:272,0
DA:275,0
DA:276,0
DA:277,0
DA:279,0
DA:280,0
DA:281,0
DA:282,0
DA:289,0
DA:290,0
DA:291,0
DA:292,0
DA:293,0
DA:294,0
DA:295,0
DA:302,0
DA:303,0
DA:306,0
DA:308,0
DA:309,0
DA:312,0
DA:313,0
DA:314,0
DA:315,0
DA:316,0
DA:317,0
DA:319,0
DA:320,0
DA:321,0
DA:324,0
DA:325,0
DA:326,0
DA:327,0
DA:329,0
DA:333,0
DA:334,0
DA:336,0
DA:337,0
DA:338,0
DA:340,0
DA:342,0
DA:343,0
DA:344,0
DA:346,0
DA:347,0
DA:350,0
DA:351,0
DA:352,0
DA:353,0
DA:354,0
DA:358,0
DA:367,0
DA:381,0
DA:391,0
DA:392,0
DA:395,0
DA:397,0
DA:398,0
DA:401,0
DA:402,0
DA:405,0
DA:406,0
DA:409,0
DA:410,0
DA:412,0
DA:416,0
DA:425,0
DA:426,0
DA:428,0
DA:434,0
DA:435,0
DA:436,0
DA:437,0
DA:438,0
DA:439,0
DA:440,0
DA:441,0
DA:442,0
DA:443,0
DA:444,0
DA:445,0
DA:446,0
DA:448,0
DA:457,0
DA:458,0
LF:131
LH:0
BRDA:83,0,0,0
BRDA:83,0,1,0
BRDA:118,1,0,0
BRDA:118,1,1,0
BRDA:150,2,0,0
BRDA:150,2,1,0
BRDA:163,3,0,0
BRDA:169,4,0,0
BRDA:169,4,1,0
BRDA:172,5,0,0
BRDA:172,5,1,0
BRDA:173,6,0,0
BRDA:173,6,1,0
BRDA:177,7,0,0
BRDA:177,7,1,0
BRDA:183,8,0,0
BRDA:183,8,1,0
BRDA:187,9,0,0
BRDA:187,9,1,0
BRDA:192,10,0,0
BRDA:192,10,1,0
BRDA:192,11,0,0
BRDA:192,11,1,0
BRDA:192,11,2,0
BRDA:192,11,3,0
BRDA:211,12,0,0
BRDA:227,13,0,0
BRDA:227,13,1,0
BRDA:229,14,0,0
BRDA:229,14,1,0
BRDA:258,15,0,0
BRDA:258,15,1,0
BRDA:261,16,0,0
BRDA:261,16,1,0
BRDA:265,17,0,0
BRDA:265,17,1,0
BRDA:276,18,0,0
BRDA:276,18,1,0
BRDA:277,19,0,0
BRDA:277,19,1,0
BRDA:277,20,0,0
BRDA:277,20,1,0
BRDA:280,21,0,0
BRDA:280,21,1,0
BRDA:281,22,0,0
BRDA:281,22,1,0
BRDA:281,23,0,0
BRDA:281,23,1,0
BRDA:290,24,0,0
BRDA:290,24,1,0
BRDA:291,25,0,0
BRDA:291,25,1,0
BRDA:291,26,0,0
BRDA:291,26,1,0
BRDA:293,27,0,0
BRDA:293,27,1,0
BRDA:294,28,0,0
BRDA:294,28,1,0
BRDA:294,29,0,0
BRDA:294,29,1,0
BRDA:302,30,0,0
BRDA:302,30,1,0
BRDA:302,31,0,0
BRDA:302,31,1,0
BRDA:303,32,0,0
BRDA:303,32,1,0
BRDA:303,33,0,0
BRDA:303,33,1,0
BRDA:315,34,0,0
BRDA:315,34,1,0
BRDA:316,35,0,0
BRDA:316,35,1,0
BRDA:319,36,0,0
BRDA:319,36,1,0
BRDA:320,37,0,0
BRDA:320,37,1,0
BRDA:324,38,0,0
BRDA:324,38,1,0
BRDA:324,39,0,0
BRDA:324,39,1,0
BRDA:326,40,0,0
BRDA:326,40,1,0
BRDA:326,41,0,0
BRDA:326,41,1,0
BRDA:334,42,0,0
BRDA:334,42,1,0
BRDA:334,43,0,0
BRDA:334,43,1,0
BRDA:336,44,0,0
BRDA:336,44,1,0
BRDA:337,45,0,0
BRDA:337,45,1,0
BRDA:337,46,0,0
BRDA:337,46,1,0
BRDA:340,47,0,0
BRDA:340,47,1,0
BRDA:344,48,0,0
BRDA:344,48,1,0
BRDA:350,49,0,0
BRDA:350,49,1,0
BRDA:367,50,0,0
BRDA:367,50,1,0
BRDA:367,50,2,0
BRDA:367,50,3,0
BRDA:367,50,4,0
BRDA:367,50,5,0
BRDA:367,50,6,0
BRDA:367,50,7,0
BRDA:391,51,0,0
BRDA:391,51,1,0
BRDA:396,52,0,0
BRDA:396,52,1,0
BRDA:397,53,0,0
BRDA:397,53,1,0
BRDA:397,54,0,0
BRDA:397,54,1,0
BRDA:397,54,2,0
BRDA:398,55,0,0
BRDA:398,55,1,0
BRDA:400,56,0,0
BRDA:400,56,1,0
BRDA:401,57,0,0
BRDA:401,57,1,0
BRDA:401,58,0,0
BRDA:401,58,1,0
BRDA:401,58,2,0
BRDA:402,59,0,0
BRDA:402,59,1,0
BRDA:404,60,0,0
BRDA:404,60,1,0
BRDA:405,61,0,0
BRDA:405,61,1,0
BRDA:405,62,0,0
BRDA:405,62,1,0
BRDA:405,62,2,0
BRDA:406,63,0,0
BRDA:406,63,1,0
BRDA:408,64,0,0
BRDA:408,64,1,0
BRDA:409,65,0,0
BRDA:409,65,1,0
BRDA:409,66,0,0
BRDA:409,66,1,0
BRDA:409,66,2,0
BRDA:410,67,0,0
BRDA:410,67,1,0
BRDA:412,68,0,0
BRDA:412,68,1,0
BRDA:412,69,0,0
BRDA:412,69,1,0
BRDA:413,70,0,0
BRDA:413,70,1,0
BRDA:425,71,0,0
BRDA:425,71,1,0
BRDA:425,72,0,0
BRDA:425,72,1,0
BRDA:426,73,0,0
BRDA:426,73,1,0
BRDA:430,74,0,0
BRDA:430,74,1,0
BRDA:434,75,0,0
BRDA:434,75,1,0
BRDA:434,76,0,0
BRDA:434,76,1,0
BRDA:435,77,0,0
BRDA:435,77,1,0
BRDA:435,78,0,0
BRDA:435,78,1,0
BRDA:436,79,0,0
BRDA:436,79,1,0
BRDA:436,80,0,0
BRDA:436,80,1,0
BRDA:437,81,0,0
BRDA:437,81,1,0
BRDA:437,82,0,0
BRDA:437,82,1,0
BRDA:438,83,0,0
BRDA:438,83,1,0
BRDA:438,84,0,0
BRDA:438,84,1,0
BRDA:439,85,0,0
BRDA:439,85,1,0
BRDA:440,86,0,0
BRDA:440,86,1,0
BRDA:441,87,0,0
BRDA:441,87,1,0
BRDA:441,88,0,0
BRDA:441,88,1,0
BRDA:442,89,0,0
BRDA:442,89,1,0
BRDA:443,90,0,0
BRDA:443,90,1,0
BRDA:444,91,0,0
BRDA:444,91,1,0
BRDA:444,92,0,0
BRDA:444,92,1,0
BRDA:445,93,0,0
BRDA:445,93,1,0
BRDA:446,94,0,0
BRDA:446,94,1,0
BRDA:457,95,0,0
BRDA:457,95,1,0
BRDA:458,96,0,0
BRDA:458,96,1,0
BRDA:458,97,0,0
BRDA:458,97,1,0
BRDA:458,98,0,0
BRDA:458,98,1,0
BRDA:458,99,0,0
BRDA:458,99,1,0
BRF:210
BRH:0
end_of_record
